<?xml version="1.0" encoding="UTF-8"?>
<testsuite xmlns:xsi="http://www.w3.org/2001/XMLSchema-instance" xsi:noNamespaceSchemaLocation="https://maven.apache.org/surefire/maven-surefire-plugin/xsd/surefire-test-report-3.0.xsd" version="3.0" name="kr.co.librarylyh.controller.BookListControllerTests" time="3.033" tests="1" errors="1" skipped="0" failures="0">
  <properties>
[...]
</properties>
  <testcase name="testAddBook" classname="kr.co.librarylyh.controller.BookListControllerTests" time="0.003">
    <error message="Failed to load ApplicationContext" type="java.lang.IllegalStateException"><![CDATA[java.lang.IllegalStateException: Failed to load ApplicationContext
	at org.springframework.test.context.cache.DefaultCacheAwareContextLoaderDelegate.loadContext(DefaultCacheAwareContextLoaderDelegate.java:125)
	at org.springframework.test.context.support.DefaultTestContext.getApplicationContext(DefaultTestContext.java:108)
	at org.springframework.test.context.support.DependencyInjectionTestExecutionListener.injectDependencies(DependencyInjectionTestExecutionListener.java:117)
	at org.springframework.test.context.support.DependencyInjectionTestExecutionListener.prepareTestInstance(DependencyInjectionTestExecutionListener.java:83)
	at org.springframework.test.context.TestContextManager.prepareTestInstance(TestContextManager.java:246)
	at org.springframework.test.context.junit4.SpringJUnit4ClassRunner.createTest(SpringJUnit4ClassRunner.java:227)
	at org.springframework.test.context.junit4.SpringJUnit4ClassRunner$1.runReflectiveCall(SpringJUnit4ClassRunner.java:289)
	at org.junit.internal.runners.model.ReflectiveCallable.run(ReflectiveCallable.java:12)
	at org.springframework.test.context.junit4.SpringJUnit4ClassRunner.methodBlock(SpringJUnit4ClassRunner.java:291)
	at org.springframework.test.context.junit4.SpringJUnit4ClassRunner.runChild(SpringJUnit4ClassRunner.java:246)
	at org.springframework.test.context.junit4.SpringJUnit4ClassRunner.runChild(SpringJUnit4ClassRunner.java:97)
	at org.junit.runners.ParentRunner$3.run(ParentRunner.java:290)
	at org.junit.runners.ParentRunner$1.schedule(ParentRunner.java:71)
	at org.junit.runners.ParentRunner.runChildren(ParentRunner.java:288)
	at org.junit.runners.ParentRunner.access$000(ParentRunner.java:58)
	at org.junit.runners.ParentRunner$2.evaluate(ParentRunner.java:268)
	at org.springframework.test.context.junit4.statements.RunBeforeTestClassCallbacks.evaluate(RunBeforeTestClassCallbacks.java:61)
	at org.springframework.test.context.junit4.statements.RunAfterTestClassCallbacks.evaluate(RunAfterTestClassCallbacks.java:70)
	at org.junit.runners.ParentRunner.run(ParentRunner.java:363)
	at org.springframework.test.context.junit4.SpringJUnit4ClassRunner.run(SpringJUnit4ClassRunner.java:190)
	at org.apache.maven.surefire.junit4.JUnit4Provider.execute(JUnit4Provider.java:316)
	at org.apache.maven.surefire.junit4.JUnit4Provider.executeWithRerun(JUnit4Provider.java:240)
	at org.apache.maven.surefire.junit4.JUnit4Provider.executeTestSet(JUnit4Provider.java:214)
	at org.apache.maven.surefire.junit4.JUnit4Provider.invoke(JUnit4Provider.java:155)
	at org.apache.maven.surefire.booter.ForkedBooter.runSuitesInProcess(ForkedBooter.java:385)
	at org.apache.maven.surefire.booter.ForkedBooter.execute(ForkedBooter.java:162)
	at org.apache.maven.surefire.booter.ForkedBooter.run(ForkedBooter.java:507)
	at org.apache.maven.surefire.booter.ForkedBooter.main(ForkedBooter.java:495)
Caused by: org.springframework.beans.factory.BeanCreationException: Error creating bean with name 'org.springframework.web.servlet.resource.ResourceHttpRequestHandler#0': Invocation of init method failed; nested exception is java.lang.IllegalStateException: WebApplicationObjectSupport instance [ResourceHttpRequestHandler [locations=[class path resource [resources/]], resolvers=[org.springframework.web.servlet.resource.PathResourceResolver@3f0ce0d1]]] does not run in a WebApplicationContext but in: org.springframework.context.support.GenericApplicationContext@30d4b288: startup date [Mon Sep 23 17:46:06 KST 2024]; root of context hierarchy
	at org.springframework.beans.factory.support.AbstractAutowireCapableBeanFactory.initializeBean(AbstractAutowireCapableBeanFactory.java:1708)
	at org.springframework.beans.factory.support.AbstractAutowireCapableBeanFactory.doCreateBean(AbstractAutowireCapableBeanFactory.java:581)
	at org.springframework.beans.factory.support.AbstractAutowireCapableBeanFactory.createBean(AbstractAutowireCapableBeanFactory.java:503)
	at org.springframework.beans.factory.support.AbstractBeanFactory.lambda$doGetBean$0(AbstractBeanFactory.java:317)
	at org.springframework.beans.factory.support.DefaultSingletonBeanRegistry.getSingleton(DefaultSingletonBeanRegistry.java:222)
	at org.springframework.beans.factory.support.AbstractBeanFactory.doGetBean(AbstractBeanFactory.java:315)
	at org.springframework.beans.factory.support.AbstractBeanFactory.getBean(AbstractBeanFactory.java:199)
	at org.springframework.beans.factory.support.DefaultListableBeanFactory.preInstantiateSingletons(DefaultListableBeanFactory.java:760)
	at org.springframework.context.support.AbstractApplicationContext.finishBeanFactoryInitialization(AbstractApplicationContext.java:869)
	at org.springframework.context.support.AbstractApplicationContext.refresh(AbstractApplicationContext.java:550)
	at org.springframework.test.context.support.AbstractGenericContextLoader.loadContext(AbstractGenericContextLoader.java:128)
	at org.springframework.test.context.support.AbstractGenericContextLoader.loadContext(AbstractGenericContextLoader.java:60)
	at org.springframework.test.context.support.AbstractDelegatingSmartContextLoader.delegateLoading(AbstractDelegatingSmartContextLoader.java:107)
	at org.springframework.test.context.support.AbstractDelegatingSmartContextLoader.loadContext(AbstractDelegatingSmartContextLoader.java:243)
	at org.springframework.test.context.cache.DefaultCacheAwareContextLoaderDelegate.loadContextInternal(DefaultCacheAwareContextLoaderDelegate.java:99)
	at org.springframework.test.context.cache.DefaultCacheAwareContextLoaderDelegate.loadContext(DefaultCacheAwareContextLoaderDelegate.java:117)
	... 27 more
Caused by: java.lang.IllegalStateException: WebApplicationObjectSupport instance [ResourceHttpRequestHandler [locations=[class path resource [resources/]], resolvers=[org.springframework.web.servlet.resource.PathResourceResolver@3f0ce0d1]]] does not run in a WebApplicationContext but in: org.springframework.context.support.GenericApplicationContext@30d4b288: startup date [Mon Sep 23 17:46:06 KST 2024]; root of context hierarchy
	at org.springframework.web.context.support.WebApplicationObjectSupport.getWebApplicationContext(WebApplicationObjectSupport.java:114)
	at org.springframework.web.context.support.WebApplicationObjectSupport.getServletContext(WebApplicationObjectSupport.java:133)
	at org.springframework.web.servlet.resource.ResourceHttpRequestHandler.initContentNegotiationStrategy(ResourceHttpRequestHandler.java:416)
	at org.springframework.web.servlet.resource.ResourceHttpRequestHandler.afterPropertiesSet(ResourceHttpRequestHandler.java:334)
	at org.springframework.beans.factory.support.AbstractAutowireCapableBeanFactory.invokeInitMethods(AbstractAutowireCapableBeanFactory.java:1767)
	at org.springframework.beans.factory.support.AbstractAutowireCapableBeanFactory.initializeBean(AbstractAutowireCapableBeanFactory.java:1704)
	... 42 more
]]></error>
    <system-out><![CDATA[ DEBUG org.springframework.test.context.junit4.SpringJUnit4ClassRunner(<init>139) - SpringJUnit4ClassRunner constructor called with [class kr.co.librarylyh.controller.BookListControllerTests]
 DEBUG org.springframework.test.context.BootstrapUtils(createCacheAwareContextLoaderDelegate97) - Instantiating CacheAwareContextLoaderDelegate from class [org.springframework.test.context.cache.DefaultCacheAwareContextLoaderDelegate]
 DEBUG org.springframework.test.context.BootstrapUtils(createBootstrapContext80) - Instantiating BootstrapContext using constructor [public org.springframework.test.context.support.DefaultBootstrapContext(java.lang.Class,org.springframework.test.context.CacheAwareContextLoaderDelegate)]
 DEBUG org.springframework.test.context.BootstrapUtils(resolveTestContextBootstrapper133) - Instantiating TestContextBootstrapper for test class [kr.co.librarylyh.controller.BookListControllerTests] from class [org.springframework.test.context.support.DefaultTestContextBootstrapper]
 DEBUG org.springframework.test.context.support.AbstractDelegatingSmartContextLoader(delegateProcessing95) - Delegating to GenericXmlContextLoader to process context configuration [ContextConfigurationAttributes@5b529706 declaringClass = 'kr.co.librarylyh.controller.BookListControllerTests', classes = '{}', locations = '{file:src/main/webapp/WEB-INF/spring/root-context.xml, file:src/main/webapp/WEB-INF/spring/appServlet/servlet-context.xml}', inheritLocations = true, initializers = '{}', inheritInitializers = true, name = [null], contextLoaderClass = 'org.springframework.test.context.ContextLoader'].
 DEBUG org.springframework.test.context.support.ActiveProfilesUtils(resolveActiveProfiles79) - Could not find an 'annotation declaring class' for annotation type [org.springframework.test.context.ActiveProfiles] and class [kr.co.librarylyh.controller.BookListControllerTests]
 DEBUG org.springframework.test.context.support.DefaultTestContextBootstrapper(getTestExecutionListeners125) - @TestExecutionListeners is not present for class [kr.co.librarylyh.controller.BookListControllerTests]: using defaults.
 INFO  org.springframework.test.context.support.DefaultTestContextBootstrapper(getDefaultTestExecutionListenerClassNames248) - Loaded default TestExecutionListener class names from location [META-INF/spring.factories]: [org.springframework.test.context.web.ServletTestExecutionListener, org.springframework.test.context.support.DirtiesContextBeforeModesTestExecutionListener, org.springframework.test.context.support.DependencyInjectionTestExecutionListener, org.springframework.test.context.support.DirtiesContextTestExecutionListener, org.springframework.test.context.transaction.TransactionalTestExecutionListener, org.springframework.test.context.jdbc.SqlScriptsTestExecutionListener]
 INFO  org.springframework.test.context.support.DefaultTestContextBootstrapper(getTestExecutionListeners177) - Using TestExecutionListeners: [org.springframework.test.context.web.ServletTestExecutionListener@2313052e, org.springframework.test.context.support.DirtiesContextBeforeModesTestExecutionListener@2bd2b28e, org.springframework.test.context.support.DependencyInjectionTestExecutionListener@16746061, org.springframework.test.context.support.DirtiesContextTestExecutionListener@57fd91c9, org.springframework.test.context.transaction.TransactionalTestExecutionListener@6cfcd46d, org.springframework.test.context.jdbc.SqlScriptsTestExecutionListener@52045dbe]
 DEBUG org.springframework.test.annotation.ProfileValueUtils(retrieveProfileValueSource70) - Retrieved @ProfileValueSourceConfiguration [null] for test class [kr.co.librarylyh.controller.BookListControllerTests]
 DEBUG org.springframework.test.annotation.ProfileValueUtils(retrieveProfileValueSource83) - Retrieved ProfileValueSource type [class org.springframework.test.annotation.SystemProfileValueSource] for class [kr.co.librarylyh.controller.BookListControllerTests]
 DEBUG org.springframework.test.annotation.ProfileValueUtils(retrieveProfileValueSource70) - Retrieved @ProfileValueSourceConfiguration [null] for test class [kr.co.librarylyh.controller.BookListControllerTests]
 DEBUG org.springframework.test.annotation.ProfileValueUtils(retrieveProfileValueSource83) - Retrieved ProfileValueSource type [class org.springframework.test.annotation.SystemProfileValueSource] for class [kr.co.librarylyh.controller.BookListControllerTests]
 DEBUG org.springframework.test.annotation.ProfileValueUtils(retrieveProfileValueSource70) - Retrieved @ProfileValueSourceConfiguration [null] for test class [kr.co.librarylyh.controller.BookListControllerTests]
 DEBUG org.springframework.test.annotation.ProfileValueUtils(retrieveProfileValueSource83) - Retrieved ProfileValueSource type [class org.springframework.test.annotation.SystemProfileValueSource] for class [kr.co.librarylyh.controller.BookListControllerTests]
 DEBUG org.springframework.test.context.support.AbstractDirtiesContextTestExecutionListener(beforeOrAfterTestClass142) - Before test class: context [DefaultTestContext@201b6b6f testClass = BookListControllerTests, testInstance = [null], testMethod = [null], testException = [null], mergedContextConfiguration = [MergedContextConfiguration@75459c75 testClass = BookListControllerTests, locations = '{file:src/main/webapp/WEB-INF/spring/root-context.xml, file:src/main/webapp/WEB-INF/spring/appServlet/servlet-context.xml}', classes = '{}', contextInitializerClasses = '[]', activeProfiles = '{}', propertySourceLocations = '{}', propertySourceProperties = '{}', contextCustomizers = set[[empty]], contextLoader = 'org.springframework.test.context.support.DelegatingSmartContextLoader', parent = [null]], attributes = map[[empty]]], class annotated with @DirtiesContext [false] with mode [null].
 DEBUG org.springframework.test.annotation.ProfileValueUtils(retrieveProfileValueSource70) - Retrieved @ProfileValueSourceConfiguration [null] for test class [kr.co.librarylyh.controller.BookListControllerTests]
 DEBUG org.springframework.test.annotation.ProfileValueUtils(retrieveProfileValueSource83) - Retrieved ProfileValueSource type [class org.springframework.test.annotation.SystemProfileValueSource] for class [kr.co.librarylyh.controller.BookListControllerTests]
 DEBUG org.springframework.test.context.support.DependencyInjectionTestExecutionListener(prepareTestInstance81) - Performing dependency injection for test context [[DefaultTestContext@201b6b6f testClass = BookListControllerTests, testInstance = kr.co.librarylyh.controller.BookListControllerTests@79145d5a, testMethod = [null], testException = [null], mergedContextConfiguration = [MergedContextConfiguration@75459c75 testClass = BookListControllerTests, locations = '{file:src/main/webapp/WEB-INF/spring/root-context.xml, file:src/main/webapp/WEB-INF/spring/appServlet/servlet-context.xml}', classes = '{}', contextInitializerClasses = '[]', activeProfiles = '{}', propertySourceLocations = '{}', propertySourceProperties = '{}', contextCustomizers = set[[empty]], contextLoader = 'org.springframework.test.context.support.DelegatingSmartContextLoader', parent = [null]], attributes = map[[empty]]]].
 DEBUG org.springframework.test.context.support.AbstractDelegatingSmartContextLoader(delegateLoading105) - Delegating to GenericXmlContextLoader to load context from [MergedContextConfiguration@75459c75 testClass = BookListControllerTests, locations = '{file:src/main/webapp/WEB-INF/spring/root-context.xml, file:src/main/webapp/WEB-INF/spring/appServlet/servlet-context.xml}', classes = '{}', contextInitializerClasses = '[]', activeProfiles = '{}', propertySourceLocations = '{}', propertySourceProperties = '{}', contextCustomizers = set[[empty]], contextLoader = 'org.springframework.test.context.support.DelegatingSmartContextLoader', parent = [null]].
 DEBUG org.springframework.test.context.support.AbstractGenericContextLoader(loadContext109) - Loading ApplicationContext for merged context configuration [[MergedContextConfiguration@75459c75 testClass = BookListControllerTests, locations = '{file:src/main/webapp/WEB-INF/spring/root-context.xml, file:src/main/webapp/WEB-INF/spring/appServlet/servlet-context.xml}', classes = '{}', contextInitializerClasses = '[]', activeProfiles = '{}', propertySourceLocations = '{}', propertySourceProperties = '{}', contextCustomizers = set[[empty]], contextLoader = 'org.springframework.test.context.support.DelegatingSmartContextLoader', parent = [null]]].
 DEBUG org.springframework.core.env.StandardEnvironment(addLast109) - Adding PropertySource 'systemProperties' with lowest search precedence
 DEBUG org.springframework.core.env.StandardEnvironment(addLast109) - Adding PropertySource 'systemEnvironment' with lowest search precedence
 DEBUG org.springframework.core.env.StandardEnvironment(<init>125) - Initialized StandardEnvironment with PropertySources [MapPropertySource@1959451969 {name='systemProperties', properties={sun.desktop=windows, awt.toolkit=sun.awt.windows.WToolkit, java.specification.version=11, sun.cpu.isalist=amd64, sun.jnu.encoding=MS949, java.class.path=D:\workspace\Library\Library\target\test-classes;D:\workspace\Library\Library\target\classes;C:\Users\user\.m2\repository\org\springframework\spring-context\5.0.7.RELEASE\spring-context-5.0.7.RELEASE.jar;C:\Users\user\.m2\repository\org\springframework\spring-aop\5.0.7.RELEASE\spring-aop-5.0.7.RELEASE.jar;C:\Users\user\.m2\repository\org\springframework\spring-beans\5.0.7.RELEASE\spring-beans-5.0.7.RELEASE.jar;C:\Users\user\.m2\repository\org\springframework\spring-core\5.0.7.RELEASE\spring-core-5.0.7.RELEASE.jar;C:\Users\user\.m2\repository\org\springframework\spring-jcl\5.0.7.RELEASE\spring-jcl-5.0.7.RELEASE.jar;C:\Users\user\.m2\repository\org\springframework\spring-expression\5.0.7.RELEASE\spring-expression-5.0.7.RELEASE.jar;C:\Users\user\.m2\repository\org\springframework\spring-webmvc\5.0.7.RELEASE\spring-webmvc-5.0.7.RELEASE.jar;C:\Users\user\.m2\repository\org\springframework\spring-web\5.0.7.RELEASE\spring-web-5.0.7.RELEASE.jar;C:\Users\user\.m2\repository\com\fasterxml\jackson\core\jackson-databind\2.9.4\jackson-databind-2.9.4.jar;C:\Users\user\.m2\repository\com\fasterxml\jackson\core\jackson-annotations\2.9.0\jackson-annotations-2.9.0.jar;C:\Users\user\.m2\repository\com\fasterxml\jackson\core\jackson-core\2.9.4\jackson-core-2.9.4.jar;C:\Users\user\.m2\repository\com\fasterxml\jackson\dataformat\jackson-dataformat-xml\2.9.6\jackson-dataformat-xml-2.9.6.jar;C:\Users\user\.m2\repository\com\fasterxml\jackson\module\jackson-module-jaxb-annotations\2.9.6\jackson-module-jaxb-annotations-2.9.6.jar;C:\Users\user\.m2\repository\org\codehaus\woodstox\stax2-api\3.1.4\stax2-api-3.1.4.jar;C:\Users\user\.m2\repository\com\fasterxml\woodstox\woodstox-core\5.0.3\woodstox-core-5.0.3.jar;C:\Users\user\.m2\repository\com\google\code\gson\gson\2.8.2\gson-2.8.2.jar;C:\Users\user\.m2\repository\org\springframework\spring-test\5.0.7.RELEASE\spring-test-5.0.7.RELEASE.jar;C:\Users\user\.m2\repository\org\projectlombok\lombok\1.18.24\lombok-1.18.24.jar;C:\Users\user\.m2\repository\com\oracle\database\jdbc\ojdbc8\23.2.0.0\ojdbc8-23.2.0.0.jar;C:\Users\user\.m2\repository\com\zaxxer\HikariCP\2.7.9\HikariCP-2.7.9.jar;C:\Users\user\.m2\repository\org\slf4j\slf4j-api\1.7.25\slf4j-api-1.7.25.jar;C:\Users\user\.m2\repository\org\mybatis\mybatis\3.4.6\mybatis-3.4.6.jar;C:\Users\user\.m2\repository\org\mybatis\mybatis-spring\1.3.3\mybatis-spring-1.3.3.jar;C:\Users\user\.m2\repository\org\springframework\spring-tx\5.0.7.RELEASE\spring-tx-5.0.7.RELEASE.jar;C:\Users\user\.m2\repository\org\springframework\spring-jdbc\5.0.7.RELEASE\spring-jdbc-5.0.7.RELEASE.jar;C:\Users\user\.m2\repository\org\bgee\log4jdbc-log4j2\log4jdbc-log4j2-jdbc4\1.16\log4jdbc-log4j2-jdbc4-1.16.jar;C:\Users\user\.m2\repository\org\aspectj\aspectjrt\1.9.0\aspectjrt-1.9.0.jar;C:\Users\user\.m2\repository\org\aspectj\aspectjweaver\1.9.0\aspectjweaver-1.9.0.jar;C:\Users\user\.m2\repository\org\apache\logging\log4j\log4j-api\2.18.0\log4j-api-2.18.0.jar;C:\Users\user\.m2\repository\org\apache\logging\log4j\log4j-core\2.18.0\log4j-core-2.18.0.jar;C:\Users\user\.m2\repository\org\apache\logging\log4j\log4j-slf4j-impl\2.18.0\log4j-slf4j-impl-2.18.0.jar;C:\Users\user\.m2\repository\javax\inject\javax.inject\1\javax.inject-1.jar;C:\Users\user\.m2\repository\net\coobird\thumbnailator\0.4.8\thumbnailator-0.4.8.jar;C:\Users\user\.m2\repository\javax\servlet\javax.servlet-api\3.1.0\javax.servlet-api-3.1.0.jar;C:\Users\user\.m2\repository\javax\servlet\jsp\jsp-api\2.1\jsp-api-2.1.jar;C:\Users\user\.m2\repository\javax\servlet\jstl\1.2\jstl-1.2.jar;C:\Users\user\.m2\repository\junit\junit\4.12\junit-4.12.jar;C:\Users\user\.m2\repository\org\hamcrest\hamcrest-core\1.3\hamcrest-core-1.3.jar;C:\Users\user\.m2\repository\org\quartz-scheduler\quartz\2.3.0\quartz-2.3.0.jar;C:\Users\user\.m2\repository\com\mchange\c3p0\0.9.5.2\c3p0-0.9.5.2.jar;C:\Users\user\.m2\repository\com\mchange\mchange-commons-java\0.2.11\mchange-commons-java-0.2.11.jar;C:\Users\user\.m2\repository\com\zaxxer\HikariCP-java6\2.3.13\HikariCP-java6-2.3.13.jar;C:\Users\user\.m2\repository\org\quartz-scheduler\quartz-jobs\2.3.0\quartz-jobs-2.3.0.jar;C:\Users\user\.m2\repository\commons-fileupload\commons-fileupload\1.3.3\commons-fileupload-1.3.3.jar;C:\Users\user\.m2\repository\commons-io\commons-io\2.2\commons-io-2.2.jar;, java.vm.vendor=Eclipse Adoptium, sun.arch.data.model=64, user.variant=, java.vendor.url=https://adoptium.net/, user.timezone=Asia/Seoul, os.name=Windows 10, java.vm.specification.version=11, sun.java.launcher=SUN_STANDARD, user.country=KR, sun.boot.library.path=D:\JDK\temurin-11.0.24\bin, sun.java.command=C:\Users\user\AppData\Local\Temp\surefire16523614096664670160\surefirebooter-20240923174604044_3.jar C:\Users\user\AppData\Local\Temp\surefire16523614096664670160 2024-09-23T17-46-03_207-jvmRun1 surefire-20240923174604044_1tmp surefire_0-20240923174604044_2tmp, jdk.debug=release, surefire.test.class.path=D:\workspace\Library\Library\target\test-classes;D:\workspace\Library\Library\target\classes;C:\Users\user\.m2\repository\org\springframework\spring-context\5.0.7.RELEASE\spring-context-5.0.7.RELEASE.jar;C:\Users\user\.m2\repository\org\springframework\spring-aop\5.0.7.RELEASE\spring-aop-5.0.7.RELEASE.jar;C:\Users\user\.m2\repository\org\springframework\spring-beans\5.0.7.RELEASE\spring-beans-5.0.7.RELEASE.jar;C:\Users\user\.m2\repository\org\springframework\spring-core\5.0.7.RELEASE\spring-core-5.0.7.RELEASE.jar;C:\Users\user\.m2\repository\org\springframework\spring-jcl\5.0.7.RELEASE\spring-jcl-5.0.7.RELEASE.jar;C:\Users\user\.m2\repository\org\springframework\spring-expression\5.0.7.RELEASE\spring-expression-5.0.7.RELEASE.jar;C:\Users\user\.m2\repository\org\springframework\spring-webmvc\5.0.7.RELEASE\spring-webmvc-5.0.7.RELEASE.jar;C:\Users\user\.m2\repository\org\springframework\spring-web\5.0.7.RELEASE\spring-web-5.0.7.RELEASE.jar;C:\Users\user\.m2\repository\com\fasterxml\jackson\core\jackson-databind\2.9.4\jackson-databind-2.9.4.jar;C:\Users\user\.m2\repository\com\fasterxml\jackson\core\jackson-annotations\2.9.0\jackson-annotations-2.9.0.jar;C:\Users\user\.m2\repository\com\fasterxml\jackson\core\jackson-core\2.9.4\jackson-core-2.9.4.jar;C:\Users\user\.m2\repository\com\fasterxml\jackson\dataformat\jackson-dataformat-xml\2.9.6\jackson-dataformat-xml-2.9.6.jar;C:\Users\user\.m2\repository\com\fasterxml\jackson\module\jackson-module-jaxb-annotations\2.9.6\jackson-module-jaxb-annotations-2.9.6.jar;C:\Users\user\.m2\repository\org\codehaus\woodstox\stax2-api\3.1.4\stax2-api-3.1.4.jar;C:\Users\user\.m2\repository\com\fasterxml\woodstox\woodstox-core\5.0.3\woodstox-core-5.0.3.jar;C:\Users\user\.m2\repository\com\google\code\gson\gson\2.8.2\gson-2.8.2.jar;C:\Users\user\.m2\repository\org\springframework\spring-test\5.0.7.RELEASE\spring-test-5.0.7.RELEASE.jar;C:\Users\user\.m2\repository\org\projectlombok\lombok\1.18.24\lombok-1.18.24.jar;C:\Users\user\.m2\repository\com\oracle\database\jdbc\ojdbc8\23.2.0.0\ojdbc8-23.2.0.0.jar;C:\Users\user\.m2\repository\com\zaxxer\HikariCP\2.7.9\HikariCP-2.7.9.jar;C:\Users\user\.m2\repository\org\slf4j\slf4j-api\1.7.25\slf4j-api-1.7.25.jar;C:\Users\user\.m2\repository\org\mybatis\mybatis\3.4.6\mybatis-3.4.6.jar;C:\Users\user\.m2\repository\org\mybatis\mybatis-spring\1.3.3\mybatis-spring-1.3.3.jar;C:\Users\user\.m2\repository\org\springframework\spring-tx\5.0.7.RELEASE\spring-tx-5.0.7.RELEASE.jar;C:\Users\user\.m2\repository\org\springframework\spring-jdbc\5.0.7.RELEASE\spring-jdbc-5.0.7.RELEASE.jar;C:\Users\user\.m2\repository\org\bgee\log4jdbc-log4j2\log4jdbc-log4j2-jdbc4\1.16\log4jdbc-log4j2-jdbc4-1.16.jar;C:\Users\user\.m2\repository\org\aspectj\aspectjrt\1.9.0\aspectjrt-1.9.0.jar;C:\Users\user\.m2\repository\org\aspectj\aspectjweaver\1.9.0\aspectjweaver-1.9.0.jar;C:\Users\user\.m2\repository\org\apache\logging\log4j\log4j-api\2.18.0\log4j-api-2.18.0.jar;C:\Users\user\.m2\repository\org\apache\logging\log4j\log4j-core\2.18.0\log4j-core-2.18.0.jar;C:\Users\user\.m2\repository\org\apache\logging\log4j\log4j-slf4j-impl\2.18.0\log4j-slf4j-impl-2.18.0.jar;C:\Users\user\.m2\repository\javax\inject\javax.inject\1\javax.inject-1.jar;C:\Users\user\.m2\repository\net\coobird\thumbnailator\0.4.8\thumbnailator-0.4.8.jar;C:\Users\user\.m2\repository\javax\servlet\javax.servlet-api\3.1.0\javax.servlet-api-3.1.0.jar;C:\Users\user\.m2\repository\javax\servlet\jsp\jsp-api\2.1\jsp-api-2.1.jar;C:\Users\user\.m2\repository\javax\servlet\jstl\1.2\jstl-1.2.jar;C:\Users\user\.m2\repository\junit\junit\4.12\junit-4.12.jar;C:\Users\user\.m2\repository\org\hamcrest\hamcrest-core\1.3\hamcrest-core-1.3.jar;C:\Users\user\.m2\repository\org\quartz-scheduler\quartz\2.3.0\quartz-2.3.0.jar;C:\Users\user\.m2\repository\com\mchange\c3p0\0.9.5.2\c3p0-0.9.5.2.jar;C:\Users\user\.m2\repository\com\mchange\mchange-commons-java\0.2.11\mchange-commons-java-0.2.11.jar;C:\Users\user\.m2\repository\com\zaxxer\HikariCP-java6\2.3.13\HikariCP-java6-2.3.13.jar;C:\Users\user\.m2\repository\org\quartz-scheduler\quartz-jobs\2.3.0\quartz-jobs-2.3.0.jar;C:\Users\user\.m2\repository\commons-fileupload\commons-fileupload\1.3.3\commons-fileupload-1.3.3.jar;C:\Users\user\.m2\repository\commons-io\commons-io\2.2\commons-io-2.2.jar;, sun.cpu.endian=little, user.home=C:\Users\user, user.language=ko, java.specification.vendor=Oracle Corporation, java.version.date=2024-07-16, java.home=D:\JDK\temurin-11.0.24, file.separator=\, basedir=D:\workspace\Library\Library, java.vm.compressedOopsMode=Zero based, line.separator=
, java.specification.name=Java Platform API Specification, java.vm.specification.vendor=Oracle Corporation, java.awt.graphicsenv=sun.awt.Win32GraphicsEnvironment, surefire.real.class.path=C:\Users\user\AppData\Local\Temp\surefire16523614096664670160\surefirebooter-20240923174604044_3.jar, user.script=, sun.management.compiler=HotSpot 64-Bit Tiered Compilers, java.runtime.version=11.0.24+8, user.name=user, path.separator=;, os.version=10.0, java.runtime.name=OpenJDK Runtime Environment, file.encoding=MS949, java.vm.name=OpenJDK 64-Bit Server VM, java.vendor.version=Temurin-11.0.24+8, localRepository=C:\Users\user\.m2\repository, java.vendor.url.bug=https://github.com/adoptium/adoptium-support/issues, java.io.tmpdir=C:\Users\user\AppData\Local\Temp\, idea.version=2024.2.1, java.version=11.0.24, user.dir=D:\workspace\Library\Library, os.arch=amd64, java.vm.specification.name=Java Virtual Machine Specification, java.awt.printerjob=sun.awt.windows.WPrinterJob, sun.os.patch.level=, java.library.path=D:\JDK\temurin-11.0.24\bin;C:\Windows\Sun\Java\bin;C:\Windows\system32;C:\Windows;D:\OracleXE\app\oracle\product\11.2.0\server\bin;;C:\Program Files\Common Files\Oracle\Java\javapath;C:\Program Files (x86)\Razer Chroma SDK\bin;C:\Program Files\Razer Chroma SDK\bin;C:\Program Files (x86)\Razer\ChromaBroadcast\bin;C:\Program Files\Razer\ChromaBroadcast\bin;C:\Program Files (x86)\NAT Service;C:\Windows\system32;C:\Windows;C:\Windows\System32\Wbem;C:\Windows\System32\WindowsPowerShell\v1.0\;C:\Windows\System32\OpenSSH\;C:\Program Files\Bandizip\;C:\Program Files (x86)\NVIDIA Corporation\PhysX\Common;C:\Program Files (x86)\Intel\Intel(R) Management Engine Components\DAL;C:\Program Files\Intel\Intel(R) Management Engine Components\DAL;C:\Program Files\NVIDIA Corporation\NVIDIA NvDLISR;C:\Program Files\dotnet\;C:\Windows\system32\config\systemprofile\AppData\Local\Microsoft\WindowsApps;C:\Program Files\Git\cmd;C:\Program Files\Java\jdk-17\bin\;D:\Gradle\bin;C:\ProgramData\chocolatey\bin;E:\Program Files\nodejs\;E:\Program Files\nodejs;C:\Users\user\AppData\Local\Programs\Python\Python312\Scripts\;C:\Users\user\AppData\Local\Programs\Python\Python312\;E:\Program Files\IntelliJ IDEA 2024.1.4\bin;C:\Users\user\AppData\Local\JetBrains\Toolbox\scripts;E:\Program Files\IntelliJ IDEA 2024.2.1\bin;C:\Users\user\AppData\Roaming\npm;., java.vm.info=mixed mode, java.vendor=Eclipse Adoptium, java.vm.version=11.0.24+8, java.specification.maintenance.version=2, sun.io.unicode.encoding=UnicodeLittle, java.class.version=55.0}}, SystemEnvironmentPropertySource@777313177 {name='systemEnvironment', properties={PATH=D:\OracleXE\app\oracle\product\11.2.0\server\bin;;C:\Program Files\Common Files\Oracle\Java\javapath;C:\Program Files (x86)\Razer Chroma SDK\bin;C:\Program Files\Razer Chroma SDK\bin;C:\Program Files (x86)\Razer\ChromaBroadcast\bin;C:\Program Files\Razer\ChromaBroadcast\bin;C:\Program Files (x86)\NAT Service;C:\Windows\system32;C:\Windows;C:\Windows\System32\Wbem;C:\Windows\System32\WindowsPowerShell\v1.0\;C:\Windows\System32\OpenSSH\;C:\Program Files\Bandizip\;C:\Program Files (x86)\NVIDIA Corporation\PhysX\Common;C:\Program Files (x86)\Intel\Intel(R) Management Engine Components\DAL;C:\Program Files\Intel\Intel(R) Management Engine Components\DAL;C:\Program Files\NVIDIA Corporation\NVIDIA NvDLISR;C:\Program Files\dotnet\;C:\Windows\system32\config\systemprofile\AppData\Local\Microsoft\WindowsApps;C:\Program Files\Git\cmd;C:\Program Files\Java\jdk-17\bin\;D:\Gradle\bin;C:\ProgramData\chocolatey\bin;E:\Program Files\nodejs\;E:\Program Files\nodejs;C:\Users\user\AppData\Local\Programs\Python\Python312\Scripts\;C:\Users\user\AppData\Local\Programs\Python\Python312\;E:\Program Files\IntelliJ IDEA 2024.1.4\bin;C:\Users\user\AppData\Local\JetBrains\Toolbox\scripts;E:\Program Files\IntelliJ IDEA 2024.2.1\bin;C:\Users\user\AppData\Roaming\npm, USERDOMAIN_ROAMINGPROFILE=DESKTOP-47UBLS7, LOCALAPPDATA=C:\Users\user\AppData\Local, PROCESSOR_LEVEL=6, SYSTEMDRIVE=C:, COMMONPROGRAMFILES(X86)=C:\Program Files (x86)\Common Files, IJ_RESTARTER_LOG=C:\Users\user\AppData\Local\JetBrains\IntelliJIdea2024.2\log\restarter.log, USERDOMAIN=DESKTOP-47UBLS7, LOGONSERVER=\\DESKTOP-47UBLS7, JAVA_HOME=C:\Program Files\Java\jdk-17, PROMPT=$P$G, ALLUSERSPROFILE=C:\ProgramData, PROGRAMFILES(X86)=C:\Program Files (x86), PROCESSOR_ARCHITECTURE=AMD64, __COMPAT_LAYER=RunAsAdmin, DRIVERDATA=C:\Windows\System32\Drivers\DriverData, INTELLIJ IDEA=E:\Program Files\IntelliJ IDEA 2024.2.1\bin;, PROGRAMFILES=C:\Program Files, APPDATA=C:\Users\user\AppData\Roaming, PSMODULEPATH=C:\Program Files\WindowsPowerShell\Modules;C:\Windows\system32\WindowsPowerShell\v1.0\Modules, PROGRAMW6432=C:\Program Files, PROGRAMDATA=C:\ProgramData, SYSTEMROOT=C:\Windows, CHOCOLATEYINSTALL=C:\ProgramData\chocolatey, CHOCOLATEYLASTPATHUPDATE=133697126698811212, USERNAME=user, ONEDRIVE=C:\Users\user\OneDrive, PATHEXT=.COM;.EXE;.BAT;.CMD;.VBS;.VBE;.JS;.JSE;.WSF;.WSH;.MSC, OS=Windows_NT, NODE_HOME=E:\Program Files\nodejs, COMMONPROGRAMW6432=C:\Program Files\Common Files, COMPUTERNAME=DESKTOP-47UBLS7, COMMONPROGRAMFILES=C:\Program Files\Common Files, COMSPEC=C:\Windows\system32\cmd.exe, PROCESSOR_REVISION=9e09, WINDIR=C:\Windows, =D:=D:\workspace\Library\Library, HOMEPATH=\Users\user, TEMP=C:\Users\user\AppData\Local\Temp, HOMEDRIVE=C:, PROCESSOR_IDENTIFIER=Intel64 Family 6 Model 158 Stepping 9, GenuineIntel, USERPROFILE=C:\Users\user, TMP=C:\Users\user\AppData\Local\Temp, PUBLIC=C:\Users\Public, NUMBER_OF_PROCESSORS=8}}]
 INFO  org.springframework.beans.factory.xml.XmlBeanDefinitionReader(loadBeanDefinitions316) - Loading XML bean definitions from URL [file:src/main/webapp/WEB-INF/spring/root-context.xml]
 DEBUG org.springframework.beans.factory.xml.DefaultDocumentLoader(loadDocument74) - Using JAXP provider [com.sun.org.apache.xerces.internal.jaxp.DocumentBuilderFactoryImpl]
 DEBUG org.springframework.beans.factory.xml.PluggableSchemaResolver(getSchemaMappings147) - Loading schema mappings from [META-INF/spring.schemas]
 DEBUG org.springframework.beans.factory.xml.PluggableSchemaResolver(getSchemaMappings153) - Loaded schema mappings: {http://www.springframework.org/schema/context/spring-context-3.2.xsd=org/springframework/context/config/spring-context.xsd, http://www.springframework.org/schema/cache/spring-cache-4.3.xsd=org/springframework/cache/config/spring-cache.xsd, http://www.springframework.org/schema/beans/spring-beans-4.0.xsd=org/springframework/beans/factory/xml/spring-beans.xsd, http://www.springframework.org/schema/context/spring-context-2.5.xsd=org/springframework/context/config/spring-context.xsd, http://www.springframework.org/schema/tx/spring-tx-2.5.xsd=org/springframework/transaction/config/spring-tx.xsd, http://www.springframework.org/schema/tx/spring-tx-3.2.xsd=org/springframework/transaction/config/spring-tx.xsd, http://www.springframework.org/schema/tool/spring-tool-4.3.xsd=org/springframework/beans/factory/xml/spring-tool.xsd, http://www.springframework.org/schema/tool/spring-tool-2.0.xsd=org/springframework/beans/factory/xml/spring-tool.xsd, http://www.springframework.org/schema/util/spring-util-4.2.xsd=org/springframework/beans/factory/xml/spring-util.xsd, http://www.springframework.org/schema/tx/spring-tx-3.0.xsd=org/springframework/transaction/config/spring-tx.xsd, http://www.springframework.org/schema/beans/spring-beans-4.2.xsd=org/springframework/beans/factory/xml/spring-beans.xsd, http://www.springframework.org/schema/cache/spring-cache-4.1.xsd=org/springframework/cache/config/spring-cache.xsd, http://www.springframework.org/schema/mvc/spring-mvc-4.3.xsd=org/springframework/web/servlet/config/spring-mvc.xsd, http://www.springframework.org/schema/lang/spring-lang-3.0.xsd=org/springframework/scripting/config/spring-lang.xsd, http://www.springframework.org/schema/tool/spring-tool-4.1.xsd=org/springframework/beans/factory/xml/spring-tool.xsd, http://www.springframework.org/schema/task/spring-task-4.3.xsd=org/springframework/scheduling/config/spring-task.xsd, http://www.springframework.org/schema/util/spring-util-4.0.xsd=org/springframework/beans/factory/xml/spring-util.xsd, http://www.springframework.org/schema/jdbc/spring-jdbc-4.2.xsd=org/springframework/jdbc/config/spring-jdbc.xsd, http://www.springframework.org/schema/jdbc/spring-jdbc.xsd=org/springframework/jdbc/config/spring-jdbc.xsd, http://www.springframework.org/schema/lang/spring-lang.xsd=org/springframework/scripting/config/spring-lang.xsd, http://www.springframework.org/schema/aop/spring-aop-4.2.xsd=org/springframework/aop/config/spring-aop.xsd, http://www.springframework.org/schema/context/spring-context-4.1.xsd=org/springframework/context/config/spring-context.xsd, http://www.springframework.org/schema/jee/spring-jee-4.2.xsd=org/springframework/ejb/config/spring-jee.xsd, http://www.springframework.org/schema/tool/spring-tool-3.1.xsd=org/springframework/beans/factory/xml/spring-tool.xsd, http://www.springframework.org/schema/jee/spring-jee-4.1.xsd=org/springframework/ejb/config/spring-jee.xsd, http://www.springframework.org/schema/jdbc/spring-jdbc-3.1.xsd=org/springframework/jdbc/config/spring-jdbc.xsd, http://www.springframework.org/schema/aop/spring-aop-4.1.xsd=org/springframework/aop/config/spring-aop.xsd, http://www.springframework.org/schema/util/spring-util.xsd=org/springframework/beans/factory/xml/spring-util.xsd, http://www.springframework.org/schema/mvc/spring-mvc-3.2.xsd=org/springframework/web/servlet/config/spring-mvc.xsd, http://www.springframework.org/schema/lang/spring-lang-4.1.xsd=org/springframework/scripting/config/spring-lang.xsd, http://www.springframework.org/schema/context/spring-context-4.3.xsd=org/springframework/context/config/spring-context.xsd, http://www.springframework.org/schema/lang/spring-lang-2.5.xsd=org/springframework/scripting/config/spring-lang.xsd, http://www.springframework.org/schema/jee/spring-jee.xsd=org/springframework/ejb/config/spring-jee.xsd, http://www.springframework.org/schema/util/spring-util-3.1.xsd=org/springframework/beans/factory/xml/spring-util.xsd, http://www.springframework.org/schema/jee/spring-jee-2.5.xsd=org/springframework/ejb/config/spring-jee.xsd, http://www.springframework.org/schema/mvc/spring-mvc-4.0.xsd=org/springframework/web/servlet/config/spring-mvc.xsd, http://www.springframework.org/schema/task/spring-task-4.0.xsd=org/springframework/scheduling/config/spring-task.xsd, http://www.springframework.org/schema/aop/spring-aop-2.5.xsd=org/springframework/aop/config/spring-aop.xsd, http://www.springframework.org/schema/cache/spring-cache-3.1.xsd=org/springframework/cache/config/spring-cache.xsd, http://www.springframework.org/schema/tool/spring-tool-2.5.xsd=org/springframework/beans/factory/xml/spring-tool.xsd, http://www.springframework.org/schema/task/spring-task-3.2.xsd=org/springframework/scheduling/config/spring-task.xsd, http://www.springframework.org/schema/tx/spring-tx-4.2.xsd=org/springframework/transaction/config/spring-tx.xsd, http://www.springframework.org/schema/aop/spring-aop-3.1.xsd=org/springframework/aop/config/spring-aop.xsd, http://www.springframework.org/schema/lang/spring-lang-4.3.xsd=org/springframework/scripting/config/spring-lang.xsd, http://www.springframework.org/schema/jee/spring-jee-3.1.xsd=org/springframework/ejb/config/spring-jee.xsd, http://www.springframework.org/schema/mvc/spring-mvc-3.0.xsd=org/springframework/web/servlet/config/spring-mvc.xsd, http://www.springframework.org/schema/beans/spring-beans-3.1.xsd=org/springframework/beans/factory/xml/spring-beans.xsd, http://www.springframework.org/schema/tx/spring-tx.xsd=org/springframework/transaction/config/spring-tx.xsd, http://www.springframework.org/schema/lang/spring-lang-2.0.xsd=org/springframework/scripting/config/spring-lang.xsd, http://www.springframework.org/schema/task/spring-task-3.0.xsd=org/springframework/scheduling/config/spring-task.xsd, http://www.springframework.org/schema/context/spring-context-3.0.xsd=org/springframework/context/config/spring-context.xsd, http://www.springframework.org/schema/cache/spring-cache.xsd=org/springframework/cache/config/spring-cache.xsd, http://www.springframework.org/schema/tx/spring-tx-4.0.xsd=org/springframework/transaction/config/spring-tx.xsd, http://www.springframework.org/schema/context/spring-context-4.0.xsd=org/springframework/context/config/spring-context.xsd, http://www.springframework.org/schema/util/spring-util-4.3.xsd=org/springframework/beans/factory/xml/spring-util.xsd, http://www.springframework.org/schema/jee/spring-jee-2.0.xsd=org/springframework/ejb/config/spring-jee.xsd, http://www.springframework.org/schema/aop/spring-aop-2.0.xsd=org/springframework/aop/config/spring-aop.xsd, http://www.springframework.org/schema/jdbc/spring-jdbc-4.3.xsd=org/springframework/jdbc/config/spring-jdbc.xsd, http://www.springframework.org/schema/util/spring-util-2.0.xsd=org/springframework/beans/factory/xml/spring-util.xsd, http://www.springframework.org/schema/cache/spring-cache-4.2.xsd=org/springframework/cache/config/spring-cache.xsd, http://www.springframework.org/schema/context/spring-context-3.1.xsd=org/springframework/context/config/spring-context.xsd, http://www.springframework.org/schema/tx/spring-tx-3.1.xsd=org/springframework/transaction/config/spring-tx.xsd, http://www.springframework.org/schema/tool/spring-tool.xsd=org/springframework/beans/factory/xml/spring-tool.xsd, http://www.springframework.org/schema/beans/spring-beans-3.2.xsd=org/springframework/beans/factory/xml/spring-beans.xsd, http://www.springframework.org/schema/beans/spring-beans-2.5.xsd=org/springframework/beans/factory/xml/spring-beans.xsd, http://mybatis.org/schema/mybatis-spring.xsd=org/mybatis/spring/config/mybatis-spring-1.2.xsd, http://www.springframework.org/schema/beans/spring-beans.xsd=org/springframework/beans/factory/xml/spring-beans.xsd, http://www.springframework.org/schema/tool/spring-tool-4.0.xsd=org/springframework/beans/factory/xml/spring-tool.xsd, http://www.springframework.org/schema/util/spring-util-4.1.xsd=org/springframework/beans/factory/xml/spring-util.xsd, http://mybatis.org/schema/mybatis-spring-1.2.xsd=org/mybatis/spring/config/mybatis-spring-1.2.xsd, http://www.springframework.org/schema/jdbc/spring-jdbc-4.1.xsd=org/springframework/jdbc/config/spring-jdbc.xsd, http://www.springframework.org/schema/context/spring-context-4.2.xsd=org/springframework/context/config/spring-context.xsd, http://www.springframework.org/schema/jee/spring-jee-4.3.xsd=org/springframework/ejb/config/spring-jee.xsd, http://www.springframework.org/schema/aop/spring-aop-4.3.xsd=org/springframework/aop/config/spring-aop.xsd, http://www.springframework.org/schema/beans/spring-beans-4.3.xsd=org/springframework/beans/factory/xml/spring-beans.xsd, http://www.springframework.org/schema/beans/spring-beans-4.1.xsd=org/springframework/beans/factory/xml/spring-beans.xsd, http://www.springframework.org/schema/mvc/spring-mvc-4.2.xsd=org/springframework/web/servlet/config/spring-mvc.xsd, http://www.springframework.org/schema/cache/spring-cache-4.0.xsd=org/springframework/cache/config/spring-cache.xsd, http://www.springframework.org/schema/tool/spring-tool-4.2.xsd=org/springframework/beans/factory/xml/spring-tool.xsd, http://www.springframework.org/schema/util/spring-util-2.5.xsd=org/springframework/beans/factory/xml/spring-util.xsd, http://www.springframework.org/schema/lang/spring-lang-3.1.xsd=org/springframework/scripting/config/spring-lang.xsd, http://www.springframework.org/schema/task/spring-task.xsd=org/springframework/scheduling/config/spring-task.xsd, http://www.springframework.org/schema/task/spring-task-4.2.xsd=org/springframework/scheduling/config/spring-task.xsd, http://www.springframework.org/schema/aop/spring-aop.xsd=org/springframework/aop/config/spring-aop.xsd, http://www.springframework.org/schema/lang/spring-lang-4.0.xsd=org/springframework/scripting/config/spring-lang.xsd, http://www.springframework.org/schema/beans/spring-beans-2.0.xsd=org/springframework/beans/factory/xml/spring-beans.xsd, http://www.springframework.org/schema/task/spring-task-4.1.xsd=org/springframework/scheduling/config/spring-task.xsd, http://www.springframework.org/schema/mvc/spring-mvc-4.1.xsd=org/springframework/web/servlet/config/spring-mvc.xsd, http://www.springframework.org/schema/util/spring-util-3.2.xsd=org/springframework/beans/factory/xml/spring-util.xsd, http://www.springframework.org/schema/cache/spring-cache-3.2.xsd=org/springframework/cache/config/spring-cache.xsd, http://www.springframework.org/schema/lang/spring-lang-3.2.xsd=org/springframework/scripting/config/spring-lang.xsd, http://www.springframework.org/schema/tx/spring-tx-2.0.xsd=org/springframework/transaction/config/spring-tx.xsd, http://www.springframework.org/schema/tx/spring-tx-4.3.xsd=org/springframework/transaction/config/spring-tx.xsd, http://www.springframework.org/schema/jee/spring-jee-3.2.xsd=org/springframework/ejb/config/spring-jee.xsd, http://www.springframework.org/schema/util/spring-util-3.0.xsd=org/springframework/beans/factory/xml/spring-util.xsd, http://www.springframework.org/schema/aop/spring-aop-3.2.xsd=org/springframework/aop/config/spring-aop.xsd, http://www.springframework.org/schema/tool/spring-tool-3.2.xsd=org/springframework/beans/factory/xml/spring-tool.xsd, http://www.springframework.org/schema/mvc/spring-mvc.xsd=org/springframework/web/servlet/config/spring-mvc.xsd, http://www.springframework.org/schema/jdbc/spring-jdbc-4.0.xsd=org/springframework/jdbc/config/spring-jdbc.xsd, http://www.springframework.org/schema/jdbc/spring-jdbc-3.2.xsd=org/springframework/jdbc/config/spring-jdbc.xsd, http://www.springframework.org/schema/context/spring-context.xsd=org/springframework/context/config/spring-context.xsd, http://www.springframework.org/schema/aop/spring-aop-4.0.xsd=org/springframework/aop/config/spring-aop.xsd, http://www.springframework.org/schema/jee/spring-jee-4.0.xsd=org/springframework/ejb/config/spring-jee.xsd, http://www.springframework.org/schema/beans/spring-beans-3.0.xsd=org/springframework/beans/factory/xml/spring-beans.xsd, http://www.springframework.org/schema/mvc/spring-mvc-3.1.xsd=org/springframework/web/servlet/config/spring-mvc.xsd, http://www.springframework.org/schema/jee/spring-jee-3.0.xsd=org/springframework/ejb/config/spring-jee.xsd, http://www.springframework.org/schema/aop/spring-aop-3.0.xsd=org/springframework/aop/config/spring-aop.xsd, http://www.springframework.org/schema/jdbc/spring-jdbc-3.0.xsd=org/springframework/jdbc/config/spring-jdbc.xsd, http://www.springframework.org/schema/task/spring-task-3.1.xsd=org/springframework/scheduling/config/spring-task.xsd, http://www.springframework.org/schema/tx/spring-tx-4.1.xsd=org/springframework/transaction/config/spring-tx.xsd, http://www.springframework.org/schema/lang/spring-lang-4.2.xsd=org/springframework/scripting/config/spring-lang.xsd, http://www.springframework.org/schema/tool/spring-tool-3.0.xsd=org/springframework/beans/factory/xml/spring-tool.xsd}
 DEBUG org.springframework.beans.factory.xml.PluggableSchemaResolver(resolveEntity123) - Found XML schema [http://www.springframework.org/schema/context/spring-context-4.3.xsd] in classpath: org/springframework/context/config/spring-context.xsd
 DEBUG org.springframework.beans.factory.xml.PluggableSchemaResolver(resolveEntity123) - Found XML schema [http://www.springframework.org/schema/tool/spring-tool.xsd] in classpath: org/springframework/beans/factory/xml/spring-tool.xsd
 DEBUG org.springframework.beans.factory.xml.PluggableSchemaResolver(resolveEntity123) - Found XML schema [http://www.springframework.org/schema/aop/spring-aop-4.3.xsd] in classpath: org/springframework/aop/config/spring-aop.xsd
 DEBUG org.springframework.beans.factory.xml.DefaultBeanDefinitionDocumentReader(registerBeanDefinitions96) - Loading bean definitions
 DEBUG org.springframework.beans.factory.xml.DefaultNamespaceHandlerResolver(getHandlerMappings163) - Loaded NamespaceHandler mappings: {http://www.springframework.org/schema/aop=org.springframework.aop.config.AopNamespaceHandler, http://www.springframework.org/schema/task=org.springframework.scheduling.config.TaskNamespaceHandler, http://mybatis.org/schema/mybatis-spring=org.mybatis.spring.config.NamespaceHandler, http://www.springframework.org/schema/lang=org.springframework.scripting.config.LangNamespaceHandler, http://www.springframework.org/schema/c=org.springframework.beans.factory.xml.SimpleConstructorNamespaceHandler, http://www.springframework.org/schema/jee=org.springframework.ejb.config.JeeNamespaceHandler, http://www.springframework.org/schema/cache=org.springframework.cache.config.CacheNamespaceHandler, http://www.springframework.org/schema/jdbc=org.springframework.jdbc.config.JdbcNamespaceHandler, http://www.springframework.org/schema/p=org.springframework.beans.factory.xml.SimplePropertyNamespaceHandler, http://www.springframework.org/schema/util=org.springframework.beans.factory.xml.UtilNamespaceHandler, http://www.springframework.org/schema/tx=org.springframework.transaction.config.TxNamespaceHandler, http://www.springframework.org/schema/context=org.springframework.context.config.ContextNamespaceHandler, http://www.springframework.org/schema/mvc=org.springframework.web.servlet.config.MvcNamespaceHandler}
 DEBUG org.springframework.core.io.support.PathMatchingResourcePatternResolver(findAllClassPathResources321) - Resolved classpath location [kr/co/librarylyh/mapper/] to resources [URL [file:/D:/workspace/Library/Library/target/test-classes/kr/co/librarylyh/mapper/], URL [file:/D:/workspace/Library/Library/target/classes/kr/co/librarylyh/mapper/]]
 DEBUG org.springframework.core.io.support.PathMatchingResourcePatternResolver(doFindMatchingFileSystemResources721) - Looking for matching resources in directory tree [D:\workspace\Library\Library\target\test-classes\kr\co\librarylyh\mapper]
 DEBUG org.springframework.core.io.support.PathMatchingResourcePatternResolver(doRetrieveMatchingFiles783) - Searching directory [D:\workspace\Library\Library\target\test-classes\kr\co\librarylyh\mapper] for files matching pattern [D:/workspace/Library/Library/target/test-classes/kr/co/librarylyh/mapper/**/*.class]
 DEBUG org.springframework.core.io.support.PathMatchingResourcePatternResolver(doFindMatchingFileSystemResources721) - Looking for matching resources in directory tree [D:\workspace\Library\Library\target\classes\kr\co\librarylyh\mapper]
 DEBUG org.springframework.core.io.support.PathMatchingResourcePatternResolver(doRetrieveMatchingFiles783) - Searching directory [D:\workspace\Library\Library\target\classes\kr\co\librarylyh\mapper] for files matching pattern [D:/workspace/Library/Library/target/classes/kr/co/librarylyh/mapper/**/*.class]
 DEBUG org.springframework.core.io.support.PathMatchingResourcePatternResolver(findPathMatchingResources514) - Resolved location pattern [classpath*:kr/co/librarylyh/mapper/**/*.class] to resources [file [D:\workspace\Library\Library\target\test-classes\kr\co\librarylyh\mapper\BookListMapperTests.class], file [D:\workspace\Library\Library\target\classes\kr\co\librarylyh\mapper\BookListMapper.class], file [D:\workspace\Library\Library\target\classes\kr\co\librarylyh\mapper\CategoryMapper.class]]
 DEBUG org.springframework.context.annotation.ClassPathBeanDefinitionScanner(registerDefaultFilters220) - JSR-330 'javax.inject.Named' annotation found and supported for component scanning
 DEBUG org.springframework.core.io.support.PathMatchingResourcePatternResolver(findAllClassPathResources321) - Resolved classpath location [kr/co/librarylyh/aop/] to resources [URL [file:/D:/workspace/Library/Library/target/classes/kr/co/librarylyh/aop/]]
 DEBUG org.springframework.core.io.support.PathMatchingResourcePatternResolver(doFindMatchingFileSystemResources721) - Looking for matching resources in directory tree [D:\workspace\Library\Library\target\classes\kr\co\librarylyh\aop]
 DEBUG org.springframework.core.io.support.PathMatchingResourcePatternResolver(doRetrieveMatchingFiles783) - Searching directory [D:\workspace\Library\Library\target\classes\kr\co\librarylyh\aop] for files matching pattern [D:/workspace/Library/Library/target/classes/kr/co/librarylyh/aop/**/*.class]
 DEBUG org.springframework.core.io.support.PathMatchingResourcePatternResolver(findPathMatchingResources514) - Resolved location pattern [classpath*:kr/co/librarylyh/aop/**/*.class] to resources [file [D:\workspace\Library\Library\target\classes\kr\co\librarylyh\aop\DataBaseExceptionHandlingAspect.class], file [D:\workspace\Library\Library\target\classes\kr\co\librarylyh\aop\DataValidationAspect.class], file [D:\workspace\Library\Library\target\classes\kr\co\librarylyh\aop\ExceptionHandlingAspect.class], file [D:\workspace\Library\Library\target\classes\kr\co\librarylyh\aop\LoggingAspect.class]]
 DEBUG org.springframework.context.annotation.ClassPathBeanDefinitionScanner(scanCandidateComponents437) - Identified candidate component class: file [D:\workspace\Library\Library\target\classes\kr\co\librarylyh\aop\DataBaseExceptionHandlingAspect.class]
 DEBUG org.springframework.context.annotation.ClassPathBeanDefinitionScanner(scanCandidateComponents437) - Identified candidate component class: file [D:\workspace\Library\Library\target\classes\kr\co\librarylyh\aop\DataValidationAspect.class]
 DEBUG org.springframework.context.annotation.ClassPathBeanDefinitionScanner(scanCandidateComponents437) - Identified candidate component class: file [D:\workspace\Library\Library\target\classes\kr\co\librarylyh\aop\ExceptionHandlingAspect.class]
 DEBUG org.springframework.context.annotation.ClassPathBeanDefinitionScanner(scanCandidateComponents437) - Identified candidate component class: file [D:\workspace\Library\Library\target\classes\kr\co\librarylyh\aop\LoggingAspect.class]
 DEBUG org.springframework.core.io.support.PathMatchingResourcePatternResolver(findAllClassPathResources321) - Resolved classpath location [kr/co/librarylyh/domain/] to resources [URL [file:/D:/workspace/Library/Library/target/classes/kr/co/librarylyh/domain/]]
 DEBUG org.springframework.core.io.support.PathMatchingResourcePatternResolver(doFindMatchingFileSystemResources721) - Looking for matching resources in directory tree [D:\workspace\Library\Library\target\classes\kr\co\librarylyh\domain]
 DEBUG org.springframework.core.io.support.PathMatchingResourcePatternResolver(doRetrieveMatchingFiles783) - Searching directory [D:\workspace\Library\Library\target\classes\kr\co\librarylyh\domain] for files matching pattern [D:/workspace/Library/Library/target/classes/kr/co/librarylyh/domain/**/*.class]
 DEBUG org.springframework.core.io.support.PathMatchingResourcePatternResolver(findPathMatchingResources514) - Resolved location pattern [classpath*:kr/co/librarylyh/domain/**/*.class] to resources [file [D:\workspace\Library\Library\target\classes\kr\co\librarylyh\domain\BookListVO.class], file [D:\workspace\Library\Library\target\classes\kr\co\librarylyh\domain\CategoryVO.class], file [D:\workspace\Library\Library\target\classes\kr\co\librarylyh\domain\ListPageDTO.class], file [D:\workspace\Library\Library\target\classes\kr\co\librarylyh\domain\Paging.class]]
 DEBUG org.springframework.core.io.support.PathMatchingResourcePatternResolver(findAllClassPathResources321) - Resolved classpath location [kr/co/librarylyh/service/] to resources [URL [file:/D:/workspace/Library/Library/target/test-classes/kr/co/librarylyh/service/], URL [file:/D:/workspace/Library/Library/target/classes/kr/co/librarylyh/service/]]
 DEBUG org.springframework.core.io.support.PathMatchingResourcePatternResolver(doFindMatchingFileSystemResources721) - Looking for matching resources in directory tree [D:\workspace\Library\Library\target\test-classes\kr\co\librarylyh\service]
 DEBUG org.springframework.core.io.support.PathMatchingResourcePatternResolver(doRetrieveMatchingFiles783) - Searching directory [D:\workspace\Library\Library\target\test-classes\kr\co\librarylyh\service] for files matching pattern [D:/workspace/Library/Library/target/test-classes/kr/co/librarylyh/service/**/*.class]
 DEBUG org.springframework.core.io.support.PathMatchingResourcePatternResolver(doFindMatchingFileSystemResources721) - Looking for matching resources in directory tree [D:\workspace\Library\Library\target\classes\kr\co\librarylyh\service]
 DEBUG org.springframework.core.io.support.PathMatchingResourcePatternResolver(doRetrieveMatchingFiles783) - Searching directory [D:\workspace\Library\Library\target\classes\kr\co\librarylyh\service] for files matching pattern [D:/workspace/Library/Library/target/classes/kr/co/librarylyh/service/**/*.class]
 DEBUG org.springframework.core.io.support.PathMatchingResourcePatternResolver(findPathMatchingResources514) - Resolved location pattern [classpath*:kr/co/librarylyh/service/**/*.class] to resources [file [D:\workspace\Library\Library\target\test-classes\kr\co\librarylyh\service\BookListServiceTests.class], file [D:\workspace\Library\Library\target\classes\kr\co\librarylyh\service\BookListService.class], file [D:\workspace\Library\Library\target\classes\kr\co\librarylyh\service\BookListServiceImpl.class], file [D:\workspace\Library\Library\target\classes\kr\co\librarylyh\service\CategoryService.class], file [D:\workspace\Library\Library\target\classes\kr\co\librarylyh\service\CategoryServiceImpl.class]]
 DEBUG org.springframework.context.annotation.ClassPathBeanDefinitionScanner(scanCandidateComponents437) - Identified candidate component class: file [D:\workspace\Library\Library\target\classes\kr\co\librarylyh\service\BookListServiceImpl.class]
 DEBUG org.springframework.context.annotation.ClassPathBeanDefinitionScanner(scanCandidateComponents437) - Identified candidate component class: file [D:\workspace\Library\Library\target\classes\kr\co\librarylyh\service\CategoryServiceImpl.class]
 DEBUG org.springframework.core.io.support.PathMatchingResourcePatternResolver(findAllClassPathResources321) - Resolved classpath location [kr/co/librarylyh/mapper/] to resources [URL [file:/D:/workspace/Library/Library/target/test-classes/kr/co/librarylyh/mapper/], URL [file:/D:/workspace/Library/Library/target/classes/kr/co/librarylyh/mapper/]]
 DEBUG org.springframework.core.io.support.PathMatchingResourcePatternResolver(doFindMatchingFileSystemResources721) - Looking for matching resources in directory tree [D:\workspace\Library\Library\target\test-classes\kr\co\librarylyh\mapper]
 DEBUG org.springframework.core.io.support.PathMatchingResourcePatternResolver(doRetrieveMatchingFiles783) - Searching directory [D:\workspace\Library\Library\target\test-classes\kr\co\librarylyh\mapper] for files matching pattern [D:/workspace/Library/Library/target/test-classes/kr/co/librarylyh/mapper/**/*.class]
 DEBUG org.springframework.core.io.support.PathMatchingResourcePatternResolver(doFindMatchingFileSystemResources721) - Looking for matching resources in directory tree [D:\workspace\Library\Library\target\classes\kr\co\librarylyh\mapper]
 DEBUG org.springframework.core.io.support.PathMatchingResourcePatternResolver(doRetrieveMatchingFiles783) - Searching directory [D:\workspace\Library\Library\target\classes\kr\co\librarylyh\mapper] for files matching pattern [D:/workspace/Library/Library/target/classes/kr/co/librarylyh/mapper/**/*.class]
 DEBUG org.springframework.core.io.support.PathMatchingResourcePatternResolver(findPathMatchingResources514) - Resolved location pattern [classpath*:kr/co/librarylyh/mapper/**/*.class] to resources [file [D:\workspace\Library\Library\target\test-classes\kr\co\librarylyh\mapper\BookListMapperTests.class], file [D:\workspace\Library\Library\target\classes\kr\co\librarylyh\mapper\BookListMapper.class], file [D:\workspace\Library\Library\target\classes\kr\co\librarylyh\mapper\CategoryMapper.class]]
 DEBUG org.springframework.beans.factory.xml.XmlBeanDefinitionReader(loadBeanDefinitions230) - Loaded 17 bean definitions from location pattern [file:src/main/webapp/WEB-INF/spring/root-context.xml]
 INFO  org.springframework.beans.factory.xml.XmlBeanDefinitionReader(loadBeanDefinitions316) - Loading XML bean definitions from URL [file:src/main/webapp/WEB-INF/spring/appServlet/servlet-context.xml]
 DEBUG org.springframework.beans.factory.xml.DefaultDocumentLoader(loadDocument74) - Using JAXP provider [com.sun.org.apache.xerces.internal.jaxp.DocumentBuilderFactoryImpl]
 DEBUG org.springframework.beans.factory.xml.PluggableSchemaResolver(resolveEntity123) - Found XML schema [http://www.springframework.org/schema/aop/spring-aop.xsd] in classpath: org/springframework/aop/config/spring-aop.xsd
 DEBUG org.springframework.beans.factory.xml.DefaultBeanDefinitionDocumentReader(registerBeanDefinitions96) - Loading bean definitions
 DEBUG org.springframework.beans.factory.xml.BeanDefinitionParserDelegate(parseBeanDefinitionElement458) - Neither XML 'id' nor 'name' specified - using generated bean name [org.springframework.web.servlet.view.InternalResourceViewResolver#0]
 DEBUG org.springframework.beans.factory.support.DefaultListableBeanFactory(registerAlias80) - Alias definition 'org.springframework.web.servlet.view.InternalResourceViewResolver' registered for name 'org.springframework.web.servlet.view.InternalResourceViewResolver#0'
 DEBUG org.springframework.context.annotation.ClassPathBeanDefinitionScanner(registerDefaultFilters220) - JSR-330 'javax.inject.Named' annotation found and supported for component scanning
 DEBUG org.springframework.core.io.support.PathMatchingResourcePatternResolver(findAllClassPathResources321) - Resolved classpath location [kr/co/librarylyh/controller/] to resources [URL [file:/D:/workspace/Library/Library/target/test-classes/kr/co/librarylyh/controller/], URL [file:/D:/workspace/Library/Library/target/classes/kr/co/librarylyh/controller/]]
 DEBUG org.springframework.core.io.support.PathMatchingResourcePatternResolver(doFindMatchingFileSystemResources721) - Looking for matching resources in directory tree [D:\workspace\Library\Library\target\test-classes\kr\co\librarylyh\controller]
 DEBUG org.springframework.core.io.support.PathMatchingResourcePatternResolver(doRetrieveMatchingFiles783) - Searching directory [D:\workspace\Library\Library\target\test-classes\kr\co\librarylyh\controller] for files matching pattern [D:/workspace/Library/Library/target/test-classes/kr/co/librarylyh/controller/**/*.class]
 DEBUG org.springframework.core.io.support.PathMatchingResourcePatternResolver(doFindMatchingFileSystemResources721) - Looking for matching resources in directory tree [D:\workspace\Library\Library\target\classes\kr\co\librarylyh\controller]
 DEBUG org.springframework.core.io.support.PathMatchingResourcePatternResolver(doRetrieveMatchingFiles783) - Searching directory [D:\workspace\Library\Library\target\classes\kr\co\librarylyh\controller] for files matching pattern [D:/workspace/Library/Library/target/classes/kr/co/librarylyh/controller/**/*.class]
 DEBUG org.springframework.core.io.support.PathMatchingResourcePatternResolver(findPathMatchingResources514) - Resolved location pattern [classpath*:kr/co/librarylyh/controller/**/*.class] to resources [file [D:\workspace\Library\Library\target\test-classes\kr\co\librarylyh\controller\BookListControllerTests.class], file [D:\workspace\Library\Library\target\test-classes\kr\co\librarylyh\controller\BookListRestControllerTests.class], file [D:\workspace\Library\Library\target\classes\kr\co\librarylyh\controller\BookListController.class], file [D:\workspace\Library\Library\target\classes\kr\co\librarylyh\controller\BookListRestController.class], file [D:\workspace\Library\Library\target\classes\kr\co\librarylyh\controller\CategoryController.class], file [D:\workspace\Library\Library\target\classes\kr\co\librarylyh\controller\LogController.class]]
 DEBUG org.springframework.context.annotation.ClassPathBeanDefinitionScanner(scanCandidateComponents437) - Identified candidate component class: file [D:\workspace\Library\Library\target\classes\kr\co\librarylyh\controller\BookListController.class]
 DEBUG org.springframework.context.annotation.ClassPathBeanDefinitionScanner(scanCandidateComponents437) - Identified candidate component class: file [D:\workspace\Library\Library\target\classes\kr\co\librarylyh\controller\BookListRestController.class]
 DEBUG org.springframework.context.annotation.ClassPathBeanDefinitionScanner(scanCandidateComponents437) - Identified candidate component class: file [D:\workspace\Library\Library\target\classes\kr\co\librarylyh\controller\CategoryController.class]
 DEBUG org.springframework.context.annotation.ClassPathBeanDefinitionScanner(scanCandidateComponents437) - Identified candidate component class: file [D:\workspace\Library\Library\target\classes\kr\co\librarylyh\controller\LogController.class]
 DEBUG org.springframework.beans.factory.xml.XmlBeanDefinitionReader(loadBeanDefinitions230) - Loaded 26 bean definitions from location pattern [file:src/main/webapp/WEB-INF/spring/appServlet/servlet-context.xml]
 INFO  org.springframework.context.support.GenericApplicationContext(prepareRefresh590) - Refreshing org.springframework.context.support.GenericApplicationContext@30d4b288: startup date [Mon Sep 23 17:46:06 KST 2024]; root of context hierarchy
 DEBUG org.springframework.context.support.GenericApplicationContext(obtainFreshBeanFactory624) - Bean factory for org.springframework.context.support.GenericApplicationContext@30d4b288: org.springframework.beans.factory.support.DefaultListableBeanFactory@2bac9ba: defining beans [org.springframework.context.annotation.internalConfigurationAnnotationProcessor,org.springframework.context.annotation.internalAutowiredAnnotationProcessor,org.springframework.context.annotation.internalRequiredAnnotationProcessor,org.springframework.context.event.internalEventListenerProcessor,org.springframework.context.event.internalEventListenerFactory,hikariConfig,dataSource,sqlSessionFactory,bookListMapper,categoryMapper,dataBaseExceptionHandlingAspect,dataValidationAspect,exceptionHandlingAspect,loggingAspect,bookListServiceImpl,categoryServiceImpl,org.springframework.aop.config.internalAutoProxyCreator,mvcContentNegotiationManager,org.springframework.web.servlet.mvc.method.annotation.RequestMappingHandlerMapping,mvcCorsConfigurations,org.springframework.format.support.FormattingConversionServiceFactoryBean#0,org.springframework.web.servlet.mvc.method.annotation.RequestMappingHandlerAdapter,mvcUriComponentsContributor,org.springframework.web.servlet.handler.MappedInterceptor#0,org.springframework.web.servlet.mvc.method.annotation.ExceptionHandlerExceptionResolver#0,org.springframework.web.servlet.mvc.annotation.ResponseStatusExceptionResolver#0,org.springframework.web.servlet.mvc.support.DefaultHandlerExceptionResolver#0,org.springframework.web.servlet.handler.BeanNameUrlHandlerMapping,org.springframework.web.servlet.mvc.HttpRequestHandlerAdapter,org.springframework.web.servlet.mvc.SimpleControllerHandlerAdapter,mvcHandlerMappingIntrospector,mvcResourceUrlProvider,org.springframework.web.servlet.handler.MappedInterceptor#1,mvcPathMatcher,mvcUrlPathHelper,org.springframework.web.servlet.resource.ResourceHttpRequestHandler#0,org.springframework.web.servlet.handler.SimpleUrlHandlerMapping#0,org.springframework.web.servlet.view.InternalResourceViewResolver#0,multipartResolver,bookListController,bookListRestController,categoryController,logController]; root of factory hierarchy
 DEBUG org.springframework.beans.factory.support.DefaultListableBeanFactory(getSingleton213) - Creating shared instance of singleton bean 'org.springframework.context.annotation.internalConfigurationAnnotationProcessor'
 DEBUG org.springframework.beans.factory.support.DefaultListableBeanFactory(createBean468) - Creating instance of bean 'org.springframework.context.annotation.internalConfigurationAnnotationProcessor'
 DEBUG org.springframework.beans.factory.support.DefaultListableBeanFactory(doCreateBean571) - Eagerly caching bean 'org.springframework.context.annotation.internalConfigurationAnnotationProcessor' to allow for resolving potential circular references
 DEBUG org.springframework.beans.factory.support.DefaultListableBeanFactory(createBean505) - Finished creating instance of bean 'org.springframework.context.annotation.internalConfigurationAnnotationProcessor'
 DEBUG org.springframework.beans.factory.support.DefaultListableBeanFactory(getSingleton213) - Creating shared instance of singleton bean 'org.springframework.context.annotation.internalAutowiredAnnotationProcessor'
 DEBUG org.springframework.beans.factory.support.DefaultListableBeanFactory(createBean468) - Creating instance of bean 'org.springframework.context.annotation.internalAutowiredAnnotationProcessor'
 INFO  org.springframework.beans.factory.annotation.AutowiredAnnotationBeanPostProcessor(<init>154) - JSR-330 'javax.inject.Inject' annotation found and supported for autowiring
 DEBUG org.springframework.beans.factory.support.DefaultListableBeanFactory(doCreateBean571) - Eagerly caching bean 'org.springframework.context.annotation.internalAutowiredAnnotationProcessor' to allow for resolving potential circular references
 DEBUG org.springframework.beans.factory.support.DefaultListableBeanFactory(createBean505) - Finished creating instance of bean 'org.springframework.context.annotation.internalAutowiredAnnotationProcessor'
 DEBUG org.springframework.beans.factory.support.DefaultListableBeanFactory(getSingleton213) - Creating shared instance of singleton bean 'org.springframework.context.annotation.internalRequiredAnnotationProcessor'
 DEBUG org.springframework.beans.factory.support.DefaultListableBeanFactory(createBean468) - Creating instance of bean 'org.springframework.context.annotation.internalRequiredAnnotationProcessor'
 DEBUG org.springframework.beans.factory.support.DefaultListableBeanFactory(doCreateBean571) - Eagerly caching bean 'org.springframework.context.annotation.internalRequiredAnnotationProcessor' to allow for resolving potential circular references
 DEBUG org.springframework.beans.factory.support.DefaultListableBeanFactory(createBean505) - Finished creating instance of bean 'org.springframework.context.annotation.internalRequiredAnnotationProcessor'
 DEBUG org.springframework.beans.factory.support.DefaultListableBeanFactory(getSingleton213) - Creating shared instance of singleton bean 'org.springframework.aop.config.internalAutoProxyCreator'
 DEBUG org.springframework.beans.factory.support.DefaultListableBeanFactory(createBean468) - Creating instance of bean 'org.springframework.aop.config.internalAutoProxyCreator'
 DEBUG org.springframework.beans.factory.support.DefaultListableBeanFactory(doCreateBean571) - Eagerly caching bean 'org.springframework.aop.config.internalAutoProxyCreator' to allow for resolving potential circular references
 DEBUG org.springframework.beans.factory.support.DefaultListableBeanFactory(createBean505) - Finished creating instance of bean 'org.springframework.aop.config.internalAutoProxyCreator'
 DEBUG org.springframework.context.support.GenericApplicationContext(initMessageSource741) - Unable to locate MessageSource with name 'messageSource': using default [org.springframework.context.support.DelegatingMessageSource@41bf79da]
 DEBUG org.springframework.context.support.GenericApplicationContext(initApplicationEventMulticaster765) - Unable to locate ApplicationEventMulticaster with name 'applicationEventMulticaster': using default [org.springframework.context.event.SimpleApplicationEventMulticaster@7c447c76]
 DEBUG org.springframework.beans.factory.support.DefaultListableBeanFactory(preInstantiateSingletons729) - Pre-instantiating singletons in org.springframework.beans.factory.support.DefaultListableBeanFactory@2bac9ba: defining beans [org.springframework.context.annotation.internalConfigurationAnnotationProcessor,org.springframework.context.annotation.internalAutowiredAnnotationProcessor,org.springframework.context.annotation.internalRequiredAnnotationProcessor,org.springframework.context.event.internalEventListenerProcessor,org.springframework.context.event.internalEventListenerFactory,hikariConfig,dataSource,sqlSessionFactory,bookListMapper,categoryMapper,dataBaseExceptionHandlingAspect,dataValidationAspect,exceptionHandlingAspect,loggingAspect,bookListServiceImpl,categoryServiceImpl,org.springframework.aop.config.internalAutoProxyCreator,mvcContentNegotiationManager,org.springframework.web.servlet.mvc.method.annotation.RequestMappingHandlerMapping,mvcCorsConfigurations,org.springframework.format.support.FormattingConversionServiceFactoryBean#0,org.springframework.web.servlet.mvc.method.annotation.RequestMappingHandlerAdapter,mvcUriComponentsContributor,org.springframework.web.servlet.handler.MappedInterceptor#0,org.springframework.web.servlet.mvc.method.annotation.ExceptionHandlerExceptionResolver#0,org.springframework.web.servlet.mvc.annotation.ResponseStatusExceptionResolver#0,org.springframework.web.servlet.mvc.support.DefaultHandlerExceptionResolver#0,org.springframework.web.servlet.handler.BeanNameUrlHandlerMapping,org.springframework.web.servlet.mvc.HttpRequestHandlerAdapter,org.springframework.web.servlet.mvc.SimpleControllerHandlerAdapter,mvcHandlerMappingIntrospector,mvcResourceUrlProvider,org.springframework.web.servlet.handler.MappedInterceptor#1,mvcPathMatcher,mvcUrlPathHelper,org.springframework.web.servlet.resource.ResourceHttpRequestHandler#0,org.springframework.web.servlet.handler.SimpleUrlHandlerMapping#0,org.springframework.web.servlet.view.InternalResourceViewResolver#0,multipartResolver,bookListController,bookListRestController,categoryController,logController]; root of factory hierarchy
 DEBUG org.springframework.beans.factory.support.DefaultListableBeanFactory(doGetBean254) - Returning cached instance of singleton bean 'org.springframework.context.annotation.internalConfigurationAnnotationProcessor'
 DEBUG org.springframework.beans.factory.support.DefaultListableBeanFactory(doGetBean254) - Returning cached instance of singleton bean 'org.springframework.context.annotation.internalAutowiredAnnotationProcessor'
 DEBUG org.springframework.beans.factory.support.DefaultListableBeanFactory(doGetBean254) - Returning cached instance of singleton bean 'org.springframework.context.annotation.internalRequiredAnnotationProcessor'
 DEBUG org.springframework.beans.factory.support.DefaultListableBeanFactory(getSingleton213) - Creating shared instance of singleton bean 'org.springframework.context.event.internalEventListenerProcessor'
 DEBUG org.springframework.beans.factory.support.DefaultListableBeanFactory(createBean468) - Creating instance of bean 'org.springframework.context.event.internalEventListenerProcessor'
 DEBUG org.springframework.aop.aspectj.annotation.ReflectiveAspectJAdvisorFactory(getAdvice243) - Found AspectJ method: public void kr.co.librarylyh.aop.DataBaseExceptionHandlingAspect.handleDatabaseException(org.aspectj.lang.JoinPoint,java.lang.Throwable)
 DEBUG org.springframework.aop.aspectj.annotation.ReflectiveAspectJAdvisorFactory(getAdvice243) - Found AspectJ method: public void kr.co.librarylyh.aop.DataValidationAspect.validateSecurity(org.aspectj.lang.JoinPoint)
 DEBUG org.springframework.aop.aspectj.annotation.ReflectiveAspectJAdvisorFactory(getAdvice243) - Found AspectJ method: public void kr.co.librarylyh.aop.ExceptionHandlingAspect.handleException(org.aspectj.lang.JoinPoint,java.lang.Throwable)
 DEBUG org.springframework.aop.aspectj.annotation.ReflectiveAspectJAdvisorFactory(getAdvice243) - Found AspectJ method: public void kr.co.librarylyh.aop.LoggingAspect.logBefore(org.aspectj.lang.JoinPoint)
 DEBUG org.springframework.aop.aspectj.annotation.ReflectiveAspectJAdvisorFactory(getAdvice243) - Found AspectJ method: public void kr.co.librarylyh.aop.LoggingAspect.logAfterReturning(org.aspectj.lang.JoinPoint,java.lang.Object)
 DEBUG org.springframework.beans.factory.support.DefaultListableBeanFactory(doCreateBean571) - Eagerly caching bean 'org.springframework.context.event.internalEventListenerProcessor' to allow for resolving potential circular references
 DEBUG org.springframework.beans.factory.support.DefaultListableBeanFactory(createBean505) - Finished creating instance of bean 'org.springframework.context.event.internalEventListenerProcessor'
 DEBUG org.springframework.beans.factory.support.DefaultListableBeanFactory(getSingleton213) - Creating shared instance of singleton bean 'org.springframework.context.event.internalEventListenerFactory'
 DEBUG org.springframework.beans.factory.support.DefaultListableBeanFactory(createBean468) - Creating instance of bean 'org.springframework.context.event.internalEventListenerFactory'
 DEBUG org.springframework.beans.factory.support.DefaultListableBeanFactory(doCreateBean571) - Eagerly caching bean 'org.springframework.context.event.internalEventListenerFactory' to allow for resolving potential circular references
 DEBUG org.springframework.beans.factory.support.DefaultListableBeanFactory(createBean505) - Finished creating instance of bean 'org.springframework.context.event.internalEventListenerFactory'
 DEBUG org.springframework.beans.factory.support.DefaultListableBeanFactory(getSingleton213) - Creating shared instance of singleton bean 'hikariConfig'
 DEBUG org.springframework.beans.factory.support.DefaultListableBeanFactory(createBean468) - Creating instance of bean 'hikariConfig'
 DEBUG org.springframework.beans.factory.support.DefaultListableBeanFactory(doCreateBean571) - Eagerly caching bean 'hikariConfig' to allow for resolving potential circular references
 DEBUG org.springframework.beans.factory.support.DefaultListableBeanFactory(createBean505) - Finished creating instance of bean 'hikariConfig'
 DEBUG org.springframework.beans.factory.support.DefaultListableBeanFactory(getSingleton213) - Creating shared instance of singleton bean 'dataSource'
 DEBUG org.springframework.beans.factory.support.DefaultListableBeanFactory(createBean468) - Creating instance of bean 'dataSource'
 DEBUG org.springframework.beans.factory.support.DefaultListableBeanFactory(doGetBean254) - Returning cached instance of singleton bean 'hikariConfig'
 INFO  com.zaxxer.hikari.HikariDataSource(<init>80) - HikariPool-1 - Starting...
 INFO  jdbc.connection(connectionOpened541) - 1. Connection opened
 INFO  jdbc.audit(methodReturned175) - 1. Connection.new Connection returned 
 INFO  com.zaxxer.hikari.pool.PoolBase(getAndSetNetworkTimeout516) - HikariPool-1 - Driver does not support get/set network timeout for connections. (Receiver class net.sf.log4jdbc.sql.jdbcapi.ConnectionSpy does not define or inherit an implementation of the resolved method 'abstract int getNetworkTimeout()' of interface java.sql.Connection.)
 INFO  jdbc.audit(methodReturned175) - 1. Connection.setReadOnly(false) returned 
 INFO  jdbc.audit(methodReturned175) - 1. Connection.setAutoCommit(true) returned 
 INFO  jdbc.audit(methodReturned175) - 1. Connection.isValid(1) returned true
 INFO  jdbc.audit(methodReturned175) - 1. Connection.getTransactionIsolation() returned 2
 INFO  com.zaxxer.hikari.HikariDataSource(<init>82) - HikariPool-1 - Start completed.
 DEBUG org.springframework.beans.factory.support.DefaultListableBeanFactory(doCreateBean571) - Eagerly caching bean 'dataSource' to allow for resolving potential circular references
 DEBUG org.springframework.beans.factory.support.DefaultListableBeanFactory(createBean505) - Finished creating instance of bean 'dataSource'
 DEBUG org.springframework.beans.factory.support.DefaultListableBeanFactory(getSingleton213) - Creating shared instance of singleton bean 'sqlSessionFactory'
 DEBUG org.springframework.beans.factory.support.DefaultListableBeanFactory(createBean468) - Creating instance of bean 'sqlSessionFactory'
 DEBUG org.springframework.beans.factory.support.DefaultListableBeanFactory(doCreateBean571) - Eagerly caching bean 'sqlSessionFactory' to allow for resolving potential circular references
 DEBUG org.springframework.beans.factory.support.DefaultListableBeanFactory(doGetBean254) - Returning cached instance of singleton bean 'dataSource'
 DEBUG org.springframework.beans.factory.support.DefaultListableBeanFactory(invokeInitMethods1753) - Invoking afterPropertiesSet() on bean with name 'sqlSessionFactory'
 DEBUG org.springframework.beans.factory.support.DefaultListableBeanFactory(createBean505) - Finished creating instance of bean 'sqlSessionFactory'
 DEBUG org.springframework.beans.factory.support.DefaultListableBeanFactory(getSingleton213) - Creating shared instance of singleton bean 'bookListMapper'
 DEBUG org.springframework.beans.factory.support.DefaultListableBeanFactory(createBean468) - Creating instance of bean 'bookListMapper'
 DEBUG org.springframework.beans.factory.support.DefaultListableBeanFactory(doCreateBean571) - Eagerly caching bean 'bookListMapper' to allow for resolving potential circular references
 DEBUG org.springframework.beans.factory.support.DefaultListableBeanFactory(doGetBean254) - Returning cached instance of singleton bean 'sqlSessionFactory'
 DEBUG org.springframework.beans.factory.support.DefaultListableBeanFactory(autowireByType1437) - Autowiring by type from bean name 'bookListMapper' via property 'sqlSessionFactory' to bean named 'sqlSessionFactory'
 DEBUG org.springframework.beans.factory.support.DefaultListableBeanFactory(invokeInitMethods1753) - Invoking afterPropertiesSet() on bean with name 'bookListMapper'
 INFO  jdbc.connection(connectionOpened541) - 2. Connection opened
 INFO  jdbc.audit(methodReturned175) - 2. Connection.new Connection returned 
 INFO  jdbc.audit(methodReturned175) - 2. Connection.setReadOnly(false) returned 
 INFO  jdbc.audit(methodReturned175) - 2. Connection.setAutoCommit(true) returned 
 INFO  jdbc.connection(connectionOpened541) - 3. Connection opened
 INFO  jdbc.audit(methodReturned175) - 3. Connection.new Connection returned 
[...]
 DEBUG org.springframework.beans.factory.support.DefaultListableBeanFactory(getSingleton213) - Creating shared instance of singleton bean 'mvcPathMatcher'
 DEBUG org.springframework.beans.factory.support.DefaultListableBeanFactory(createBean468) - Creating instance of bean 'mvcPathMatcher'
 DEBUG org.springframework.beans.factory.support.DefaultListableBeanFactory(doCreateBean571) - Eagerly caching bean 'mvcPathMatcher' to allow for resolving potential circular references
 DEBUG org.springframework.beans.factory.support.DefaultListableBeanFactory(createBean505) - Finished creating instance of bean 'mvcPathMatcher'
 DEBUG org.springframework.beans.factory.support.DefaultListableBeanFactory(getSingleton213) - Creating shared instance of singleton bean 'mvcUrlPathHelper'
 DEBUG org.springframework.beans.factory.support.DefaultListableBeanFactory(createBean468) - Creating instance of bean 'mvcUrlPathHelper'
 DEBUG org.springframework.beans.factory.support.DefaultListableBeanFactory(doCreateBean571) - Eagerly caching bean 'mvcUrlPathHelper' to allow for resolving potential circular references
 DEBUG org.springframework.beans.factory.support.DefaultListableBeanFactory(createBean505) - Finished creating instance of bean 'mvcUrlPathHelper'
 DEBUG org.springframework.beans.factory.support.DefaultListableBeanFactory(getSingleton213) - Creating shared instance of singleton bean 'org.springframework.web.servlet.resource.ResourceHttpRequestHandler#0'
 DEBUG org.springframework.beans.factory.support.DefaultListableBeanFactory(createBean468) - Creating instance of bean 'org.springframework.web.servlet.resource.ResourceHttpRequestHandler#0'
 DEBUG org.springframework.beans.factory.support.DefaultListableBeanFactory(doCreateBean571) - Eagerly caching bean 'org.springframework.web.servlet.resource.ResourceHttpRequestHandler#0' to allow for resolving potential circular references
 DEBUG org.springframework.beans.factory.support.DefaultListableBeanFactory(doGetBean254) - Returning cached instance of singleton bean 'mvcUrlPathHelper'
 DEBUG org.springframework.beans.factory.support.DefaultListableBeanFactory(doGetBean254) - Returning cached instance of singleton bean 'mvcContentNegotiationManager'
 DEBUG org.springframework.beans.factory.support.DefaultListableBeanFactory(invokeInitMethods1753) - Invoking afterPropertiesSet() on bean with name 'org.springframework.web.servlet.resource.ResourceHttpRequestHandler#0'
 WARN  org.springframework.context.support.GenericApplicationContext(refresh558) - Exception encountered during context initialization - cancelling refresh attempt: org.springframework.beans.factory.BeanCreationException: Error creating bean with name 'org.springframework.web.servlet.resource.ResourceHttpRequestHandler#0': Invocation of init method failed; nested exception is java.lang.IllegalStateException: WebApplicationObjectSupport instance [ResourceHttpRequestHandler [locations=[class path resource [resources/]], resolvers=[org.springframework.web.servlet.resource.PathResourceResolver@3f0ce0d1]]] does not run in a WebApplicationContext but in: org.springframework.context.support.GenericApplicationContext@30d4b288: startup date [Mon Sep 23 17:46:06 KST 2024]; root of context hierarchy
 DEBUG org.springframework.beans.factory.support.DefaultListableBeanFactory(destroySingletons493) - Destroying singletons in org.springframework.beans.factory.support.DefaultListableBeanFactory@2bac9ba: defining beans [org.springframework.context.annotation.internalConfigurationAnnotationProcessor,org.springframework.context.annotation.internalAutowiredAnnotationProcessor,org.springframework.context.annotation.internalRequiredAnnotationProcessor,org.springframework.context.event.internalEventListenerProcessor,org.springframework.context.event.internalEventListenerFactory,hikariConfig,dataSource,sqlSessionFactory,bookListMapper,categoryMapper,dataBaseExceptionHandlingAspect,dataValidationAspect,exceptionHandlingAspect,loggingAspect,bookListServiceImpl,categoryServiceImpl,org.springframework.aop.config.internalAutoProxyCreator,mvcContentNegotiationManager,org.springframework.web.servlet.mvc.method.annotation.RequestMappingHandlerMapping,mvcCorsConfigurations,org.springframework.format.support.FormattingConversionServiceFactoryBean#0,org.springframework.web.servlet.mvc.method.annotation.RequestMappingHandlerAdapter,mvcUriComponentsContributor,org.springframework.web.servlet.handler.MappedInterceptor#0,org.springframework.web.servlet.mvc.method.annotation.ExceptionHandlerExceptionResolver#0,org.springframework.web.servlet.mvc.annotation.ResponseStatusExceptionResolver#0,org.springframework.web.servlet.mvc.support.DefaultHandlerExceptionResolver#0,org.springframework.web.servlet.handler.BeanNameUrlHandlerMapping,org.springframework.web.servlet.mvc.HttpRequestHandlerAdapter,org.springframework.web.servlet.mvc.SimpleControllerHandlerAdapter,mvcHandlerMappingIntrospector,mvcResourceUrlProvider,org.springframework.web.servlet.handler.MappedInterceptor#1,mvcPathMatcher,mvcUrlPathHelper,org.springframework.web.servlet.resource.ResourceHttpRequestHandler#0,org.springframework.web.servlet.handler.SimpleUrlHandlerMapping#0,org.springframework.web.servlet.view.InternalResourceViewResolver#0,multipartResolver,bookListController,bookListRestController,categoryController,logController]; root of factory hierarchy
 DEBUG org.springframework.beans.factory.support.DefaultListableBeanFactory(destroyBean561) - Retrieved dependent beans for bean '(inner bean)#12d40609': [(inner bean)#52d0f583]
 DEBUG org.springframework.beans.factory.support.DefaultListableBeanFactory(destroyBean561) - Retrieved dependent beans for bean '(inner bean)#52d0f583': [org.springframework.web.servlet.handler.MappedInterceptor#1]
 DEBUG org.springframework.beans.factory.support.DefaultListableBeanFactory(destroyBean561) - Retrieved dependent beans for bean 'sqlSessionFactory': [bookListMapper, categoryMapper]
 DEBUG org.springframework.beans.factory.support.DefaultListableBeanFactory(destroyBean561) - Retrieved dependent beans for bean 'bookListMapper': [bookListServiceImpl]
 DEBUG org.springframework.beans.factory.support.DefaultListableBeanFactory(destroyBean561) - Retrieved dependent beans for bean 'categoryMapper': [categoryServiceImpl]
 DEBUG org.springframework.beans.factory.support.DisposableBeanAdapter(invokeCustomDestroyMethod318) - Invoking destroy method 'close' on bean with name 'dataSource'
 INFO  com.zaxxer.hikari.HikariDataSource(close381) - HikariPool-1 - Shutdown initiated...
 INFO  jdbc.connection(connectionClosed568) - 1. Connection closed
 INFO  jdbc.audit(methodReturned175) - 1. Connection.close() returned 
 INFO  jdbc.connection(connectionClosed568) - 2. Connection closed
 INFO  jdbc.audit(methodReturned175) - 2. Connection.close() returned 
 INFO  jdbc.connection(connectionClosed568) - 3. Connection closed
 INFO  jdbc.audit(methodReturned175) - 3. Connection.close() returned 
 INFO  jdbc.connection(connectionClosed568) - 4. Connection closed
 INFO  jdbc.audit(methodReturned175) - 4. Connection.close() returned 
 INFO  jdbc.connection(connectionClosed568) - 5. Connection closed
 INFO  jdbc.audit(methodReturned175) - 5. Connection.close() returned 
 INFO  jdbc.connection(connectionClosed568) - 6. Connection closed
 INFO  jdbc.audit(methodReturned175) - 6. Connection.close() returned 
 INFO  jdbc.connection(connectionClosed568) - 7. Connection closed
 INFO  jdbc.audit(methodReturned175) - 7. Connection.close() returned 
 INFO  jdbc.connection(connectionClosed568) - 8. Connection closed
 INFO  jdbc.audit(methodReturned175) - 8. Connection.close() returned 
 INFO  jdbc.connection(connectionClosed568) - 9. Connection closed
 INFO  jdbc.audit(methodReturned175) - 9. Connection.close() returned 
 INFO  jdbc.connection(connectionClosed568) - 10. Connection closed
 INFO  jdbc.audit(methodReturned175) - 10. Connection.close() returned 
 INFO  com.zaxxer.hikari.HikariDataSource(close383) - HikariPool-1 - Shutdown completed.
 ERROR org.springframework.test.context.TestContextManager(prepareTestInstance250) - Caught exception while allowing TestExecutionListener [org.springframework.test.context.support.DependencyInjectionTestExecutionListener@16746061] to prepare test instance [kr.co.librarylyh.controller.BookListControllerTests@79145d5a]
java.lang.IllegalStateException: Failed to load ApplicationContext
	at org.springframework.test.context.cache.DefaultCacheAwareContextLoaderDelegate.loadContext(DefaultCacheAwareContextLoaderDelegate.java:125) ~[spring-test-5.0.7.RELEASE.jar:5.0.7.RELEASE]
	at org.springframework.test.context.support.DefaultTestContext.getApplicationContext(DefaultTestContext.java:108) ~[spring-test-5.0.7.RELEASE.jar:5.0.7.RELEASE]
	at org.springframework.test.context.support.DependencyInjectionTestExecutionListener.injectDependencies(DependencyInjectionTestExecutionListener.java:117) ~[spring-test-5.0.7.RELEASE.jar:5.0.7.RELEASE]
	at org.springframework.test.context.support.DependencyInjectionTestExecutionListener.prepareTestInstance(DependencyInjectionTestExecutionListener.java:83) ~[spring-test-5.0.7.RELEASE.jar:5.0.7.RELEASE]
	at org.springframework.test.context.TestContextManager.prepareTestInstance(TestContextManager.java:246) ~[spring-test-5.0.7.RELEASE.jar:5.0.7.RELEASE]
	at org.springframework.test.context.junit4.SpringJUnit4ClassRunner.createTest(SpringJUnit4ClassRunner.java:227) ~[spring-test-5.0.7.RELEASE.jar:5.0.7.RELEASE]
	at org.springframework.test.context.junit4.SpringJUnit4ClassRunner$1.runReflectiveCall(SpringJUnit4ClassRunner.java:289) ~[spring-test-5.0.7.RELEASE.jar:5.0.7.RELEASE]
	at org.junit.internal.runners.model.ReflectiveCallable.run(ReflectiveCallable.java:12) ~[junit-4.12.jar:4.12]
	at org.springframework.test.context.junit4.SpringJUnit4ClassRunner.methodBlock(SpringJUnit4ClassRunner.java:291) ~[spring-test-5.0.7.RELEASE.jar:5.0.7.RELEASE]
	at org.springframework.test.context.junit4.SpringJUnit4ClassRunner.runChild(SpringJUnit4ClassRunner.java:246) ~[spring-test-5.0.7.RELEASE.jar:5.0.7.RELEASE]
	at org.springframework.test.context.junit4.SpringJUnit4ClassRunner.runChild(SpringJUnit4ClassRunner.java:97) ~[spring-test-5.0.7.RELEASE.jar:5.0.7.RELEASE]
	at org.junit.runners.ParentRunner$3.run(ParentRunner.java:290) ~[junit-4.12.jar:4.12]
	at org.junit.runners.ParentRunner$1.schedule(ParentRunner.java:71) ~[junit-4.12.jar:4.12]
	at org.junit.runners.ParentRunner.runChildren(ParentRunner.java:288) ~[junit-4.12.jar:4.12]
	at org.junit.runners.ParentRunner.access$000(ParentRunner.java:58) ~[junit-4.12.jar:4.12]
	at org.junit.runners.ParentRunner$2.evaluate(ParentRunner.java:268) ~[junit-4.12.jar:4.12]
	at org.springframework.test.context.junit4.statements.RunBeforeTestClassCallbacks.evaluate(RunBeforeTestClassCallbacks.java:61) ~[spring-test-5.0.7.RELEASE.jar:5.0.7.RELEASE]
	at org.springframework.test.context.junit4.statements.RunAfterTestClassCallbacks.evaluate(RunAfterTestClassCallbacks.java:70) ~[spring-test-5.0.7.RELEASE.jar:5.0.7.RELEASE]
	at org.junit.runners.ParentRunner.run(ParentRunner.java:363) ~[junit-4.12.jar:4.12]
	at org.springframework.test.context.junit4.SpringJUnit4ClassRunner.run(SpringJUnit4ClassRunner.java:190) ~[spring-test-5.0.7.RELEASE.jar:5.0.7.RELEASE]
	at org.apache.maven.surefire.junit4.JUnit4Provider.execute(JUnit4Provider.java:316) ~[surefire-junit4-3.2.5.jar:3.2.5]
	at org.apache.maven.surefire.junit4.JUnit4Provider.executeWithRerun(JUnit4Provider.java:240) ~[surefire-junit4-3.2.5.jar:3.2.5]
	at org.apache.maven.surefire.junit4.JUnit4Provider.executeTestSet(JUnit4Provider.java:214) ~[surefire-junit4-3.2.5.jar:3.2.5]
	at org.apache.maven.surefire.junit4.JUnit4Provider.invoke(JUnit4Provider.java:155) ~[surefire-junit4-3.2.5.jar:3.2.5]
	at org.apache.maven.surefire.booter.ForkedBooter.runSuitesInProcess(ForkedBooter.java:385) ~[surefire-booter-3.2.5.jar:3.2.5]
	at org.apache.maven.surefire.booter.ForkedBooter.execute(ForkedBooter.java:162) ~[surefire-booter-3.2.5.jar:3.2.5]
	at org.apache.maven.surefire.booter.ForkedBooter.run(ForkedBooter.java:507) ~[surefire-booter-3.2.5.jar:3.2.5]
	at org.apache.maven.surefire.booter.ForkedBooter.main(ForkedBooter.java:495) ~[surefire-booter-3.2.5.jar:3.2.5]
Caused by: org.springframework.beans.factory.BeanCreationException: Error creating bean with name 'org.springframework.web.servlet.resource.ResourceHttpRequestHandler#0': Invocation of init method failed; nested exception is java.lang.IllegalStateException: WebApplicationObjectSupport instance [ResourceHttpRequestHandler [locations=[class path resource [resources/]], resolvers=[org.springframework.web.servlet.resource.PathResourceResolver@3f0ce0d1]]] does not run in a WebApplicationContext but in: org.springframework.context.support.GenericApplicationContext@30d4b288: startup date [Mon Sep 23 17:46:06 KST 2024]; root of context hierarchy
	at org.springframework.beans.factory.support.AbstractAutowireCapableBeanFactory.initializeBean(AbstractAutowireCapableBeanFactory.java:1708) ~[spring-beans-5.0.7.RELEASE.jar:5.0.7.RELEASE]
	at org.springframework.beans.factory.support.AbstractAutowireCapableBeanFactory.doCreateBean(AbstractAutowireCapableBeanFactory.java:581) ~[spring-beans-5.0.7.RELEASE.jar:5.0.7.RELEASE]
	at org.springframework.beans.factory.support.AbstractAutowireCapableBeanFactory.createBean(AbstractAutowireCapableBeanFactory.java:503) ~[spring-beans-5.0.7.RELEASE.jar:5.0.7.RELEASE]
	at org.springframework.beans.factory.support.AbstractBeanFactory.lambda$doGetBean$0(AbstractBeanFactory.java:317) ~[spring-beans-5.0.7.RELEASE.jar:5.0.7.RELEASE]
	at org.springframework.beans.factory.support.DefaultSingletonBeanRegistry.getSingleton(DefaultSingletonBeanRegistry.java:222) ~[spring-beans-5.0.7.RELEASE.jar:5.0.7.RELEASE]
	at org.springframework.beans.factory.support.AbstractBeanFactory.doGetBean(AbstractBeanFactory.java:315) ~[spring-beans-5.0.7.RELEASE.jar:5.0.7.RELEASE]
	at org.springframework.beans.factory.support.AbstractBeanFactory.getBean(AbstractBeanFactory.java:199) ~[spring-beans-5.0.7.RELEASE.jar:5.0.7.RELEASE]
	at org.springframework.beans.factory.support.DefaultListableBeanFactory.preInstantiateSingletons(DefaultListableBeanFactory.java:760) ~[spring-beans-5.0.7.RELEASE.jar:5.0.7.RELEASE]
	at org.springframework.context.support.AbstractApplicationContext.finishBeanFactoryInitialization(AbstractApplicationContext.java:869) ~[spring-context-5.0.7.RELEASE.jar:5.0.7.RELEASE]
	at org.springframework.context.support.AbstractApplicationContext.refresh(AbstractApplicationContext.java:550) ~[spring-context-5.0.7.RELEASE.jar:5.0.7.RELEASE]
	at org.springframework.test.context.support.AbstractGenericContextLoader.loadContext(AbstractGenericContextLoader.java:128) ~[spring-test-5.0.7.RELEASE.jar:5.0.7.RELEASE]
	at org.springframework.test.context.support.AbstractGenericContextLoader.loadContext(AbstractGenericContextLoader.java:60) ~[spring-test-5.0.7.RELEASE.jar:5.0.7.RELEASE]
	at org.springframework.test.context.support.AbstractDelegatingSmartContextLoader.delegateLoading(AbstractDelegatingSmartContextLoader.java:107) ~[spring-test-5.0.7.RELEASE.jar:5.0.7.RELEASE]
	at org.springframework.test.context.support.AbstractDelegatingSmartContextLoader.loadContext(AbstractDelegatingSmartContextLoader.java:243) ~[spring-test-5.0.7.RELEASE.jar:5.0.7.RELEASE]
	at org.springframework.test.context.cache.DefaultCacheAwareContextLoaderDelegate.loadContextInternal(DefaultCacheAwareContextLoaderDelegate.java:99) ~[spring-test-5.0.7.RELEASE.jar:5.0.7.RELEASE]
	at org.springframework.test.context.cache.DefaultCacheAwareContextLoaderDelegate.loadContext(DefaultCacheAwareContextLoaderDelegate.java:117) ~[spring-test-5.0.7.RELEASE.jar:5.0.7.RELEASE]
	... 27 more
Caused by: java.lang.IllegalStateException: WebApplicationObjectSupport instance [ResourceHttpRequestHandler [locations=[class path resource [resources/]], resolvers=[org.springframework.web.servlet.resource.PathResourceResolver@3f0ce0d1]]] does not run in a WebApplicationContext but in: org.springframework.context.support.GenericApplicationContext@30d4b288: startup date [Mon Sep 23 17:46:06 KST 2024]; root of context hierarchy
	at org.springframework.web.context.support.WebApplicationObjectSupport.getWebApplicationContext(WebApplicationObjectSupport.java:114) ~[spring-web-5.0.7.RELEASE.jar:5.0.7.RELEASE]
	at org.springframework.web.context.support.WebApplicationObjectSupport.getServletContext(WebApplicationObjectSupport.java:133) ~[spring-web-5.0.7.RELEASE.jar:5.0.7.RELEASE]
	at org.springframework.web.servlet.resource.ResourceHttpRequestHandler.initContentNegotiationStrategy(ResourceHttpRequestHandler.java:416) ~[spring-webmvc-5.0.7.RELEASE.jar:5.0.7.RELEASE]
	at org.springframework.web.servlet.resource.ResourceHttpRequestHandler.afterPropertiesSet(ResourceHttpRequestHandler.java:334) ~[spring-webmvc-5.0.7.RELEASE.jar:5.0.7.RELEASE]
	at org.springframework.beans.factory.support.AbstractAutowireCapableBeanFactory.invokeInitMethods(AbstractAutowireCapableBeanFactory.java:1767) ~[spring-beans-5.0.7.RELEASE.jar:5.0.7.RELEASE]
	at org.springframework.beans.factory.support.AbstractAutowireCapableBeanFactory.initializeBean(AbstractAutowireCapableBeanFactory.java:1704) ~[spring-beans-5.0.7.RELEASE.jar:5.0.7.RELEASE]
	at org.springframework.beans.factory.support.AbstractAutowireCapableBeanFactory.doCreateBean(AbstractAutowireCapableBeanFactory.java:581) ~[spring-beans-5.0.7.RELEASE.jar:5.0.7.RELEASE]
	at org.springframework.beans.factory.support.AbstractAutowireCapableBeanFactory.createBean(AbstractAutowireCapableBeanFactory.java:503) ~[spring-beans-5.0.7.RELEASE.jar:5.0.7.RELEASE]
	at org.springframework.beans.factory.support.AbstractBeanFactory.lambda$doGetBean$0(AbstractBeanFactory.java:317) ~[spring-beans-5.0.7.RELEASE.jar:5.0.7.RELEASE]
	at org.springframework.beans.factory.support.DefaultSingletonBeanRegistry.getSingleton(DefaultSingletonBeanRegistry.java:222) ~[spring-beans-5.0.7.RELEASE.jar:5.0.7.RELEASE]
	at org.springframework.beans.factory.support.AbstractBeanFactory.doGetBean(AbstractBeanFactory.java:315) ~[spring-beans-5.0.7.RELEASE.jar:5.0.7.RELEASE]
	at org.springframework.beans.factory.support.AbstractBeanFactory.getBean(AbstractBeanFactory.java:199) ~[spring-beans-5.0.7.RELEASE.jar:5.0.7.RELEASE]
	at org.springframework.beans.factory.support.DefaultListableBeanFactory.preInstantiateSingletons(DefaultListableBeanFactory.java:760) ~[spring-beans-5.0.7.RELEASE.jar:5.0.7.RELEASE]
	at org.springframework.context.support.AbstractApplicationContext.finishBeanFactoryInitialization(AbstractApplicationContext.java:869) ~[spring-context-5.0.7.RELEASE.jar:5.0.7.RELEASE]
	at org.springframework.context.support.AbstractApplicationContext.refresh(AbstractApplicationContext.java:550) ~[spring-context-5.0.7.RELEASE.jar:5.0.7.RELEASE]
	at org.springframework.test.context.support.AbstractGenericContextLoader.loadContext(AbstractGenericContextLoader.java:128) ~[spring-test-5.0.7.RELEASE.jar:5.0.7.RELEASE]
	at org.springframework.test.context.support.AbstractGenericContextLoader.loadContext(AbstractGenericContextLoader.java:60) ~[spring-test-5.0.7.RELEASE.jar:5.0.7.RELEASE]
	at org.springframework.test.context.support.AbstractDelegatingSmartContextLoader.delegateLoading(AbstractDelegatingSmartContextLoader.java:107) ~[spring-test-5.0.7.RELEASE.jar:5.0.7.RELEASE]
	at org.springframework.test.context.support.AbstractDelegatingSmartContextLoader.loadContext(AbstractDelegatingSmartContextLoader.java:243) ~[spring-test-5.0.7.RELEASE.jar:5.0.7.RELEASE]
	at org.springframework.test.context.cache.DefaultCacheAwareContextLoaderDelegate.loadContextInternal(DefaultCacheAwareContextLoaderDelegate.java:99) ~[spring-test-5.0.7.RELEASE.jar:5.0.7.RELEASE]
	at org.springframework.test.context.cache.DefaultCacheAwareContextLoaderDelegate.loadContext(DefaultCacheAwareContextLoaderDelegate.java:117) ~[spring-test-5.0.7.RELEASE.jar:5.0.7.RELEASE]
	... 27 more
]]></system-out>
  </testcase>
</testsuite>