<?xml version="1.0" encoding="UTF-8"?>
<testsuite xmlns:xsi="http://www.w3.org/2001/XMLSchema-instance" xsi:noNamespaceSchemaLocation="https://maven.apache.org/surefire/maven-surefire-plugin/xsd/surefire-test-report-3.0.xsd" version="3.0" name="kr.co.librarylyh.mapper.BookListMapperTests" time="0.569" tests="4" errors="2" skipped="0" failures="2">
  <properties>
[...]
</properties>
  <testcase name="testRead" classname="kr.co.librarylyh.mapper.BookListMapperTests" time="0.324">
    <failure type="java.lang.AssertionError"><![CDATA[java.lang.AssertionError
	at org.junit.Assert.fail(Assert.java:86)
	at org.junit.Assert.assertTrue(Assert.java:41)
	at org.junit.Assert.assertNotNull(Assert.java:712)
	at org.junit.Assert.assertNotNull(Assert.java:722)
	at kr.co.librarylyh.mapper.BookListMapperTests.testRead(BookListMapperTests.java:67)
	at java.base/jdk.internal.reflect.NativeMethodAccessorImpl.invoke0(Native Method)
	at java.base/jdk.internal.reflect.NativeMethodAccessorImpl.invoke(NativeMethodAccessorImpl.java:62)
	at java.base/jdk.internal.reflect.DelegatingMethodAccessorImpl.invoke(DelegatingMethodAccessorImpl.java:43)
	at java.base/java.lang.reflect.Method.invoke(Method.java:566)
	at org.junit.runners.model.FrameworkMethod$1.runReflectiveCall(FrameworkMethod.java:50)
	at org.junit.internal.runners.model.ReflectiveCallable.run(ReflectiveCallable.java:12)
	at org.junit.runners.model.FrameworkMethod.invokeExplosively(FrameworkMethod.java:47)
	at org.junit.internal.runners.statements.InvokeMethod.evaluate(InvokeMethod.java:17)
	at org.springframework.test.context.junit4.statements.RunBeforeTestExecutionCallbacks.evaluate(RunBeforeTestExecutionCallbacks.java:73)
	at org.springframework.test.context.junit4.statements.RunAfterTestExecutionCallbacks.evaluate(RunAfterTestExecutionCallbacks.java:83)
	at org.junit.internal.runners.statements.RunBefores.evaluate(RunBefores.java:26)
	at org.springframework.test.context.junit4.statements.RunBeforeTestMethodCallbacks.evaluate(RunBeforeTestMethodCallbacks.java:75)
	at org.springframework.test.context.junit4.statements.RunAfterTestMethodCallbacks.evaluate(RunAfterTestMethodCallbacks.java:86)
	at org.springframework.test.context.junit4.statements.SpringRepeat.evaluate(SpringRepeat.java:84)
	at org.junit.runners.ParentRunner.runLeaf(ParentRunner.java:325)
	at org.springframework.test.context.junit4.SpringJUnit4ClassRunner.runChild(SpringJUnit4ClassRunner.java:251)
	at org.springframework.test.context.junit4.SpringJUnit4ClassRunner.runChild(SpringJUnit4ClassRunner.java:97)
	at org.junit.runners.ParentRunner$3.run(ParentRunner.java:290)
	at org.junit.runners.ParentRunner$1.schedule(ParentRunner.java:71)
	at org.junit.runners.ParentRunner.runChildren(ParentRunner.java:288)
	at org.junit.runners.ParentRunner.access$000(ParentRunner.java:58)
	at org.junit.runners.ParentRunner$2.evaluate(ParentRunner.java:268)
	at org.springframework.test.context.junit4.statements.RunBeforeTestClassCallbacks.evaluate(RunBeforeTestClassCallbacks.java:61)
	at org.springframework.test.context.junit4.statements.RunAfterTestClassCallbacks.evaluate(RunAfterTestClassCallbacks.java:70)
	at org.junit.runners.ParentRunner.run(ParentRunner.java:363)
	at org.springframework.test.context.junit4.SpringJUnit4ClassRunner.run(SpringJUnit4ClassRunner.java:190)
	at org.apache.maven.surefire.junit4.JUnit4Provider.execute(JUnit4Provider.java:316)
	at org.apache.maven.surefire.junit4.JUnit4Provider.executeWithRerun(JUnit4Provider.java:240)
	at org.apache.maven.surefire.junit4.JUnit4Provider.executeTestSet(JUnit4Provider.java:214)
	at org.apache.maven.surefire.junit4.JUnit4Provider.invoke(JUnit4Provider.java:155)
	at org.apache.maven.surefire.booter.ForkedBooter.runSuitesInProcess(ForkedBooter.java:385)
	at org.apache.maven.surefire.booter.ForkedBooter.execute(ForkedBooter.java:162)
	at org.apache.maven.surefire.booter.ForkedBooter.run(ForkedBooter.java:507)
	at org.apache.maven.surefire.booter.ForkedBooter.main(ForkedBooter.java:495)
]]></failure>
    <system-out><![CDATA[ DEBUG org.springframework.test.context.junit4.SpringJUnit4ClassRunner(<init>139) - SpringJUnit4ClassRunner constructor called with [class kr.co.librarylyh.mapper.BookListMapperTests]
 DEBUG org.springframework.test.context.BootstrapUtils(createCacheAwareContextLoaderDelegate97) - Instantiating CacheAwareContextLoaderDelegate from class [org.springframework.test.context.cache.DefaultCacheAwareContextLoaderDelegate]
 DEBUG org.springframework.test.context.BootstrapUtils(createBootstrapContext80) - Instantiating BootstrapContext using constructor [public org.springframework.test.context.support.DefaultBootstrapContext(java.lang.Class,org.springframework.test.context.CacheAwareContextLoaderDelegate)]
 DEBUG org.springframework.test.context.BootstrapUtils(resolveTestContextBootstrapper133) - Instantiating TestContextBootstrapper for test class [kr.co.librarylyh.mapper.BookListMapperTests] from class [org.springframework.test.context.support.DefaultTestContextBootstrapper]
 DEBUG org.springframework.test.context.support.AbstractDelegatingSmartContextLoader(delegateProcessing95) - Delegating to GenericXmlContextLoader to process context configuration [ContextConfigurationAttributes@4aab7195 declaringClass = 'kr.co.librarylyh.mapper.BookListMapperTests', classes = '{}', locations = '{file:src/main/webapp/WEB-INF/spring/root-context.xml}', inheritLocations = true, initializers = '{}', inheritInitializers = true, name = [null], contextLoaderClass = 'org.springframework.test.context.ContextLoader'].
 DEBUG org.springframework.test.context.support.ActiveProfilesUtils(resolveActiveProfiles79) - Could not find an 'annotation declaring class' for annotation type [org.springframework.test.context.ActiveProfiles] and class [kr.co.librarylyh.mapper.BookListMapperTests]
 DEBUG org.springframework.test.context.support.DefaultTestContextBootstrapper(getTestExecutionListeners125) - @TestExecutionListeners is not present for class [kr.co.librarylyh.mapper.BookListMapperTests]: using defaults.
 INFO  org.springframework.test.context.support.DefaultTestContextBootstrapper(getDefaultTestExecutionListenerClassNames248) - Loaded default TestExecutionListener class names from location [META-INF/spring.factories]: [org.springframework.test.context.web.ServletTestExecutionListener, org.springframework.test.context.support.DirtiesContextBeforeModesTestExecutionListener, org.springframework.test.context.support.DependencyInjectionTestExecutionListener, org.springframework.test.context.support.DirtiesContextTestExecutionListener, org.springframework.test.context.transaction.TransactionalTestExecutionListener, org.springframework.test.context.jdbc.SqlScriptsTestExecutionListener]
 INFO  org.springframework.test.context.support.DefaultTestContextBootstrapper(getTestExecutionListeners177) - Using TestExecutionListeners: [org.springframework.test.context.web.ServletTestExecutionListener@6210666c, org.springframework.test.context.support.DirtiesContextBeforeModesTestExecutionListener@1dca62c2, org.springframework.test.context.support.DependencyInjectionTestExecutionListener@52657d5f, org.springframework.test.context.support.DirtiesContextTestExecutionListener@43d3995f, org.springframework.test.context.transaction.TransactionalTestExecutionListener@2211b44f, org.springframework.test.context.jdbc.SqlScriptsTestExecutionListener@6c830ebd]
 DEBUG org.springframework.test.annotation.ProfileValueUtils(retrieveProfileValueSource70) - Retrieved @ProfileValueSourceConfiguration [null] for test class [kr.co.librarylyh.mapper.BookListMapperTests]
 DEBUG org.springframework.test.annotation.ProfileValueUtils(retrieveProfileValueSource83) - Retrieved ProfileValueSource type [class org.springframework.test.annotation.SystemProfileValueSource] for class [kr.co.librarylyh.mapper.BookListMapperTests]
 DEBUG org.springframework.test.annotation.ProfileValueUtils(retrieveProfileValueSource70) - Retrieved @ProfileValueSourceConfiguration [null] for test class [kr.co.librarylyh.mapper.BookListMapperTests]
 DEBUG org.springframework.test.annotation.ProfileValueUtils(retrieveProfileValueSource83) - Retrieved ProfileValueSource type [class org.springframework.test.annotation.SystemProfileValueSource] for class [kr.co.librarylyh.mapper.BookListMapperTests]
 DEBUG org.springframework.test.annotation.ProfileValueUtils(retrieveProfileValueSource70) - Retrieved @ProfileValueSourceConfiguration [null] for test class [kr.co.librarylyh.mapper.BookListMapperTests]
 DEBUG org.springframework.test.annotation.ProfileValueUtils(retrieveProfileValueSource83) - Retrieved ProfileValueSource type [class org.springframework.test.annotation.SystemProfileValueSource] for class [kr.co.librarylyh.mapper.BookListMapperTests]
 DEBUG org.springframework.test.context.support.AbstractDirtiesContextTestExecutionListener(beforeOrAfterTestClass142) - Before test class: context [DefaultTestContext@15f519f7 testClass = BookListMapperTests, testInstance = [null], testMethod = [null], testException = [null], mergedContextConfiguration = [MergedContextConfiguration@4a336377 testClass = BookListMapperTests, locations = '{file:src/main/webapp/WEB-INF/spring/root-context.xml}', classes = '{}', contextInitializerClasses = '[]', activeProfiles = '{}', propertySourceLocations = '{}', propertySourceProperties = '{}', contextCustomizers = set[[empty]], contextLoader = 'org.springframework.test.context.support.DelegatingSmartContextLoader', parent = [null]], attributes = map[[empty]]], class annotated with @DirtiesContext [false] with mode [null].
 DEBUG org.springframework.test.annotation.ProfileValueUtils(retrieveProfileValueSource70) - Retrieved @ProfileValueSourceConfiguration [null] for test class [kr.co.librarylyh.mapper.BookListMapperTests]
 DEBUG org.springframework.test.annotation.ProfileValueUtils(retrieveProfileValueSource83) - Retrieved ProfileValueSource type [class org.springframework.test.annotation.SystemProfileValueSource] for class [kr.co.librarylyh.mapper.BookListMapperTests]
 DEBUG org.springframework.test.context.support.DependencyInjectionTestExecutionListener(prepareTestInstance81) - Performing dependency injection for test context [[DefaultTestContext@15f519f7 testClass = BookListMapperTests, testInstance = kr.co.librarylyh.mapper.BookListMapperTests@65af05b2, testMethod = [null], testException = [null], mergedContextConfiguration = [MergedContextConfiguration@4a336377 testClass = BookListMapperTests, locations = '{file:src/main/webapp/WEB-INF/spring/root-context.xml}', classes = '{}', contextInitializerClasses = '[]', activeProfiles = '{}', propertySourceLocations = '{}', propertySourceProperties = '{}', contextCustomizers = set[[empty]], contextLoader = 'org.springframework.test.context.support.DelegatingSmartContextLoader', parent = [null]], attributes = map[[empty]]]].
 DEBUG org.springframework.test.context.support.AbstractDelegatingSmartContextLoader(delegateLoading105) - Delegating to GenericXmlContextLoader to load context from [MergedContextConfiguration@4a336377 testClass = BookListMapperTests, locations = '{file:src/main/webapp/WEB-INF/spring/root-context.xml}', classes = '{}', contextInitializerClasses = '[]', activeProfiles = '{}', propertySourceLocations = '{}', propertySourceProperties = '{}', contextCustomizers = set[[empty]], contextLoader = 'org.springframework.test.context.support.DelegatingSmartContextLoader', parent = [null]].
 DEBUG org.springframework.test.context.support.AbstractGenericContextLoader(loadContext109) - Loading ApplicationContext for merged context configuration [[MergedContextConfiguration@4a336377 testClass = BookListMapperTests, locations = '{file:src/main/webapp/WEB-INF/spring/root-context.xml}', classes = '{}', contextInitializerClasses = '[]', activeProfiles = '{}', propertySourceLocations = '{}', propertySourceProperties = '{}', contextCustomizers = set[[empty]], contextLoader = 'org.springframework.test.context.support.DelegatingSmartContextLoader', parent = [null]]].
 DEBUG org.springframework.core.env.StandardEnvironment(addLast109) - Adding PropertySource 'systemProperties' with lowest search precedence
 DEBUG org.springframework.core.env.StandardEnvironment(addLast109) - Adding PropertySource 'systemEnvironment' with lowest search precedence
 DEBUG org.springframework.core.env.StandardEnvironment(<init>125) - Initialized StandardEnvironment with PropertySources [MapPropertySource@740986943 {name='systemProperties', properties={sun.desktop=windows, awt.toolkit=sun.awt.windows.WToolkit, java.specification.version=11, sun.cpu.isalist=amd64, sun.jnu.encoding=MS949, java.class.path=D:\workspace\Library\Library\target\test-classes;D:\workspace\Library\Library\target\classes;C:\Users\user\.m2\repository\org\springframework\spring-context\5.0.7.RELEASE\spring-context-5.0.7.RELEASE.jar;C:\Users\user\.m2\repository\org\springframework\spring-aop\5.0.7.RELEASE\spring-aop-5.0.7.RELEASE.jar;C:\Users\user\.m2\repository\org\springframework\spring-beans\5.0.7.RELEASE\spring-beans-5.0.7.RELEASE.jar;C:\Users\user\.m2\repository\org\springframework\spring-core\5.0.7.RELEASE\spring-core-5.0.7.RELEASE.jar;C:\Users\user\.m2\repository\org\springframework\spring-jcl\5.0.7.RELEASE\spring-jcl-5.0.7.RELEASE.jar;C:\Users\user\.m2\repository\org\springframework\spring-expression\5.0.7.RELEASE\spring-expression-5.0.7.RELEASE.jar;C:\Users\user\.m2\repository\org\springframework\spring-webmvc\5.0.7.RELEASE\spring-webmvc-5.0.7.RELEASE.jar;C:\Users\user\.m2\repository\org\springframework\spring-web\5.0.7.RELEASE\spring-web-5.0.7.RELEASE.jar;C:\Users\user\.m2\repository\com\fasterxml\jackson\core\jackson-databind\2.9.4\jackson-databind-2.9.4.jar;C:\Users\user\.m2\repository\com\fasterxml\jackson\core\jackson-annotations\2.9.0\jackson-annotations-2.9.0.jar;C:\Users\user\.m2\repository\com\fasterxml\jackson\core\jackson-core\2.9.4\jackson-core-2.9.4.jar;C:\Users\user\.m2\repository\com\fasterxml\jackson\dataformat\jackson-dataformat-xml\2.9.6\jackson-dataformat-xml-2.9.6.jar;C:\Users\user\.m2\repository\com\fasterxml\jackson\module\jackson-module-jaxb-annotations\2.9.6\jackson-module-jaxb-annotations-2.9.6.jar;C:\Users\user\.m2\repository\org\codehaus\woodstox\stax2-api\3.1.4\stax2-api-3.1.4.jar;C:\Users\user\.m2\repository\com\fasterxml\woodstox\woodstox-core\5.0.3\woodstox-core-5.0.3.jar;C:\Users\user\.m2\repository\com\google\code\gson\gson\2.8.2\gson-2.8.2.jar;C:\Users\user\.m2\repository\org\springframework\spring-test\5.0.7.RELEASE\spring-test-5.0.7.RELEASE.jar;C:\Users\user\.m2\repository\org\projectlombok\lombok\1.18.24\lombok-1.18.24.jar;C:\Users\user\.m2\repository\com\oracle\database\jdbc\ojdbc8\23.2.0.0\ojdbc8-23.2.0.0.jar;C:\Users\user\.m2\repository\com\zaxxer\HikariCP\2.7.9\HikariCP-2.7.9.jar;C:\Users\user\.m2\repository\org\slf4j\slf4j-api\1.7.25\slf4j-api-1.7.25.jar;C:\Users\user\.m2\repository\org\mybatis\mybatis\3.4.6\mybatis-3.4.6.jar;C:\Users\user\.m2\repository\org\mybatis\mybatis-spring\1.3.3\mybatis-spring-1.3.3.jar;C:\Users\user\.m2\repository\org\springframework\spring-tx\5.0.7.RELEASE\spring-tx-5.0.7.RELEASE.jar;C:\Users\user\.m2\repository\org\springframework\spring-jdbc\5.0.7.RELEASE\spring-jdbc-5.0.7.RELEASE.jar;C:\Users\user\.m2\repository\org\bgee\log4jdbc-log4j2\log4jdbc-log4j2-jdbc4\1.16\log4jdbc-log4j2-jdbc4-1.16.jar;C:\Users\user\.m2\repository\org\aspectj\aspectjrt\1.9.0\aspectjrt-1.9.0.jar;C:\Users\user\.m2\repository\org\aspectj\aspectjweaver\1.9.0\aspectjweaver-1.9.0.jar;C:\Users\user\.m2\repository\org\apache\logging\log4j\log4j-api\2.18.0\log4j-api-2.18.0.jar;C:\Users\user\.m2\repository\org\apache\logging\log4j\log4j-core\2.18.0\log4j-core-2.18.0.jar;C:\Users\user\.m2\repository\org\apache\logging\log4j\log4j-slf4j-impl\2.18.0\log4j-slf4j-impl-2.18.0.jar;C:\Users\user\.m2\repository\javax\inject\javax.inject\1\javax.inject-1.jar;C:\Users\user\.m2\repository\net\coobird\thumbnailator\0.4.8\thumbnailator-0.4.8.jar;C:\Users\user\.m2\repository\javax\servlet\javax.servlet-api\3.1.0\javax.servlet-api-3.1.0.jar;C:\Users\user\.m2\repository\javax\servlet\jsp\jsp-api\2.1\jsp-api-2.1.jar;C:\Users\user\.m2\repository\javax\servlet\jstl\1.2\jstl-1.2.jar;C:\Users\user\.m2\repository\junit\junit\4.12\junit-4.12.jar;C:\Users\user\.m2\repository\org\hamcrest\hamcrest-core\1.3\hamcrest-core-1.3.jar;C:\Users\user\.m2\repository\org\quartz-scheduler\quartz\2.3.0\quartz-2.3.0.jar;C:\Users\user\.m2\repository\com\mchange\c3p0\0.9.5.2\c3p0-0.9.5.2.jar;C:\Users\user\.m2\repository\com\mchange\mchange-commons-java\0.2.11\mchange-commons-java-0.2.11.jar;C:\Users\user\.m2\repository\com\zaxxer\HikariCP-java6\2.3.13\HikariCP-java6-2.3.13.jar;C:\Users\user\.m2\repository\org\quartz-scheduler\quartz-jobs\2.3.0\quartz-jobs-2.3.0.jar;C:\Users\user\.m2\repository\commons-fileupload\commons-fileupload\1.3.3\commons-fileupload-1.3.3.jar;C:\Users\user\.m2\repository\commons-io\commons-io\2.2\commons-io-2.2.jar;, java.vm.vendor=Eclipse Adoptium, sun.arch.data.model=64, user.variant=, java.vendor.url=https://adoptium.net/, user.timezone=Asia/Seoul, os.name=Windows 10, java.vm.specification.version=11, sun.java.launcher=SUN_STANDARD, user.country=KR, sun.boot.library.path=D:\JDK\temurin-11.0.24\bin, sun.java.command=C:\Users\user\AppData\Local\Temp\surefire16523614096664670160\surefirebooter-20240923174604044_3.jar C:\Users\user\AppData\Local\Temp\surefire16523614096664670160 2024-09-23T17-46-03_207-jvmRun1 surefire-20240923174604044_1tmp surefire_0-20240923174604044_2tmp, jdk.debug=release, surefire.test.class.path=D:\workspace\Library\Library\target\test-classes;D:\workspace\Library\Library\target\classes;C:\Users\user\.m2\repository\org\springframework\spring-context\5.0.7.RELEASE\spring-context-5.0.7.RELEASE.jar;C:\Users\user\.m2\repository\org\springframework\spring-aop\5.0.7.RELEASE\spring-aop-5.0.7.RELEASE.jar;C:\Users\user\.m2\repository\org\springframework\spring-beans\5.0.7.RELEASE\spring-beans-5.0.7.RELEASE.jar;C:\Users\user\.m2\repository\org\springframework\spring-core\5.0.7.RELEASE\spring-core-5.0.7.RELEASE.jar;C:\Users\user\.m2\repository\org\springframework\spring-jcl\5.0.7.RELEASE\spring-jcl-5.0.7.RELEASE.jar;C:\Users\user\.m2\repository\org\springframework\spring-expression\5.0.7.RELEASE\spring-expression-5.0.7.RELEASE.jar;C:\Users\user\.m2\repository\org\springframework\spring-webmvc\5.0.7.RELEASE\spring-webmvc-5.0.7.RELEASE.jar;C:\Users\user\.m2\repository\org\springframework\spring-web\5.0.7.RELEASE\spring-web-5.0.7.RELEASE.jar;C:\Users\user\.m2\repository\com\fasterxml\jackson\core\jackson-databind\2.9.4\jackson-databind-2.9.4.jar;C:\Users\user\.m2\repository\com\fasterxml\jackson\core\jackson-annotations\2.9.0\jackson-annotations-2.9.0.jar;C:\Users\user\.m2\repository\com\fasterxml\jackson\core\jackson-core\2.9.4\jackson-core-2.9.4.jar;C:\Users\user\.m2\repository\com\fasterxml\jackson\dataformat\jackson-dataformat-xml\2.9.6\jackson-dataformat-xml-2.9.6.jar;C:\Users\user\.m2\repository\com\fasterxml\jackson\module\jackson-module-jaxb-annotations\2.9.6\jackson-module-jaxb-annotations-2.9.6.jar;C:\Users\user\.m2\repository\org\codehaus\woodstox\stax2-api\3.1.4\stax2-api-3.1.4.jar;C:\Users\user\.m2\repository\com\fasterxml\woodstox\woodstox-core\5.0.3\woodstox-core-5.0.3.jar;C:\Users\user\.m2\repository\com\google\code\gson\gson\2.8.2\gson-2.8.2.jar;C:\Users\user\.m2\repository\org\springframework\spring-test\5.0.7.RELEASE\spring-test-5.0.7.RELEASE.jar;C:\Users\user\.m2\repository\org\projectlombok\lombok\1.18.24\lombok-1.18.24.jar;C:\Users\user\.m2\repository\com\oracle\database\jdbc\ojdbc8\23.2.0.0\ojdbc8-23.2.0.0.jar;C:\Users\user\.m2\repository\com\zaxxer\HikariCP\2.7.9\HikariCP-2.7.9.jar;C:\Users\user\.m2\repository\org\slf4j\slf4j-api\1.7.25\slf4j-api-1.7.25.jar;C:\Users\user\.m2\repository\org\mybatis\mybatis\3.4.6\mybatis-3.4.6.jar;C:\Users\user\.m2\repository\org\mybatis\mybatis-spring\1.3.3\mybatis-spring-1.3.3.jar;C:\Users\user\.m2\repository\org\springframework\spring-tx\5.0.7.RELEASE\spring-tx-5.0.7.RELEASE.jar;C:\Users\user\.m2\repository\org\springframework\spring-jdbc\5.0.7.RELEASE\spring-jdbc-5.0.7.RELEASE.jar;C:\Users\user\.m2\repository\org\bgee\log4jdbc-log4j2\log4jdbc-log4j2-jdbc4\1.16\log4jdbc-log4j2-jdbc4-1.16.jar;C:\Users\user\.m2\repository\org\aspectj\aspectjrt\1.9.0\aspectjrt-1.9.0.jar;C:\Users\user\.m2\repository\org\aspectj\aspectjweaver\1.9.0\aspectjweaver-1.9.0.jar;C:\Users\user\.m2\repository\org\apache\logging\log4j\log4j-api\2.18.0\log4j-api-2.18.0.jar;C:\Users\user\.m2\repository\org\apache\logging\log4j\log4j-core\2.18.0\log4j-core-2.18.0.jar;C:\Users\user\.m2\repository\org\apache\logging\log4j\log4j-slf4j-impl\2.18.0\log4j-slf4j-impl-2.18.0.jar;C:\Users\user\.m2\repository\javax\inject\javax.inject\1\javax.inject-1.jar;C:\Users\user\.m2\repository\net\coobird\thumbnailator\0.4.8\thumbnailator-0.4.8.jar;C:\Users\user\.m2\repository\javax\servlet\javax.servlet-api\3.1.0\javax.servlet-api-3.1.0.jar;C:\Users\user\.m2\repository\javax\servlet\jsp\jsp-api\2.1\jsp-api-2.1.jar;C:\Users\user\.m2\repository\javax\servlet\jstl\1.2\jstl-1.2.jar;C:\Users\user\.m2\repository\junit\junit\4.12\junit-4.12.jar;C:\Users\user\.m2\repository\org\hamcrest\hamcrest-core\1.3\hamcrest-core-1.3.jar;C:\Users\user\.m2\repository\org\quartz-scheduler\quartz\2.3.0\quartz-2.3.0.jar;C:\Users\user\.m2\repository\com\mchange\c3p0\0.9.5.2\c3p0-0.9.5.2.jar;C:\Users\user\.m2\repository\com\mchange\mchange-commons-java\0.2.11\mchange-commons-java-0.2.11.jar;C:\Users\user\.m2\repository\com\zaxxer\HikariCP-java6\2.3.13\HikariCP-java6-2.3.13.jar;C:\Users\user\.m2\repository\org\quartz-scheduler\quartz-jobs\2.3.0\quartz-jobs-2.3.0.jar;C:\Users\user\.m2\repository\commons-fileupload\commons-fileupload\1.3.3\commons-fileupload-1.3.3.jar;C:\Users\user\.m2\repository\commons-io\commons-io\2.2\commons-io-2.2.jar;, sun.cpu.endian=little, user.home=C:\Users\user, user.language=ko, java.specification.vendor=Oracle Corporation, java.version.date=2024-07-16, java.home=D:\JDK\temurin-11.0.24, file.separator=\, basedir=D:\workspace\Library\Library, java.vm.compressedOopsMode=Zero based, line.separator=
, java.specification.name=Java Platform API Specification, java.vm.specification.vendor=Oracle Corporation, java.awt.graphicsenv=sun.awt.Win32GraphicsEnvironment, surefire.real.class.path=C:\Users\user\AppData\Local\Temp\surefire16523614096664670160\surefirebooter-20240923174604044_3.jar, user.script=, sun.management.compiler=HotSpot 64-Bit Tiered Compilers, java.runtime.version=11.0.24+8, user.name=user, path.separator=;, os.version=10.0, java.runtime.name=OpenJDK Runtime Environment, file.encoding=MS949, java.vm.name=OpenJDK 64-Bit Server VM, java.vendor.version=Temurin-11.0.24+8, localRepository=C:\Users\user\.m2\repository, java.vendor.url.bug=https://github.com/adoptium/adoptium-support/issues, java.io.tmpdir=C:\Users\user\AppData\Local\Temp\, idea.version=2024.2.1, com.zaxxer.hikari.pool_number=2, java.version=11.0.24, user.dir=D:\workspace\Library\Library, os.arch=amd64, java.vm.specification.name=Java Virtual Machine Specification, java.awt.printerjob=sun.awt.windows.WPrinterJob, sun.os.patch.level=, java.library.path=D:\JDK\temurin-11.0.24\bin;C:\Windows\Sun\Java\bin;C:\Windows\system32;C:\Windows;D:\OracleXE\app\oracle\product\11.2.0\server\bin;;C:\Program Files\Common Files\Oracle\Java\javapath;C:\Program Files (x86)\Razer Chroma SDK\bin;C:\Program Files\Razer Chroma SDK\bin;C:\Program Files (x86)\Razer\ChromaBroadcast\bin;C:\Program Files\Razer\ChromaBroadcast\bin;C:\Program Files (x86)\NAT Service;C:\Windows\system32;C:\Windows;C:\Windows\System32\Wbem;C:\Windows\System32\WindowsPowerShell\v1.0\;C:\Windows\System32\OpenSSH\;C:\Program Files\Bandizip\;C:\Program Files (x86)\NVIDIA Corporation\PhysX\Common;C:\Program Files (x86)\Intel\Intel(R) Management Engine Components\DAL;C:\Program Files\Intel\Intel(R) Management Engine Components\DAL;C:\Program Files\NVIDIA Corporation\NVIDIA NvDLISR;C:\Program Files\dotnet\;C:\Windows\system32\config\systemprofile\AppData\Local\Microsoft\WindowsApps;C:\Program Files\Git\cmd;C:\Program Files\Java\jdk-17\bin\;D:\Gradle\bin;C:\ProgramData\chocolatey\bin;E:\Program Files\nodejs\;E:\Program Files\nodejs;C:\Users\user\AppData\Local\Programs\Python\Python312\Scripts\;C:\Users\user\AppData\Local\Programs\Python\Python312\;E:\Program Files\IntelliJ IDEA 2024.1.4\bin;C:\Users\user\AppData\Local\JetBrains\Toolbox\scripts;E:\Program Files\IntelliJ IDEA 2024.2.1\bin;C:\Users\user\AppData\Roaming\npm;., java.vm.info=mixed mode, java.vendor=Eclipse Adoptium, java.vm.version=11.0.24+8, java.specification.maintenance.version=2, sun.io.unicode.encoding=UnicodeLittle, java.class.version=55.0}}, SystemEnvironmentPropertySource@2102621718 {name='systemEnvironment', properties={PATH=D:\OracleXE\app\oracle\product\11.2.0\server\bin;;C:\Program Files\Common Files\Oracle\Java\javapath;C:\Program Files (x86)\Razer Chroma SDK\bin;C:\Program Files\Razer Chroma SDK\bin;C:\Program Files (x86)\Razer\ChromaBroadcast\bin;C:\Program Files\Razer\ChromaBroadcast\bin;C:\Program Files (x86)\NAT Service;C:\Windows\system32;C:\Windows;C:\Windows\System32\Wbem;C:\Windows\System32\WindowsPowerShell\v1.0\;C:\Windows\System32\OpenSSH\;C:\Program Files\Bandizip\;C:\Program Files (x86)\NVIDIA Corporation\PhysX\Common;C:\Program Files (x86)\Intel\Intel(R) Management Engine Components\DAL;C:\Program Files\Intel\Intel(R) Management Engine Components\DAL;C:\Program Files\NVIDIA Corporation\NVIDIA NvDLISR;C:\Program Files\dotnet\;C:\Windows\system32\config\systemprofile\AppData\Local\Microsoft\WindowsApps;C:\Program Files\Git\cmd;C:\Program Files\Java\jdk-17\bin\;D:\Gradle\bin;C:\ProgramData\chocolatey\bin;E:\Program Files\nodejs\;E:\Program Files\nodejs;C:\Users\user\AppData\Local\Programs\Python\Python312\Scripts\;C:\Users\user\AppData\Local\Programs\Python\Python312\;E:\Program Files\IntelliJ IDEA 2024.1.4\bin;C:\Users\user\AppData\Local\JetBrains\Toolbox\scripts;E:\Program Files\IntelliJ IDEA 2024.2.1\bin;C:\Users\user\AppData\Roaming\npm, USERDOMAIN_ROAMINGPROFILE=DESKTOP-47UBLS7, LOCALAPPDATA=C:\Users\user\AppData\Local, PROCESSOR_LEVEL=6, SYSTEMDRIVE=C:, COMMONPROGRAMFILES(X86)=C:\Program Files (x86)\Common Files, IJ_RESTARTER_LOG=C:\Users\user\AppData\Local\JetBrains\IntelliJIdea2024.2\log\restarter.log, USERDOMAIN=DESKTOP-47UBLS7, LOGONSERVER=\\DESKTOP-47UBLS7, JAVA_HOME=C:\Program Files\Java\jdk-17, PROMPT=$P$G, ALLUSERSPROFILE=C:\ProgramData, PROGRAMFILES(X86)=C:\Program Files (x86), PROCESSOR_ARCHITECTURE=AMD64, __COMPAT_LAYER=RunAsAdmin, DRIVERDATA=C:\Windows\System32\Drivers\DriverData, INTELLIJ IDEA=E:\Program Files\IntelliJ IDEA 2024.2.1\bin;, PROGRAMFILES=C:\Program Files, APPDATA=C:\Users\user\AppData\Roaming, PSMODULEPATH=C:\Program Files\WindowsPowerShell\Modules;C:\Windows\system32\WindowsPowerShell\v1.0\Modules, PROGRAMW6432=C:\Program Files, PROGRAMDATA=C:\ProgramData, SYSTEMROOT=C:\Windows, CHOCOLATEYINSTALL=C:\ProgramData\chocolatey, CHOCOLATEYLASTPATHUPDATE=133697126698811212, USERNAME=user, ONEDRIVE=C:\Users\user\OneDrive, PATHEXT=.COM;.EXE;.BAT;.CMD;.VBS;.VBE;.JS;.JSE;.WSF;.WSH;.MSC, OS=Windows_NT, NODE_HOME=E:\Program Files\nodejs, COMMONPROGRAMW6432=C:\Program Files\Common Files, COMPUTERNAME=DESKTOP-47UBLS7, COMMONPROGRAMFILES=C:\Program Files\Common Files, COMSPEC=C:\Windows\system32\cmd.exe, PROCESSOR_REVISION=9e09, WINDIR=C:\Windows, =D:=D:\workspace\Library\Library, HOMEPATH=\Users\user, TEMP=C:\Users\user\AppData\Local\Temp, HOMEDRIVE=C:, PROCESSOR_IDENTIFIER=Intel64 Family 6 Model 158 Stepping 9, GenuineIntel, USERPROFILE=C:\Users\user, TMP=C:\Users\user\AppData\Local\Temp, PUBLIC=C:\Users\Public, NUMBER_OF_PROCESSORS=8}}]
 INFO  org.springframework.beans.factory.xml.XmlBeanDefinitionReader(loadBeanDefinitions316) - Loading XML bean definitions from URL [file:src/main/webapp/WEB-INF/spring/root-context.xml]
 DEBUG org.springframework.beans.factory.xml.DefaultDocumentLoader(loadDocument74) - Using JAXP provider [com.sun.org.apache.xerces.internal.jaxp.DocumentBuilderFactoryImpl]
 DEBUG org.springframework.beans.factory.xml.PluggableSchemaResolver(getSchemaMappings147) - Loading schema mappings from [META-INF/spring.schemas]
 DEBUG org.springframework.beans.factory.xml.PluggableSchemaResolver(getSchemaMappings153) - Loaded schema mappings: {http://www.springframework.org/schema/context/spring-context-3.2.xsd=org/springframework/context/config/spring-context.xsd, http://www.springframework.org/schema/cache/spring-cache-4.3.xsd=org/springframework/cache/config/spring-cache.xsd, http://www.springframework.org/schema/beans/spring-beans-4.0.xsd=org/springframework/beans/factory/xml/spring-beans.xsd, http://www.springframework.org/schema/context/spring-context-2.5.xsd=org/springframework/context/config/spring-context.xsd, http://www.springframework.org/schema/tx/spring-tx-2.5.xsd=org/springframework/transaction/config/spring-tx.xsd, http://www.springframework.org/schema/tx/spring-tx-3.2.xsd=org/springframework/transaction/config/spring-tx.xsd, http://www.springframework.org/schema/tool/spring-tool-4.3.xsd=org/springframework/beans/factory/xml/spring-tool.xsd, http://www.springframework.org/schema/tool/spring-tool-2.0.xsd=org/springframework/beans/factory/xml/spring-tool.xsd, http://www.springframework.org/schema/util/spring-util-4.2.xsd=org/springframework/beans/factory/xml/spring-util.xsd, http://www.springframework.org/schema/tx/spring-tx-3.0.xsd=org/springframework/transaction/config/spring-tx.xsd, http://www.springframework.org/schema/beans/spring-beans-4.2.xsd=org/springframework/beans/factory/xml/spring-beans.xsd, http://www.springframework.org/schema/cache/spring-cache-4.1.xsd=org/springframework/cache/config/spring-cache.xsd, http://www.springframework.org/schema/mvc/spring-mvc-4.3.xsd=org/springframework/web/servlet/config/spring-mvc.xsd, http://www.springframework.org/schema/lang/spring-lang-3.0.xsd=org/springframework/scripting/config/spring-lang.xsd, http://www.springframework.org/schema/tool/spring-tool-4.1.xsd=org/springframework/beans/factory/xml/spring-tool.xsd, http://www.springframework.org/schema/task/spring-task-4.3.xsd=org/springframework/scheduling/config/spring-task.xsd, http://www.springframework.org/schema/util/spring-util-4.0.xsd=org/springframework/beans/factory/xml/spring-util.xsd, http://www.springframework.org/schema/jdbc/spring-jdbc-4.2.xsd=org/springframework/jdbc/config/spring-jdbc.xsd, http://www.springframework.org/schema/jdbc/spring-jdbc.xsd=org/springframework/jdbc/config/spring-jdbc.xsd, http://www.springframework.org/schema/lang/spring-lang.xsd=org/springframework/scripting/config/spring-lang.xsd, http://www.springframework.org/schema/aop/spring-aop-4.2.xsd=org/springframework/aop/config/spring-aop.xsd, http://www.springframework.org/schema/context/spring-context-4.1.xsd=org/springframework/context/config/spring-context.xsd, http://www.springframework.org/schema/jee/spring-jee-4.2.xsd=org/springframework/ejb/config/spring-jee.xsd, http://www.springframework.org/schema/tool/spring-tool-3.1.xsd=org/springframework/beans/factory/xml/spring-tool.xsd, http://www.springframework.org/schema/jee/spring-jee-4.1.xsd=org/springframework/ejb/config/spring-jee.xsd, http://www.springframework.org/schema/jdbc/spring-jdbc-3.1.xsd=org/springframework/jdbc/config/spring-jdbc.xsd, http://www.springframework.org/schema/aop/spring-aop-4.1.xsd=org/springframework/aop/config/spring-aop.xsd, http://www.springframework.org/schema/util/spring-util.xsd=org/springframework/beans/factory/xml/spring-util.xsd, http://www.springframework.org/schema/mvc/spring-mvc-3.2.xsd=org/springframework/web/servlet/config/spring-mvc.xsd, http://www.springframework.org/schema/lang/spring-lang-4.1.xsd=org/springframework/scripting/config/spring-lang.xsd, http://www.springframework.org/schema/context/spring-context-4.3.xsd=org/springframework/context/config/spring-context.xsd, http://www.springframework.org/schema/lang/spring-lang-2.5.xsd=org/springframework/scripting/config/spring-lang.xsd, http://www.springframework.org/schema/jee/spring-jee.xsd=org/springframework/ejb/config/spring-jee.xsd, http://www.springframework.org/schema/util/spring-util-3.1.xsd=org/springframework/beans/factory/xml/spring-util.xsd, http://www.springframework.org/schema/jee/spring-jee-2.5.xsd=org/springframework/ejb/config/spring-jee.xsd, http://www.springframework.org/schema/mvc/spring-mvc-4.0.xsd=org/springframework/web/servlet/config/spring-mvc.xsd, http://www.springframework.org/schema/task/spring-task-4.0.xsd=org/springframework/scheduling/config/spring-task.xsd, http://www.springframework.org/schema/aop/spring-aop-2.5.xsd=org/springframework/aop/config/spring-aop.xsd, http://www.springframework.org/schema/cache/spring-cache-3.1.xsd=org/springframework/cache/config/spring-cache.xsd, http://www.springframework.org/schema/tool/spring-tool-2.5.xsd=org/springframework/beans/factory/xml/spring-tool.xsd, http://www.springframework.org/schema/task/spring-task-3.2.xsd=org/springframework/scheduling/config/spring-task.xsd, http://www.springframework.org/schema/tx/spring-tx-4.2.xsd=org/springframework/transaction/config/spring-tx.xsd, http://www.springframework.org/schema/aop/spring-aop-3.1.xsd=org/springframework/aop/config/spring-aop.xsd, http://www.springframework.org/schema/lang/spring-lang-4.3.xsd=org/springframework/scripting/config/spring-lang.xsd, http://www.springframework.org/schema/jee/spring-jee-3.1.xsd=org/springframework/ejb/config/spring-jee.xsd, http://www.springframework.org/schema/mvc/spring-mvc-3.0.xsd=org/springframework/web/servlet/config/spring-mvc.xsd, http://www.springframework.org/schema/beans/spring-beans-3.1.xsd=org/springframework/beans/factory/xml/spring-beans.xsd, http://www.springframework.org/schema/tx/spring-tx.xsd=org/springframework/transaction/config/spring-tx.xsd, http://www.springframework.org/schema/lang/spring-lang-2.0.xsd=org/springframework/scripting/config/spring-lang.xsd, http://www.springframework.org/schema/task/spring-task-3.0.xsd=org/springframework/scheduling/config/spring-task.xsd, http://www.springframework.org/schema/context/spring-context-3.0.xsd=org/springframework/context/config/spring-context.xsd, http://www.springframework.org/schema/cache/spring-cache.xsd=org/springframework/cache/config/spring-cache.xsd, http://www.springframework.org/schema/tx/spring-tx-4.0.xsd=org/springframework/transaction/config/spring-tx.xsd, http://www.springframework.org/schema/context/spring-context-4.0.xsd=org/springframework/context/config/spring-context.xsd, http://www.springframework.org/schema/util/spring-util-4.3.xsd=org/springframework/beans/factory/xml/spring-util.xsd, http://www.springframework.org/schema/jee/spring-jee-2.0.xsd=org/springframework/ejb/config/spring-jee.xsd, http://www.springframework.org/schema/aop/spring-aop-2.0.xsd=org/springframework/aop/config/spring-aop.xsd, http://www.springframework.org/schema/jdbc/spring-jdbc-4.3.xsd=org/springframework/jdbc/config/spring-jdbc.xsd, http://www.springframework.org/schema/util/spring-util-2.0.xsd=org/springframework/beans/factory/xml/spring-util.xsd, http://www.springframework.org/schema/cache/spring-cache-4.2.xsd=org/springframework/cache/config/spring-cache.xsd, http://www.springframework.org/schema/context/spring-context-3.1.xsd=org/springframework/context/config/spring-context.xsd, http://www.springframework.org/schema/tx/spring-tx-3.1.xsd=org/springframework/transaction/config/spring-tx.xsd, http://www.springframework.org/schema/tool/spring-tool.xsd=org/springframework/beans/factory/xml/spring-tool.xsd, http://www.springframework.org/schema/beans/spring-beans-3.2.xsd=org/springframework/beans/factory/xml/spring-beans.xsd, http://www.springframework.org/schema/beans/spring-beans-2.5.xsd=org/springframework/beans/factory/xml/spring-beans.xsd, http://mybatis.org/schema/mybatis-spring.xsd=org/mybatis/spring/config/mybatis-spring-1.2.xsd, http://www.springframework.org/schema/beans/spring-beans.xsd=org/springframework/beans/factory/xml/spring-beans.xsd, http://www.springframework.org/schema/tool/spring-tool-4.0.xsd=org/springframework/beans/factory/xml/spring-tool.xsd, http://www.springframework.org/schema/util/spring-util-4.1.xsd=org/springframework/beans/factory/xml/spring-util.xsd, http://mybatis.org/schema/mybatis-spring-1.2.xsd=org/mybatis/spring/config/mybatis-spring-1.2.xsd, http://www.springframework.org/schema/jdbc/spring-jdbc-4.1.xsd=org/springframework/jdbc/config/spring-jdbc.xsd, http://www.springframework.org/schema/context/spring-context-4.2.xsd=org/springframework/context/config/spring-context.xsd, http://www.springframework.org/schema/jee/spring-jee-4.3.xsd=org/springframework/ejb/config/spring-jee.xsd, http://www.springframework.org/schema/aop/spring-aop-4.3.xsd=org/springframework/aop/config/spring-aop.xsd, http://www.springframework.org/schema/beans/spring-beans-4.3.xsd=org/springframework/beans/factory/xml/spring-beans.xsd, http://www.springframework.org/schema/beans/spring-beans-4.1.xsd=org/springframework/beans/factory/xml/spring-beans.xsd, http://www.springframework.org/schema/mvc/spring-mvc-4.2.xsd=org/springframework/web/servlet/config/spring-mvc.xsd, http://www.springframework.org/schema/cache/spring-cache-4.0.xsd=org/springframework/cache/config/spring-cache.xsd, http://www.springframework.org/schema/tool/spring-tool-4.2.xsd=org/springframework/beans/factory/xml/spring-tool.xsd, http://www.springframework.org/schema/util/spring-util-2.5.xsd=org/springframework/beans/factory/xml/spring-util.xsd, http://www.springframework.org/schema/lang/spring-lang-3.1.xsd=org/springframework/scripting/config/spring-lang.xsd, http://www.springframework.org/schema/task/spring-task.xsd=org/springframework/scheduling/config/spring-task.xsd, http://www.springframework.org/schema/task/spring-task-4.2.xsd=org/springframework/scheduling/config/spring-task.xsd, http://www.springframework.org/schema/aop/spring-aop.xsd=org/springframework/aop/config/spring-aop.xsd, http://www.springframework.org/schema/lang/spring-lang-4.0.xsd=org/springframework/scripting/config/spring-lang.xsd, http://www.springframework.org/schema/beans/spring-beans-2.0.xsd=org/springframework/beans/factory/xml/spring-beans.xsd, http://www.springframework.org/schema/task/spring-task-4.1.xsd=org/springframework/scheduling/config/spring-task.xsd, http://www.springframework.org/schema/mvc/spring-mvc-4.1.xsd=org/springframework/web/servlet/config/spring-mvc.xsd, http://www.springframework.org/schema/util/spring-util-3.2.xsd=org/springframework/beans/factory/xml/spring-util.xsd, http://www.springframework.org/schema/cache/spring-cache-3.2.xsd=org/springframework/cache/config/spring-cache.xsd, http://www.springframework.org/schema/lang/spring-lang-3.2.xsd=org/springframework/scripting/config/spring-lang.xsd, http://www.springframework.org/schema/tx/spring-tx-2.0.xsd=org/springframework/transaction/config/spring-tx.xsd, http://www.springframework.org/schema/tx/spring-tx-4.3.xsd=org/springframework/transaction/config/spring-tx.xsd, http://www.springframework.org/schema/jee/spring-jee-3.2.xsd=org/springframework/ejb/config/spring-jee.xsd, http://www.springframework.org/schema/util/spring-util-3.0.xsd=org/springframework/beans/factory/xml/spring-util.xsd, http://www.springframework.org/schema/aop/spring-aop-3.2.xsd=org/springframework/aop/config/spring-aop.xsd, http://www.springframework.org/schema/tool/spring-tool-3.2.xsd=org/springframework/beans/factory/xml/spring-tool.xsd, http://www.springframework.org/schema/mvc/spring-mvc.xsd=org/springframework/web/servlet/config/spring-mvc.xsd, http://www.springframework.org/schema/jdbc/spring-jdbc-4.0.xsd=org/springframework/jdbc/config/spring-jdbc.xsd, http://www.springframework.org/schema/jdbc/spring-jdbc-3.2.xsd=org/springframework/jdbc/config/spring-jdbc.xsd, http://www.springframework.org/schema/context/spring-context.xsd=org/springframework/context/config/spring-context.xsd, http://www.springframework.org/schema/aop/spring-aop-4.0.xsd=org/springframework/aop/config/spring-aop.xsd, http://www.springframework.org/schema/jee/spring-jee-4.0.xsd=org/springframework/ejb/config/spring-jee.xsd, http://www.springframework.org/schema/beans/spring-beans-3.0.xsd=org/springframework/beans/factory/xml/spring-beans.xsd, http://www.springframework.org/schema/mvc/spring-mvc-3.1.xsd=org/springframework/web/servlet/config/spring-mvc.xsd, http://www.springframework.org/schema/jee/spring-jee-3.0.xsd=org/springframework/ejb/config/spring-jee.xsd, http://www.springframework.org/schema/aop/spring-aop-3.0.xsd=org/springframework/aop/config/spring-aop.xsd, http://www.springframework.org/schema/jdbc/spring-jdbc-3.0.xsd=org/springframework/jdbc/config/spring-jdbc.xsd, http://www.springframework.org/schema/task/spring-task-3.1.xsd=org/springframework/scheduling/config/spring-task.xsd, http://www.springframework.org/schema/tx/spring-tx-4.1.xsd=org/springframework/transaction/config/spring-tx.xsd, http://www.springframework.org/schema/lang/spring-lang-4.2.xsd=org/springframework/scripting/config/spring-lang.xsd, http://www.springframework.org/schema/tool/spring-tool-3.0.xsd=org/springframework/beans/factory/xml/spring-tool.xsd}
 DEBUG org.springframework.beans.factory.xml.PluggableSchemaResolver(resolveEntity123) - Found XML schema [http://www.springframework.org/schema/context/spring-context-4.3.xsd] in classpath: org/springframework/context/config/spring-context.xsd
 DEBUG org.springframework.beans.factory.xml.PluggableSchemaResolver(resolveEntity123) - Found XML schema [http://www.springframework.org/schema/tool/spring-tool.xsd] in classpath: org/springframework/beans/factory/xml/spring-tool.xsd
 DEBUG org.springframework.beans.factory.xml.PluggableSchemaResolver(resolveEntity123) - Found XML schema [http://www.springframework.org/schema/aop/spring-aop-4.3.xsd] in classpath: org/springframework/aop/config/spring-aop.xsd
 DEBUG org.springframework.beans.factory.xml.DefaultBeanDefinitionDocumentReader(registerBeanDefinitions96) - Loading bean definitions
 DEBUG org.springframework.beans.factory.xml.DefaultNamespaceHandlerResolver(getHandlerMappings163) - Loaded NamespaceHandler mappings: {http://www.springframework.org/schema/aop=org.springframework.aop.config.AopNamespaceHandler, http://www.springframework.org/schema/task=org.springframework.scheduling.config.TaskNamespaceHandler, http://mybatis.org/schema/mybatis-spring=org.mybatis.spring.config.NamespaceHandler, http://www.springframework.org/schema/lang=org.springframework.scripting.config.LangNamespaceHandler, http://www.springframework.org/schema/c=org.springframework.beans.factory.xml.SimpleConstructorNamespaceHandler, http://www.springframework.org/schema/jee=org.springframework.ejb.config.JeeNamespaceHandler, http://www.springframework.org/schema/cache=org.springframework.cache.config.CacheNamespaceHandler, http://www.springframework.org/schema/jdbc=org.springframework.jdbc.config.JdbcNamespaceHandler, http://www.springframework.org/schema/p=org.springframework.beans.factory.xml.SimplePropertyNamespaceHandler, http://www.springframework.org/schema/util=org.springframework.beans.factory.xml.UtilNamespaceHandler, http://www.springframework.org/schema/tx=org.springframework.transaction.config.TxNamespaceHandler, http://www.springframework.org/schema/context=org.springframework.context.config.ContextNamespaceHandler, http://www.springframework.org/schema/mvc=org.springframework.web.servlet.config.MvcNamespaceHandler}
 DEBUG org.springframework.core.io.support.PathMatchingResourcePatternResolver(findAllClassPathResources321) - Resolved classpath location [kr/co/librarylyh/mapper/] to resources [URL [file:/D:/workspace/Library/Library/target/test-classes/kr/co/librarylyh/mapper/], URL [file:/D:/workspace/Library/Library/target/classes/kr/co/librarylyh/mapper/]]
 DEBUG org.springframework.core.io.support.PathMatchingResourcePatternResolver(doFindMatchingFileSystemResources721) - Looking for matching resources in directory tree [D:\workspace\Library\Library\target\test-classes\kr\co\librarylyh\mapper]
 DEBUG org.springframework.core.io.support.PathMatchingResourcePatternResolver(doRetrieveMatchingFiles783) - Searching directory [D:\workspace\Library\Library\target\test-classes\kr\co\librarylyh\mapper] for files matching pattern [D:/workspace/Library/Library/target/test-classes/kr/co/librarylyh/mapper/**/*.class]
 DEBUG org.springframework.core.io.support.PathMatchingResourcePatternResolver(doFindMatchingFileSystemResources721) - Looking for matching resources in directory tree [D:\workspace\Library\Library\target\classes\kr\co\librarylyh\mapper]
 DEBUG org.springframework.core.io.support.PathMatchingResourcePatternResolver(doRetrieveMatchingFiles783) - Searching directory [D:\workspace\Library\Library\target\classes\kr\co\librarylyh\mapper] for files matching pattern [D:/workspace/Library/Library/target/classes/kr/co/librarylyh/mapper/**/*.class]
 DEBUG org.springframework.core.io.support.PathMatchingResourcePatternResolver(findPathMatchingResources514) - Resolved location pattern [classpath*:kr/co/librarylyh/mapper/**/*.class] to resources [file [D:\workspace\Library\Library\target\test-classes\kr\co\librarylyh\mapper\BookListMapperTests.class], file [D:\workspace\Library\Library\target\classes\kr\co\librarylyh\mapper\BookListMapper.class], file [D:\workspace\Library\Library\target\classes\kr\co\librarylyh\mapper\CategoryMapper.class]]
 DEBUG org.springframework.context.annotation.ClassPathBeanDefinitionScanner(registerDefaultFilters220) - JSR-330 'javax.inject.Named' annotation found and supported for component scanning
 DEBUG org.springframework.core.io.support.PathMatchingResourcePatternResolver(findAllClassPathResources321) - Resolved classpath location [kr/co/librarylyh/aop/] to resources [URL [file:/D:/workspace/Library/Library/target/classes/kr/co/librarylyh/aop/]]
 DEBUG org.springframework.core.io.support.PathMatchingResourcePatternResolver(doFindMatchingFileSystemResources721) - Looking for matching resources in directory tree [D:\workspace\Library\Library\target\classes\kr\co\librarylyh\aop]
 DEBUG org.springframework.core.io.support.PathMatchingResourcePatternResolver(doRetrieveMatchingFiles783) - Searching directory [D:\workspace\Library\Library\target\classes\kr\co\librarylyh\aop] for files matching pattern [D:/workspace/Library/Library/target/classes/kr/co/librarylyh/aop/**/*.class]
 DEBUG org.springframework.core.io.support.PathMatchingResourcePatternResolver(findPathMatchingResources514) - Resolved location pattern [classpath*:kr/co/librarylyh/aop/**/*.class] to resources [file [D:\workspace\Library\Library\target\classes\kr\co\librarylyh\aop\DataBaseExceptionHandlingAspect.class], file [D:\workspace\Library\Library\target\classes\kr\co\librarylyh\aop\DataValidationAspect.class], file [D:\workspace\Library\Library\target\classes\kr\co\librarylyh\aop\ExceptionHandlingAspect.class], file [D:\workspace\Library\Library\target\classes\kr\co\librarylyh\aop\LoggingAspect.class]]
 DEBUG org.springframework.context.annotation.ClassPathBeanDefinitionScanner(scanCandidateComponents437) - Identified candidate component class: file [D:\workspace\Library\Library\target\classes\kr\co\librarylyh\aop\DataBaseExceptionHandlingAspect.class]
 DEBUG org.springframework.context.annotation.ClassPathBeanDefinitionScanner(scanCandidateComponents437) - Identified candidate component class: file [D:\workspace\Library\Library\target\classes\kr\co\librarylyh\aop\DataValidationAspect.class]
 DEBUG org.springframework.context.annotation.ClassPathBeanDefinitionScanner(scanCandidateComponents437) - Identified candidate component class: file [D:\workspace\Library\Library\target\classes\kr\co\librarylyh\aop\ExceptionHandlingAspect.class]
 DEBUG org.springframework.context.annotation.ClassPathBeanDefinitionScanner(scanCandidateComponents437) - Identified candidate component class: file [D:\workspace\Library\Library\target\classes\kr\co\librarylyh\aop\LoggingAspect.class]
 DEBUG org.springframework.core.io.support.PathMatchingResourcePatternResolver(findAllClassPathResources321) - Resolved classpath location [kr/co/librarylyh/domain/] to resources [URL [file:/D:/workspace/Library/Library/target/classes/kr/co/librarylyh/domain/]]
 DEBUG org.springframework.core.io.support.PathMatchingResourcePatternResolver(doFindMatchingFileSystemResources721) - Looking for matching resources in directory tree [D:\workspace\Library\Library\target\classes\kr\co\librarylyh\domain]
 DEBUG org.springframework.core.io.support.PathMatchingResourcePatternResolver(doRetrieveMatchingFiles783) - Searching directory [D:\workspace\Library\Library\target\classes\kr\co\librarylyh\domain] for files matching pattern [D:/workspace/Library/Library/target/classes/kr/co/librarylyh/domain/**/*.class]
 DEBUG org.springframework.core.io.support.PathMatchingResourcePatternResolver(findPathMatchingResources514) - Resolved location pattern [classpath*:kr/co/librarylyh/domain/**/*.class] to resources [file [D:\workspace\Library\Library\target\classes\kr\co\librarylyh\domain\BookListVO.class], file [D:\workspace\Library\Library\target\classes\kr\co\librarylyh\domain\CategoryVO.class], file [D:\workspace\Library\Library\target\classes\kr\co\librarylyh\domain\ListPageDTO.class], file [D:\workspace\Library\Library\target\classes\kr\co\librarylyh\domain\Paging.class]]
 DEBUG org.springframework.core.io.support.PathMatchingResourcePatternResolver(findAllClassPathResources321) - Resolved classpath location [kr/co/librarylyh/service/] to resources [URL [file:/D:/workspace/Library/Library/target/test-classes/kr/co/librarylyh/service/], URL [file:/D:/workspace/Library/Library/target/classes/kr/co/librarylyh/service/]]
 DEBUG org.springframework.core.io.support.PathMatchingResourcePatternResolver(doFindMatchingFileSystemResources721) - Looking for matching resources in directory tree [D:\workspace\Library\Library\target\test-classes\kr\co\librarylyh\service]
 DEBUG org.springframework.core.io.support.PathMatchingResourcePatternResolver(doRetrieveMatchingFiles783) - Searching directory [D:\workspace\Library\Library\target\test-classes\kr\co\librarylyh\service] for files matching pattern [D:/workspace/Library/Library/target/test-classes/kr/co/librarylyh/service/**/*.class]
 DEBUG org.springframework.core.io.support.PathMatchingResourcePatternResolver(doFindMatchingFileSystemResources721) - Looking for matching resources in directory tree [D:\workspace\Library\Library\target\classes\kr\co\librarylyh\service]
 DEBUG org.springframework.core.io.support.PathMatchingResourcePatternResolver(doRetrieveMatchingFiles783) - Searching directory [D:\workspace\Library\Library\target\classes\kr\co\librarylyh\service] for files matching pattern [D:/workspace/Library/Library/target/classes/kr/co/librarylyh/service/**/*.class]
 DEBUG org.springframework.core.io.support.PathMatchingResourcePatternResolver(findPathMatchingResources514) - Resolved location pattern [classpath*:kr/co/librarylyh/service/**/*.class] to resources [file [D:\workspace\Library\Library\target\test-classes\kr\co\librarylyh\service\BookListServiceTests.class], file [D:\workspace\Library\Library\target\classes\kr\co\librarylyh\service\BookListService.class], file [D:\workspace\Library\Library\target\classes\kr\co\librarylyh\service\BookListServiceImpl.class], file [D:\workspace\Library\Library\target\classes\kr\co\librarylyh\service\CategoryService.class], file [D:\workspace\Library\Library\target\classes\kr\co\librarylyh\service\CategoryServiceImpl.class]]
 DEBUG org.springframework.context.annotation.ClassPathBeanDefinitionScanner(scanCandidateComponents437) - Identified candidate component class: file [D:\workspace\Library\Library\target\classes\kr\co\librarylyh\service\BookListServiceImpl.class]
 DEBUG org.springframework.context.annotation.ClassPathBeanDefinitionScanner(scanCandidateComponents437) - Identified candidate component class: file [D:\workspace\Library\Library\target\classes\kr\co\librarylyh\service\CategoryServiceImpl.class]
 DEBUG org.springframework.core.io.support.PathMatchingResourcePatternResolver(findAllClassPathResources321) - Resolved classpath location [kr/co/librarylyh/mapper/] to resources [URL [file:/D:/workspace/Library/Library/target/test-classes/kr/co/librarylyh/mapper/], URL [file:/D:/workspace/Library/Library/target/classes/kr/co/librarylyh/mapper/]]
 DEBUG org.springframework.core.io.support.PathMatchingResourcePatternResolver(doFindMatchingFileSystemResources721) - Looking for matching resources in directory tree [D:\workspace\Library\Library\target\test-classes\kr\co\librarylyh\mapper]
 DEBUG org.springframework.core.io.support.PathMatchingResourcePatternResolver(doRetrieveMatchingFiles783) - Searching directory [D:\workspace\Library\Library\target\test-classes\kr\co\librarylyh\mapper] for files matching pattern [D:/workspace/Library/Library/target/test-classes/kr/co/librarylyh/mapper/**/*.class]
 DEBUG org.springframework.core.io.support.PathMatchingResourcePatternResolver(doFindMatchingFileSystemResources721) - Looking for matching resources in directory tree [D:\workspace\Library\Library\target\classes\kr\co\librarylyh\mapper]
 DEBUG org.springframework.core.io.support.PathMatchingResourcePatternResolver(doRetrieveMatchingFiles783) - Searching directory [D:\workspace\Library\Library\target\classes\kr\co\librarylyh\mapper] for files matching pattern [D:/workspace/Library/Library/target/classes/kr/co/librarylyh/mapper/**/*.class]
 DEBUG org.springframework.core.io.support.PathMatchingResourcePatternResolver(findPathMatchingResources514) - Resolved location pattern [classpath*:kr/co/librarylyh/mapper/**/*.class] to resources [file [D:\workspace\Library\Library\target\test-classes\kr\co\librarylyh\mapper\BookListMapperTests.class], file [D:\workspace\Library\Library\target\classes\kr\co\librarylyh\mapper\BookListMapper.class], file [D:\workspace\Library\Library\target\classes\kr\co\librarylyh\mapper\CategoryMapper.class]]
 DEBUG org.springframework.beans.factory.xml.XmlBeanDefinitionReader(loadBeanDefinitions230) - Loaded 17 bean definitions from location pattern [file:src/main/webapp/WEB-INF/spring/root-context.xml]
 INFO  org.springframework.context.support.GenericApplicationContext(prepareRefresh590) - Refreshing org.springframework.context.support.GenericApplicationContext@11ad095c: startup date [Mon Sep 23 17:46:08 KST 2024]; root of context hierarchy
 DEBUG org.springframework.context.support.GenericApplicationContext(obtainFreshBeanFactory624) - Bean factory for org.springframework.context.support.GenericApplicationContext@11ad095c: org.springframework.beans.factory.support.DefaultListableBeanFactory@69a73867: defining beans [org.springframework.context.annotation.internalConfigurationAnnotationProcessor,org.springframework.context.annotation.internalAutowiredAnnotationProcessor,org.springframework.context.annotation.internalRequiredAnnotationProcessor,org.springframework.context.event.internalEventListenerProcessor,org.springframework.context.event.internalEventListenerFactory,hikariConfig,dataSource,sqlSessionFactory,bookListMapper,categoryMapper,dataBaseExceptionHandlingAspect,dataValidationAspect,exceptionHandlingAspect,loggingAspect,bookListServiceImpl,categoryServiceImpl,org.springframework.aop.config.internalAutoProxyCreator]; root of factory hierarchy
 DEBUG org.springframework.beans.factory.support.DefaultListableBeanFactory(getSingleton213) - Creating shared instance of singleton bean 'org.springframework.context.annotation.internalConfigurationAnnotationProcessor'
 DEBUG org.springframework.beans.factory.support.DefaultListableBeanFactory(createBean468) - Creating instance of bean 'org.springframework.context.annotation.internalConfigurationAnnotationProcessor'
 DEBUG org.springframework.beans.factory.support.DefaultListableBeanFactory(doCreateBean571) - Eagerly caching bean 'org.springframework.context.annotation.internalConfigurationAnnotationProcessor' to allow for resolving potential circular references
 DEBUG org.springframework.beans.factory.support.DefaultListableBeanFactory(createBean505) - Finished creating instance of bean 'org.springframework.context.annotation.internalConfigurationAnnotationProcessor'
 DEBUG org.springframework.beans.factory.support.DefaultListableBeanFactory(getSingleton213) - Creating shared instance of singleton bean 'org.springframework.context.annotation.internalAutowiredAnnotationProcessor'
 DEBUG org.springframework.beans.factory.support.DefaultListableBeanFactory(createBean468) - Creating instance of bean 'org.springframework.context.annotation.internalAutowiredAnnotationProcessor'
 INFO  org.springframework.beans.factory.annotation.AutowiredAnnotationBeanPostProcessor(<init>154) - JSR-330 'javax.inject.Inject' annotation found and supported for autowiring
 DEBUG org.springframework.beans.factory.support.DefaultListableBeanFactory(doCreateBean571) - Eagerly caching bean 'org.springframework.context.annotation.internalAutowiredAnnotationProcessor' to allow for resolving potential circular references
 DEBUG org.springframework.beans.factory.support.DefaultListableBeanFactory(createBean505) - Finished creating instance of bean 'org.springframework.context.annotation.internalAutowiredAnnotationProcessor'
 DEBUG org.springframework.beans.factory.support.DefaultListableBeanFactory(getSingleton213) - Creating shared instance of singleton bean 'org.springframework.context.annotation.internalRequiredAnnotationProcessor'
 DEBUG org.springframework.beans.factory.support.DefaultListableBeanFactory(createBean468) - Creating instance of bean 'org.springframework.context.annotation.internalRequiredAnnotationProcessor'
 DEBUG org.springframework.beans.factory.support.DefaultListableBeanFactory(doCreateBean571) - Eagerly caching bean 'org.springframework.context.annotation.internalRequiredAnnotationProcessor' to allow for resolving potential circular references
 DEBUG org.springframework.beans.factory.support.DefaultListableBeanFactory(createBean505) - Finished creating instance of bean 'org.springframework.context.annotation.internalRequiredAnnotationProcessor'
 DEBUG org.springframework.beans.factory.support.DefaultListableBeanFactory(getSingleton213) - Creating shared instance of singleton bean 'org.springframework.aop.config.internalAutoProxyCreator'
 DEBUG org.springframework.beans.factory.support.DefaultListableBeanFactory(createBean468) - Creating instance of bean 'org.springframework.aop.config.internalAutoProxyCreator'
 DEBUG org.springframework.beans.factory.support.DefaultListableBeanFactory(doCreateBean571) - Eagerly caching bean 'org.springframework.aop.config.internalAutoProxyCreator' to allow for resolving potential circular references
 DEBUG org.springframework.beans.factory.support.DefaultListableBeanFactory(createBean505) - Finished creating instance of bean 'org.springframework.aop.config.internalAutoProxyCreator'
 DEBUG org.springframework.context.support.GenericApplicationContext(initMessageSource741) - Unable to locate MessageSource with name 'messageSource': using default [org.springframework.context.support.DelegatingMessageSource@42b4df5a]
 DEBUG org.springframework.context.support.GenericApplicationContext(initApplicationEventMulticaster765) - Unable to locate ApplicationEventMulticaster with name 'applicationEventMulticaster': using default [org.springframework.context.event.SimpleApplicationEventMulticaster@9f1ca74]
 DEBUG org.springframework.beans.factory.support.DefaultListableBeanFactory(preInstantiateSingletons729) - Pre-instantiating singletons in org.springframework.beans.factory.support.DefaultListableBeanFactory@69a73867: defining beans [org.springframework.context.annotation.internalConfigurationAnnotationProcessor,org.springframework.context.annotation.internalAutowiredAnnotationProcessor,org.springframework.context.annotation.internalRequiredAnnotationProcessor,org.springframework.context.event.internalEventListenerProcessor,org.springframework.context.event.internalEventListenerFactory,hikariConfig,dataSource,sqlSessionFactory,bookListMapper,categoryMapper,dataBaseExceptionHandlingAspect,dataValidationAspect,exceptionHandlingAspect,loggingAspect,bookListServiceImpl,categoryServiceImpl,org.springframework.aop.config.internalAutoProxyCreator]; root of factory hierarchy
 DEBUG org.springframework.beans.factory.support.DefaultListableBeanFactory(doGetBean254) - Returning cached instance of singleton bean 'org.springframework.context.annotation.internalConfigurationAnnotationProcessor'
 DEBUG org.springframework.beans.factory.support.DefaultListableBeanFactory(doGetBean254) - Returning cached instance of singleton bean 'org.springframework.context.annotation.internalAutowiredAnnotationProcessor'
 DEBUG org.springframework.beans.factory.support.DefaultListableBeanFactory(doGetBean254) - Returning cached instance of singleton bean 'org.springframework.context.annotation.internalRequiredAnnotationProcessor'
 DEBUG org.springframework.beans.factory.support.DefaultListableBeanFactory(getSingleton213) - Creating shared instance of singleton bean 'org.springframework.context.event.internalEventListenerProcessor'
 DEBUG org.springframework.beans.factory.support.DefaultListableBeanFactory(createBean468) - Creating instance of bean 'org.springframework.context.event.internalEventListenerProcessor'
 DEBUG org.springframework.aop.aspectj.annotation.ReflectiveAspectJAdvisorFactory(getAdvice243) - Found AspectJ method: public void kr.co.librarylyh.aop.DataBaseExceptionHandlingAspect.handleDatabaseException(org.aspectj.lang.JoinPoint,java.lang.Throwable)
 DEBUG org.springframework.aop.aspectj.annotation.ReflectiveAspectJAdvisorFactory(getAdvice243) - Found AspectJ method: public void kr.co.librarylyh.aop.DataValidationAspect.validateSecurity(org.aspectj.lang.JoinPoint)
 DEBUG org.springframework.aop.aspectj.annotation.ReflectiveAspectJAdvisorFactory(getAdvice243) - Found AspectJ method: public void kr.co.librarylyh.aop.ExceptionHandlingAspect.handleException(org.aspectj.lang.JoinPoint,java.lang.Throwable)
 DEBUG org.springframework.aop.aspectj.annotation.ReflectiveAspectJAdvisorFactory(getAdvice243) - Found AspectJ method: public void kr.co.librarylyh.aop.LoggingAspect.logBefore(org.aspectj.lang.JoinPoint)
 DEBUG org.springframework.aop.aspectj.annotation.ReflectiveAspectJAdvisorFactory(getAdvice243) - Found AspectJ method: public void kr.co.librarylyh.aop.LoggingAspect.logAfterReturning(org.aspectj.lang.JoinPoint,java.lang.Object)
 DEBUG org.springframework.beans.factory.support.DefaultListableBeanFactory(doCreateBean571) - Eagerly caching bean 'org.springframework.context.event.internalEventListenerProcessor' to allow for resolving potential circular references
 DEBUG org.springframework.beans.factory.support.DefaultListableBeanFactory(createBean505) - Finished creating instance of bean 'org.springframework.context.event.internalEventListenerProcessor'
 DEBUG org.springframework.beans.factory.support.DefaultListableBeanFactory(getSingleton213) - Creating shared instance of singleton bean 'org.springframework.context.event.internalEventListenerFactory'
 DEBUG org.springframework.beans.factory.support.DefaultListableBeanFactory(createBean468) - Creating instance of bean 'org.springframework.context.event.internalEventListenerFactory'
 DEBUG org.springframework.beans.factory.support.DefaultListableBeanFactory(doCreateBean571) - Eagerly caching bean 'org.springframework.context.event.internalEventListenerFactory' to allow for resolving potential circular references
 DEBUG org.springframework.beans.factory.support.DefaultListableBeanFactory(createBean505) - Finished creating instance of bean 'org.springframework.context.event.internalEventListenerFactory'
 DEBUG org.springframework.beans.factory.support.DefaultListableBeanFactory(getSingleton213) - Creating shared instance of singleton bean 'hikariConfig'
 DEBUG org.springframework.beans.factory.support.DefaultListableBeanFactory(createBean468) - Creating instance of bean 'hikariConfig'
 DEBUG org.springframework.beans.factory.support.DefaultListableBeanFactory(doCreateBean571) - Eagerly caching bean 'hikariConfig' to allow for resolving potential circular references
 DEBUG org.springframework.beans.factory.support.DefaultListableBeanFactory(createBean505) - Finished creating instance of bean 'hikariConfig'
 DEBUG org.springframework.beans.factory.support.DefaultListableBeanFactory(getSingleton213) - Creating shared instance of singleton bean 'dataSource'
 DEBUG org.springframework.beans.factory.support.DefaultListableBeanFactory(createBean468) - Creating instance of bean 'dataSource'
 DEBUG org.springframework.beans.factory.support.DefaultListableBeanFactory(doGetBean254) - Returning cached instance of singleton bean 'hikariConfig'
 INFO  com.zaxxer.hikari.HikariDataSource(<init>80) - HikariPool-3 - Starting...
 INFO  jdbc.connection(connectionOpened541) - 21. Connection opened
 INFO  jdbc.audit(methodReturned175) - 21. Connection.new Connection returned 
 INFO  com.zaxxer.hikari.pool.PoolBase(getAndSetNetworkTimeout516) - HikariPool-3 - Driver does not support get/set network timeout for connections. (Receiver class net.sf.log4jdbc.sql.jdbcapi.ConnectionSpy does not define or inherit an implementation of the resolved method 'abstract int getNetworkTimeout()' of interface java.sql.Connection.)
 INFO  jdbc.audit(methodReturned175) - 21. Connection.setReadOnly(false) returned 
 INFO  jdbc.audit(methodReturned175) - 21. Connection.setAutoCommit(true) returned 
 INFO  jdbc.audit(methodReturned175) - 21. Connection.isValid(1) returned true
 INFO  jdbc.audit(methodReturned175) - 21. Connection.getTransactionIsolation() returned 2
 INFO  com.zaxxer.hikari.HikariDataSource(<init>82) - HikariPool-3 - Start completed.
 DEBUG org.springframework.beans.factory.support.DefaultListableBeanFactory(doCreateBean571) - Eagerly caching bean 'dataSource' to allow for resolving potential circular references
 DEBUG org.springframework.beans.factory.support.DefaultListableBeanFactory(createBean505) - Finished creating instance of bean 'dataSource'
 DEBUG org.springframework.beans.factory.support.DefaultListableBeanFactory(getSingleton213) - Creating shared instance of singleton bean 'sqlSessionFactory'
 DEBUG org.springframework.beans.factory.support.DefaultListableBeanFactory(createBean468) - Creating instance of bean 'sqlSessionFactory'
 DEBUG org.springframework.beans.factory.support.DefaultListableBeanFactory(doCreateBean571) - Eagerly caching bean 'sqlSessionFactory' to allow for resolving potential circular references
 DEBUG org.springframework.beans.factory.support.DefaultListableBeanFactory(doGetBean254) - Returning cached instance of singleton bean 'dataSource'
 DEBUG org.springframework.beans.factory.support.DefaultListableBeanFactory(invokeInitMethods1753) - Invoking afterPropertiesSet() on bean with name 'sqlSessionFactory'
 DEBUG org.springframework.beans.factory.support.DefaultListableBeanFactory(createBean505) - Finished creating instance of bean 'sqlSessionFactory'
 DEBUG org.springframework.beans.factory.support.DefaultListableBeanFactory(getSingleton213) - Creating shared instance of singleton bean 'bookListMapper'
 DEBUG org.springframework.beans.factory.support.DefaultListableBeanFactory(createBean468) - Creating instance of bean 'bookListMapper'
 DEBUG org.springframework.beans.factory.support.DefaultListableBeanFactory(doCreateBean571) - Eagerly caching bean 'bookListMapper' to allow for resolving potential circular references
 DEBUG org.springframework.beans.factory.support.DefaultListableBeanFactory(doGetBean254) - Returning cached instance of singleton bean 'sqlSessionFactory'
 DEBUG org.springframework.beans.factory.support.DefaultListableBeanFactory(autowireByType1437) - Autowiring by type from bean name 'bookListMapper' via property 'sqlSessionFactory' to bean named 'sqlSessionFactory'
 DEBUG org.springframework.beans.factory.support.DefaultListableBeanFactory(invokeInitMethods1753) - Invoking afterPropertiesSet() on bean with name 'bookListMapper'
 DEBUG org.springframework.beans.factory.support.DefaultListableBeanFactory(createBean505) - Finished creating instance of bean 'bookListMapper'
 DEBUG org.springframework.beans.factory.support.DefaultListableBeanFactory(getSingleton213) - Creating shared instance of singleton bean 'categoryMapper'
 DEBUG org.springframework.beans.factory.support.DefaultListableBeanFactory(createBean468) - Creating instance of bean 'categoryMapper'
 DEBUG org.springframework.beans.factory.support.DefaultListableBeanFactory(doCreateBean571) - Eagerly caching bean 'categoryMapper' to allow for resolving potential circular references
 DEBUG org.springframework.beans.factory.support.DefaultListableBeanFactory(doGetBean254) - Returning cached instance of singleton bean 'sqlSessionFactory'
 DEBUG org.springframework.beans.factory.support.DefaultListableBeanFactory(autowireByType1437) - Autowiring by type from bean name 'categoryMapper' via property 'sqlSessionFactory' to bean named 'sqlSessionFactory'
 DEBUG org.springframework.beans.factory.support.DefaultListableBeanFactory(invokeInitMethods1753) - Invoking afterPropertiesSet() on bean with name 'categoryMapper'
 DEBUG org.springframework.beans.factory.support.DefaultListableBeanFactory(createBean505) - Finished creating instance of bean 'categoryMapper'
 DEBUG org.springframework.beans.factory.support.DefaultListableBeanFactory(getSingleton213) - Creating shared instance of singleton bean 'dataBaseExceptionHandlingAspect'
 DEBUG org.springframework.beans.factory.support.DefaultListableBeanFactory(createBean468) - Creating instance of bean 'dataBaseExceptionHandlingAspect'
 DEBUG org.springframework.beans.factory.annotation.InjectionMetadata(checkConfigMembers74) - Registered injected element on class [kr.co.librarylyh.aop.DataBaseExceptionHandlingAspect]: AutowiredFieldElement for private kr.co.librarylyh.aop.LoggingAspect kr.co.librarylyh.aop.DataBaseExceptionHandlingAspect.loggingAspect
 DEBUG org.springframework.beans.factory.support.DefaultListableBeanFactory(doCreateBean571) - Eagerly caching bean 'dataBaseExceptionHandlingAspect' to allow for resolving potential circular references
 DEBUG org.springframework.beans.factory.annotation.InjectionMetadata(inject89) - Processing injected element of bean 'dataBaseExceptionHandlingAspect': AutowiredFieldElement for private kr.co.librarylyh.aop.LoggingAspect kr.co.librarylyh.aop.DataBaseExceptionHandlingAspect.loggingAspect
 DEBUG org.springframework.beans.factory.support.DefaultListableBeanFactory(getSingleton213) - Creating shared instance of singleton bean 'loggingAspect'
 DEBUG org.springframework.beans.factory.support.DefaultListableBeanFactory(createBean468) - Creating instance of bean 'loggingAspect'
 DEBUG org.springframework.beans.factory.support.DefaultListableBeanFactory(doCreateBean571) - Eagerly caching bean 'loggingAspect' to allow for resolving potential circular references
 DEBUG org.springframework.beans.factory.support.DefaultListableBeanFactory(createBean505) - Finished creating instance of bean 'loggingAspect'
 DEBUG org.springframework.beans.factory.annotation.AutowiredAnnotationBeanPostProcessor(registerDependentBeans530) - Autowiring by type from bean name 'dataBaseExceptionHandlingAspect' to bean named 'loggingAspect'
 DEBUG org.springframework.beans.factory.support.DefaultListableBeanFactory(createBean505) - Finished creating instance of bean 'dataBaseExceptionHandlingAspect'
 DEBUG org.springframework.beans.factory.support.DefaultListableBeanFactory(getSingleton213) - Creating shared instance of singleton bean 'dataValidationAspect'
 DEBUG org.springframework.beans.factory.support.DefaultListableBeanFactory(createBean468) - Creating instance of bean 'dataValidationAspect'
 DEBUG org.springframework.beans.factory.annotation.InjectionMetadata(checkConfigMembers74) - Registered injected element on class [kr.co.librarylyh.aop.DataValidationAspect]: AutowiredFieldElement for private kr.co.librarylyh.aop.LoggingAspect kr.co.librarylyh.aop.DataValidationAspect.loggingAspect
 DEBUG org.springframework.beans.factory.support.DefaultListableBeanFactory(doCreateBean571) - Eagerly caching bean 'dataValidationAspect' to allow for resolving potential circular references
 DEBUG org.springframework.beans.factory.annotation.InjectionMetadata(inject89) - Processing injected element of bean 'dataValidationAspect': AutowiredFieldElement for private kr.co.librarylyh.aop.LoggingAspect kr.co.librarylyh.aop.DataValidationAspect.loggingAspect
 DEBUG org.springframework.beans.factory.support.DefaultListableBeanFactory(doGetBean254) - Returning cached instance of singleton bean 'loggingAspect'
 DEBUG org.springframework.beans.factory.annotation.AutowiredAnnotationBeanPostProcessor(registerDependentBeans530) - Autowiring by type from bean name 'dataValidationAspect' to bean named 'loggingAspect'
 DEBUG org.springframework.beans.factory.support.DefaultListableBeanFactory(createBean505) - Finished creating instance of bean 'dataValidationAspect'
 DEBUG org.springframework.beans.factory.support.DefaultListableBeanFactory(getSingleton213) - Creating shared instance of singleton bean 'exceptionHandlingAspect'
 DEBUG org.springframework.beans.factory.support.DefaultListableBeanFactory(createBean468) - Creating instance of bean 'exceptionHandlingAspect'
 DEBUG org.springframework.beans.factory.annotation.InjectionMetadata(checkConfigMembers74) - Registered injected element on class [kr.co.librarylyh.aop.ExceptionHandlingAspect]: AutowiredFieldElement for private kr.co.librarylyh.aop.LoggingAspect kr.co.librarylyh.aop.ExceptionHandlingAspect.loggingAspect
 DEBUG org.springframework.beans.factory.support.DefaultListableBeanFactory(doCreateBean571) - Eagerly caching bean 'exceptionHandlingAspect' to allow for resolving potential circular references
 DEBUG org.springframework.beans.factory.annotation.InjectionMetadata(inject89) - Processing injected element of bean 'exceptionHandlingAspect': AutowiredFieldElement for private kr.co.librarylyh.aop.LoggingAspect kr.co.librarylyh.aop.ExceptionHandlingAspect.loggingAspect
 DEBUG org.springframework.beans.factory.support.DefaultListableBeanFactory(doGetBean254) - Returning cached instance of singleton bean 'loggingAspect'
 DEBUG org.springframework.beans.factory.annotation.AutowiredAnnotationBeanPostProcessor(registerDependentBeans530) - Autowiring by type from bean name 'exceptionHandlingAspect' to bean named 'loggingAspect'
 DEBUG org.springframework.beans.factory.support.DefaultListableBeanFactory(createBean505) - Finished creating instance of bean 'exceptionHandlingAspect'
 DEBUG org.springframework.beans.factory.support.DefaultListableBeanFactory(doGetBean254) - Returning cached instance of singleton bean 'loggingAspect'
 DEBUG org.springframework.beans.factory.support.DefaultListableBeanFactory(getSingleton213) - Creating shared instance of singleton bean 'bookListServiceImpl'
 DEBUG org.springframework.beans.factory.support.DefaultListableBeanFactory(createBean468) - Creating instance of bean 'bookListServiceImpl'
 DEBUG org.springframework.beans.factory.annotation.InjectionMetadata(checkConfigMembers74) - Registered injected element on class [kr.co.librarylyh.service.BookListServiceImpl]: AutowiredMethodElement for public void kr.co.librarylyh.service.BookListServiceImpl.setMapper(kr.co.librarylyh.mapper.BookListMapper)
 DEBUG org.springframework.beans.factory.support.DefaultListableBeanFactory(doCreateBean571) - Eagerly caching bean 'bookListServiceImpl' to allow for resolving potential circular references
 DEBUG org.springframework.beans.factory.annotation.InjectionMetadata(inject89) - Processing injected element of bean 'bookListServiceImpl': AutowiredMethodElement for public void kr.co.librarylyh.service.BookListServiceImpl.setMapper(kr.co.librarylyh.mapper.BookListMapper)
 DEBUG org.springframework.beans.factory.support.DefaultListableBeanFactory(doGetBean254) - Returning cached instance of singleton bean 'bookListMapper'
 DEBUG org.springframework.aop.aspectj.annotation.AnnotationAwareAspectJAutoProxyCreator(buildAdvisors531) - Creating implicit proxy for bean 'bookListMapper' with 0 common interceptors and 4 specific interceptors
 DEBUG org.springframework.aop.framework.JdkDynamicAopProxy(getProxy119) - Creating JDK dynamic proxy: target source is SingletonTargetSource for target object [com.sun.proxy.$Proxy57@419f0ea]
 DEBUG org.springframework.beans.factory.annotation.AutowiredAnnotationBeanPostProcessor(registerDependentBeans530) - Autowiring by type from bean name 'bookListServiceImpl' to bean named 'bookListMapper'
 DEBUG org.springframework.aop.aspectj.annotation.AnnotationAwareAspectJAutoProxyCreator(buildAdvisors531) - Creating implicit proxy for bean 'bookListServiceImpl' with 0 common interceptors and 5 specific interceptors
 DEBUG org.springframework.aop.framework.CglibAopProxy(getProxy161) - Creating CGLIB proxy: target source is SingletonTargetSource for target object [kr.co.librarylyh.service.BookListServiceImpl@2d47b06]
 DEBUG org.springframework.beans.factory.support.DefaultListableBeanFactory(createBean505) - Finished creating instance of bean 'bookListServiceImpl'
 DEBUG org.springframework.beans.factory.support.DefaultListableBeanFactory(getSingleton213) - Creating shared instance of singleton bean 'categoryServiceImpl'
 DEBUG org.springframework.beans.factory.support.DefaultListableBeanFactory(createBean468) - Creating instance of bean 'categoryServiceImpl'
 DEBUG org.springframework.beans.factory.annotation.InjectionMetadata(checkConfigMembers74) - Registered injected element on class [kr.co.librarylyh.service.CategoryServiceImpl]: AutowiredMethodElement for public void kr.co.librarylyh.service.CategoryServiceImpl.setCategoryMapper(kr.co.librarylyh.mapper.CategoryMapper)
 DEBUG org.springframework.beans.factory.support.DefaultListableBeanFactory(doCreateBean571) - Eagerly caching bean 'categoryServiceImpl' to allow for resolving potential circular references
 DEBUG org.springframework.beans.factory.annotation.InjectionMetadata(inject89) - Processing injected element of bean 'categoryServiceImpl': AutowiredMethodElement for public void kr.co.librarylyh.service.CategoryServiceImpl.setCategoryMapper(kr.co.librarylyh.mapper.CategoryMapper)
 DEBUG org.springframework.beans.factory.support.DefaultListableBeanFactory(doGetBean254) - Returning cached instance of singleton bean 'categoryMapper'
 DEBUG org.springframework.aop.aspectj.annotation.AnnotationAwareAspectJAutoProxyCreator(buildAdvisors531) - Creating implicit proxy for bean 'categoryMapper' with 0 common interceptors and 4 specific interceptors
 DEBUG org.springframework.aop.framework.JdkDynamicAopProxy(getProxy119) - Creating JDK dynamic proxy: target source is SingletonTargetSource for target object [com.sun.proxy.$Proxy59@3c544c9]
 DEBUG org.springframework.beans.factory.annotation.AutowiredAnnotationBeanPostProcessor(registerDependentBeans530) - Autowiring by type from bean name 'categoryServiceImpl' to bean named 'categoryMapper'
 DEBUG org.springframework.aop.aspectj.annotation.AnnotationAwareAspectJAutoProxyCreator(buildAdvisors531) - Creating implicit proxy for bean 'categoryServiceImpl' with 0 common interceptors and 5 specific interceptors
 DEBUG org.springframework.aop.framework.CglibAopProxy(getProxy161) - Creating CGLIB proxy: target source is SingletonTargetSource for target object [kr.co.librarylyh.service.CategoryServiceImpl@22e813fc]
 DEBUG org.springframework.beans.factory.support.DefaultListableBeanFactory(createBean505) - Finished creating instance of bean 'categoryServiceImpl'
 DEBUG org.springframework.beans.factory.support.DefaultListableBeanFactory(doGetBean254) - Returning cached instance of singleton bean 'org.springframework.aop.config.internalAutoProxyCreator'
[...]
	at org.springframework.aop.framework.ReflectiveMethodInvocation.invokeJoinpoint(ReflectiveMethodInvocation.java:197) ~[spring-aop-5.0.7.RELEASE.jar:5.0.7.RELEASE]
	at org.springframework.aop.framework.ReflectiveMethodInvocation.proceed(ReflectiveMethodInvocation.java:163) ~[spring-aop-5.0.7.RELEASE.jar:5.0.7.RELEASE]
	at org.springframework.aop.framework.adapter.MethodBeforeAdviceInterceptor.invoke(MethodBeforeAdviceInterceptor.java:52) ~[spring-aop-5.0.7.RELEASE.jar:5.0.7.RELEASE]
	at org.springframework.aop.framework.ReflectiveMethodInvocation.proceed(ReflectiveMethodInvocation.java:185) ~[spring-aop-5.0.7.RELEASE.jar:5.0.7.RELEASE]
	at org.springframework.aop.framework.adapter.AfterReturningAdviceInterceptor.invoke(AfterReturningAdviceInterceptor.java:52) ~[spring-aop-5.0.7.RELEASE.jar:5.0.7.RELEASE]
	at org.springframework.aop.framework.ReflectiveMethodInvocation.proceed(ReflectiveMethodInvocation.java:185) ~[spring-aop-5.0.7.RELEASE.jar:5.0.7.RELEASE]
	at org.springframework.aop.aspectj.AspectJAfterThrowingAdvice.invoke(AspectJAfterThrowingAdvice.java:62) ~[spring-aop-5.0.7.RELEASE.jar:5.0.7.RELEASE]
	at org.springframework.aop.framework.ReflectiveMethodInvocation.proceed(ReflectiveMethodInvocation.java:174) ~[spring-aop-5.0.7.RELEASE.jar:5.0.7.RELEASE]
	at org.springframework.aop.interceptor.ExposeInvocationInterceptor.invoke(ExposeInvocationInterceptor.java:92) ~[spring-aop-5.0.7.RELEASE.jar:5.0.7.RELEASE]
	at org.springframework.aop.framework.ReflectiveMethodInvocation.proceed(ReflectiveMethodInvocation.java:185) ~[spring-aop-5.0.7.RELEASE.jar:5.0.7.RELEASE]
	at org.springframework.aop.framework.JdkDynamicAopProxy.invoke(JdkDynamicAopProxy.java:212) ~[spring-aop-5.0.7.RELEASE.jar:5.0.7.RELEASE]
	at com.sun.proxy.$Proxy58.update(Unknown Source) ~[?:?]
	at kr.co.librarylyh.mapper.BookListMapperTests.testUpdate(BookListMapperTests.java:76) ~[test-classes/:?]
	at jdk.internal.reflect.NativeMethodAccessorImpl.invoke0(Native Method) ~[?:?]
	at jdk.internal.reflect.NativeMethodAccessorImpl.invoke(NativeMethodAccessorImpl.java:62) ~[?:?]
	at jdk.internal.reflect.DelegatingMethodAccessorImpl.invoke(DelegatingMethodAccessorImpl.java:43) ~[?:?]
	at java.lang.reflect.Method.invoke(Method.java:566) ~[?:?]
	at org.junit.runners.model.FrameworkMethod$1.runReflectiveCall(FrameworkMethod.java:50) ~[junit-4.12.jar:4.12]
	at org.junit.internal.runners.model.ReflectiveCallable.run(ReflectiveCallable.java:12) ~[junit-4.12.jar:4.12]
	at org.junit.runners.model.FrameworkMethod.invokeExplosively(FrameworkMethod.java:47) ~[junit-4.12.jar:4.12]
	at org.junit.internal.runners.statements.InvokeMethod.evaluate(InvokeMethod.java:17) ~[junit-4.12.jar:4.12]
	at org.springframework.test.context.junit4.statements.RunBeforeTestExecutionCallbacks.evaluate(RunBeforeTestExecutionCallbacks.java:73) ~[spring-test-5.0.7.RELEASE.jar:5.0.7.RELEASE]
	at org.springframework.test.context.junit4.statements.RunAfterTestExecutionCallbacks.evaluate(RunAfterTestExecutionCallbacks.java:83) ~[spring-test-5.0.7.RELEASE.jar:5.0.7.RELEASE]
	at org.junit.internal.runners.statements.RunBefores.evaluate(RunBefores.java:26) ~[junit-4.12.jar:4.12]
	at org.springframework.test.context.junit4.statements.RunBeforeTestMethodCallbacks.evaluate(RunBeforeTestMethodCallbacks.java:75) ~[spring-test-5.0.7.RELEASE.jar:5.0.7.RELEASE]
	at org.springframework.test.context.junit4.statements.RunAfterTestMethodCallbacks.evaluate(RunAfterTestMethodCallbacks.java:86) ~[spring-test-5.0.7.RELEASE.jar:5.0.7.RELEASE]
	at org.springframework.test.context.junit4.statements.SpringRepeat.evaluate(SpringRepeat.java:84) ~[spring-test-5.0.7.RELEASE.jar:5.0.7.RELEASE]
	at org.junit.runners.ParentRunner.runLeaf(ParentRunner.java:325) ~[junit-4.12.jar:4.12]
	at org.springframework.test.context.junit4.SpringJUnit4ClassRunner.runChild(SpringJUnit4ClassRunner.java:251) ~[spring-test-5.0.7.RELEASE.jar:5.0.7.RELEASE]
	at org.springframework.test.context.junit4.SpringJUnit4ClassRunner.runChild(SpringJUnit4ClassRunner.java:97) ~[spring-test-5.0.7.RELEASE.jar:5.0.7.RELEASE]
	at org.junit.runners.ParentRunner$3.run(ParentRunner.java:290) ~[junit-4.12.jar:4.12]
	at org.junit.runners.ParentRunner$1.schedule(ParentRunner.java:71) ~[junit-4.12.jar:4.12]
	at org.junit.runners.ParentRunner.runChildren(ParentRunner.java:288) ~[junit-4.12.jar:4.12]
	at org.junit.runners.ParentRunner.access$000(ParentRunner.java:58) ~[junit-4.12.jar:4.12]
	at org.junit.runners.ParentRunner$2.evaluate(ParentRunner.java:268) ~[junit-4.12.jar:4.12]
	at org.springframework.test.context.junit4.statements.RunBeforeTestClassCallbacks.evaluate(RunBeforeTestClassCallbacks.java:61) ~[spring-test-5.0.7.RELEASE.jar:5.0.7.RELEASE]
	at org.springframework.test.context.junit4.statements.RunAfterTestClassCallbacks.evaluate(RunAfterTestClassCallbacks.java:70) ~[spring-test-5.0.7.RELEASE.jar:5.0.7.RELEASE]
	at org.junit.runners.ParentRunner.run(ParentRunner.java:363) ~[junit-4.12.jar:4.12]
	at org.springframework.test.context.junit4.SpringJUnit4ClassRunner.run(SpringJUnit4ClassRunner.java:190) ~[spring-test-5.0.7.RELEASE.jar:5.0.7.RELEASE]
	at org.apache.maven.surefire.junit4.JUnit4Provider.execute(JUnit4Provider.java:316) ~[surefire-junit4-3.2.5.jar:3.2.5]
	at org.apache.maven.surefire.junit4.JUnit4Provider.executeWithRerun(JUnit4Provider.java:240) ~[surefire-junit4-3.2.5.jar:3.2.5]
	at org.apache.maven.surefire.junit4.JUnit4Provider.executeTestSet(JUnit4Provider.java:214) ~[surefire-junit4-3.2.5.jar:3.2.5]
	at org.apache.maven.surefire.junit4.JUnit4Provider.invoke(JUnit4Provider.java:155) ~[surefire-junit4-3.2.5.jar:3.2.5]
	at org.apache.maven.surefire.booter.ForkedBooter.runSuitesInProcess(ForkedBooter.java:385) ~[surefire-booter-3.2.5.jar:3.2.5]
	at org.apache.maven.surefire.booter.ForkedBooter.execute(ForkedBooter.java:162) ~[surefire-booter-3.2.5.jar:3.2.5]
	at org.apache.maven.surefire.booter.ForkedBooter.run(ForkedBooter.java:507) ~[surefire-booter-3.2.5.jar:3.2.5]
	at org.apache.maven.surefire.booter.ForkedBooter.main(ForkedBooter.java:495) ~[surefire-booter-3.2.5.jar:3.2.5]
Caused by: oracle.jdbc.OracleDatabaseException: ORA-00904: "STAR5COUNT": invalid identifier

	at oracle.jdbc.driver.T4CTTIoer11.processError(T4CTTIoer11.java:710) ~[ojdbc8-23.2.0.0.jar:23.2.0.0.0]
	... 83 more
 ERROR jdbc.sqltiming(exceptionOccured154) - 21. PreparedStatement.execute() FAILED! UPDATE book_tbl SET book = '수정된 책 제목', bookDescription = '<Reader of length 9>', price = 10000, 
bookCount = 5, averageRating = 4.5, rentalAvailable = 'Y', pageCount = 300, weight = '100kg', 
bookSize = '100M', star1Count = '5%', star2Count = '10%', star3Count = '15%', star4Count = 
'20%', star5Count = '50%', reviewCount = 185 WHERE isbn13 = 1234567890123 
 {FAILED after 1 msec}
java.sql.SQLSyntaxErrorException: ORA-00904: "STAR5COUNT": invalid identifier

	at oracle.jdbc.driver.T4CTTIoer11.processError(T4CTTIoer11.java:702) ~[ojdbc8-23.2.0.0.jar:23.2.0.0.0]
	at oracle.jdbc.driver.T4CTTIoer11.processError(T4CTTIoer11.java:608) ~[ojdbc8-23.2.0.0.jar:23.2.0.0.0]
	at oracle.jdbc.driver.T4C8Oall.processError(T4C8Oall.java:1248) ~[ojdbc8-23.2.0.0.jar:23.2.0.0.0]
	at oracle.jdbc.driver.T4CTTIfun.receive(T4CTTIfun.java:1041) ~[ojdbc8-23.2.0.0.jar:23.2.0.0.0]
	at oracle.jdbc.driver.T4CTTIfun.doRPC(T4CTTIfun.java:443) ~[ojdbc8-23.2.0.0.jar:23.2.0.0.0]
	at oracle.jdbc.driver.T4C8Oall.doOALL(T4C8Oall.java:518) ~[ojdbc8-23.2.0.0.jar:23.2.0.0.0]
	at oracle.jdbc.driver.T4CPreparedStatement.doOall8(T4CPreparedStatement.java:251) ~[ojdbc8-23.2.0.0.jar:23.2.0.0.0]
	at oracle.jdbc.driver.T4CPreparedStatement.executeForRows(T4CPreparedStatement.java:1181) ~[ojdbc8-23.2.0.0.jar:23.2.0.0.0]
	at oracle.jdbc.driver.OracleStatement.executeSQLStatement(OracleStatement.java:1571) ~[ojdbc8-23.2.0.0.jar:23.2.0.0.0]
	at oracle.jdbc.driver.OracleStatement.doExecuteWithTimeout(OracleStatement.java:1345) ~[ojdbc8-23.2.0.0.jar:23.2.0.0.0]
	at oracle.jdbc.driver.OraclePreparedStatement.executeInternal(OraclePreparedStatement.java:3728) ~[ojdbc8-23.2.0.0.jar:23.2.0.0.0]
	at oracle.jdbc.driver.OraclePreparedStatement.execute(OraclePreparedStatement.java:3938) ~[ojdbc8-23.2.0.0.jar:23.2.0.0.0]
	at oracle.jdbc.driver.OraclePreparedStatementWrapper.execute(OraclePreparedStatementWrapper.java:1011) ~[ojdbc8-23.2.0.0.jar:23.2.0.0.0]
	at net.sf.log4jdbc.sql.jdbcapi.PreparedStatementSpy.execute(PreparedStatementSpy.java:443) ~[log4jdbc-log4j2-jdbc4-1.16.jar:?]
	at com.zaxxer.hikari.pool.ProxyPreparedStatement.execute(ProxyPreparedStatement.java:44) ~[HikariCP-2.7.9.jar:?]
	at com.zaxxer.hikari.pool.HikariProxyPreparedStatement.execute(HikariProxyPreparedStatement.java) ~[HikariCP-2.7.9.jar:?]
	at org.apache.ibatis.executor.statement.PreparedStatementHandler.update(PreparedStatementHandler.java:46) ~[mybatis-3.4.6.jar:3.4.6]
	at org.apache.ibatis.executor.statement.RoutingStatementHandler.update(RoutingStatementHandler.java:74) ~[mybatis-3.4.6.jar:3.4.6]
	at org.apache.ibatis.executor.SimpleExecutor.doUpdate(SimpleExecutor.java:50) ~[mybatis-3.4.6.jar:3.4.6]
	at org.apache.ibatis.executor.BaseExecutor.update(BaseExecutor.java:117) ~[mybatis-3.4.6.jar:3.4.6]
	at org.apache.ibatis.executor.CachingExecutor.update(CachingExecutor.java:76) ~[mybatis-3.4.6.jar:3.4.6]
	at org.apache.ibatis.session.defaults.DefaultSqlSession.update(DefaultSqlSession.java:198) ~[mybatis-3.4.6.jar:3.4.6]
	at jdk.internal.reflect.NativeMethodAccessorImpl.invoke0(Native Method) ~[?:?]
	at jdk.internal.reflect.NativeMethodAccessorImpl.invoke(NativeMethodAccessorImpl.java:62) ~[?:?]
	at jdk.internal.reflect.DelegatingMethodAccessorImpl.invoke(DelegatingMethodAccessorImpl.java:43) ~[?:?]
	at java.lang.reflect.Method.invoke(Method.java:566) ~[?:?]
	at org.mybatis.spring.SqlSessionTemplate$SqlSessionInterceptor.invoke(SqlSessionTemplate.java:433) ~[mybatis-spring-1.3.3.jar:1.3.3]
	at com.sun.proxy.$Proxy54.update(Unknown Source) ~[?:?]
	at org.mybatis.spring.SqlSessionTemplate.update(SqlSessionTemplate.java:294) ~[mybatis-spring-1.3.3.jar:1.3.3]
	at org.apache.ibatis.binding.MapperMethod.execute(MapperMethod.java:63) ~[mybatis-3.4.6.jar:3.4.6]
	at org.apache.ibatis.binding.MapperProxy.invoke(MapperProxy.java:59) ~[mybatis-3.4.6.jar:3.4.6]
	at com.sun.proxy.$Proxy57.update(Unknown Source) ~[?:?]
	at jdk.internal.reflect.NativeMethodAccessorImpl.invoke0(Native Method) ~[?:?]
	at jdk.internal.reflect.NativeMethodAccessorImpl.invoke(NativeMethodAccessorImpl.java:62) ~[?:?]
	at jdk.internal.reflect.DelegatingMethodAccessorImpl.invoke(DelegatingMethodAccessorImpl.java:43) ~[?:?]
	at java.lang.reflect.Method.invoke(Method.java:566) ~[?:?]
	at org.springframework.aop.support.AopUtils.invokeJoinpointUsingReflection(AopUtils.java:343) ~[spring-aop-5.0.7.RELEASE.jar:5.0.7.RELEASE]
	at org.springframework.aop.framework.ReflectiveMethodInvocation.invokeJoinpoint(ReflectiveMethodInvocation.java:197) ~[spring-aop-5.0.7.RELEASE.jar:5.0.7.RELEASE]
	at org.springframework.aop.framework.ReflectiveMethodInvocation.proceed(ReflectiveMethodInvocation.java:163) ~[spring-aop-5.0.7.RELEASE.jar:5.0.7.RELEASE]
	at org.springframework.aop.framework.adapter.MethodBeforeAdviceInterceptor.invoke(MethodBeforeAdviceInterceptor.java:52) ~[spring-aop-5.0.7.RELEASE.jar:5.0.7.RELEASE]
	at org.springframework.aop.framework.ReflectiveMethodInvocation.proceed(ReflectiveMethodInvocation.java:185) ~[spring-aop-5.0.7.RELEASE.jar:5.0.7.RELEASE]
	at org.springframework.aop.framework.adapter.AfterReturningAdviceInterceptor.invoke(AfterReturningAdviceInterceptor.java:52) ~[spring-aop-5.0.7.RELEASE.jar:5.0.7.RELEASE]
	at org.springframework.aop.framework.ReflectiveMethodInvocation.proceed(ReflectiveMethodInvocation.java:185) ~[spring-aop-5.0.7.RELEASE.jar:5.0.7.RELEASE]
	at org.springframework.aop.aspectj.AspectJAfterThrowingAdvice.invoke(AspectJAfterThrowingAdvice.java:62) ~[spring-aop-5.0.7.RELEASE.jar:5.0.7.RELEASE]
	at org.springframework.aop.framework.ReflectiveMethodInvocation.proceed(ReflectiveMethodInvocation.java:174) ~[spring-aop-5.0.7.RELEASE.jar:5.0.7.RELEASE]
	at org.springframework.aop.interceptor.ExposeInvocationInterceptor.invoke(ExposeInvocationInterceptor.java:92) ~[spring-aop-5.0.7.RELEASE.jar:5.0.7.RELEASE]
	at org.springframework.aop.framework.ReflectiveMethodInvocation.proceed(ReflectiveMethodInvocation.java:185) ~[spring-aop-5.0.7.RELEASE.jar:5.0.7.RELEASE]
	at org.springframework.aop.framework.JdkDynamicAopProxy.invoke(JdkDynamicAopProxy.java:212) ~[spring-aop-5.0.7.RELEASE.jar:5.0.7.RELEASE]
	at com.sun.proxy.$Proxy58.update(Unknown Source) ~[?:?]
	at kr.co.librarylyh.mapper.BookListMapperTests.testUpdate(BookListMapperTests.java:76) ~[test-classes/:?]
	at jdk.internal.reflect.NativeMethodAccessorImpl.invoke0(Native Method) ~[?:?]
	at jdk.internal.reflect.NativeMethodAccessorImpl.invoke(NativeMethodAccessorImpl.java:62) ~[?:?]
	at jdk.internal.reflect.DelegatingMethodAccessorImpl.invoke(DelegatingMethodAccessorImpl.java:43) ~[?:?]
	at java.lang.reflect.Method.invoke(Method.java:566) ~[?:?]
	at org.junit.runners.model.FrameworkMethod$1.runReflectiveCall(FrameworkMethod.java:50) ~[junit-4.12.jar:4.12]
	at org.junit.internal.runners.model.ReflectiveCallable.run(ReflectiveCallable.java:12) ~[junit-4.12.jar:4.12]
	at org.junit.runners.model.FrameworkMethod.invokeExplosively(FrameworkMethod.java:47) ~[junit-4.12.jar:4.12]
	at org.junit.internal.runners.statements.InvokeMethod.evaluate(InvokeMethod.java:17) ~[junit-4.12.jar:4.12]
	at org.springframework.test.context.junit4.statements.RunBeforeTestExecutionCallbacks.evaluate(RunBeforeTestExecutionCallbacks.java:73) ~[spring-test-5.0.7.RELEASE.jar:5.0.7.RELEASE]
	at org.springframework.test.context.junit4.statements.RunAfterTestExecutionCallbacks.evaluate(RunAfterTestExecutionCallbacks.java:83) ~[spring-test-5.0.7.RELEASE.jar:5.0.7.RELEASE]
	at org.junit.internal.runners.statements.RunBefores.evaluate(RunBefores.java:26) ~[junit-4.12.jar:4.12]
	at org.springframework.test.context.junit4.statements.RunBeforeTestMethodCallbacks.evaluate(RunBeforeTestMethodCallbacks.java:75) ~[spring-test-5.0.7.RELEASE.jar:5.0.7.RELEASE]
	at org.springframework.test.context.junit4.statements.RunAfterTestMethodCallbacks.evaluate(RunAfterTestMethodCallbacks.java:86) ~[spring-test-5.0.7.RELEASE.jar:5.0.7.RELEASE]
	at org.springframework.test.context.junit4.statements.SpringRepeat.evaluate(SpringRepeat.java:84) ~[spring-test-5.0.7.RELEASE.jar:5.0.7.RELEASE]
	at org.junit.runners.ParentRunner.runLeaf(ParentRunner.java:325) ~[junit-4.12.jar:4.12]
	at org.springframework.test.context.junit4.SpringJUnit4ClassRunner.runChild(SpringJUnit4ClassRunner.java:251) ~[spring-test-5.0.7.RELEASE.jar:5.0.7.RELEASE]
	at org.springframework.test.context.junit4.SpringJUnit4ClassRunner.runChild(SpringJUnit4ClassRunner.java:97) ~[spring-test-5.0.7.RELEASE.jar:5.0.7.RELEASE]
	at org.junit.runners.ParentRunner$3.run(ParentRunner.java:290) ~[junit-4.12.jar:4.12]
	at org.junit.runners.ParentRunner$1.schedule(ParentRunner.java:71) ~[junit-4.12.jar:4.12]
	at org.junit.runners.ParentRunner.runChildren(ParentRunner.java:288) ~[junit-4.12.jar:4.12]
	at org.junit.runners.ParentRunner.access$000(ParentRunner.java:58) ~[junit-4.12.jar:4.12]
	at org.junit.runners.ParentRunner$2.evaluate(ParentRunner.java:268) ~[junit-4.12.jar:4.12]
	at org.springframework.test.context.junit4.statements.RunBeforeTestClassCallbacks.evaluate(RunBeforeTestClassCallbacks.java:61) ~[spring-test-5.0.7.RELEASE.jar:5.0.7.RELEASE]
	at org.springframework.test.context.junit4.statements.RunAfterTestClassCallbacks.evaluate(RunAfterTestClassCallbacks.java:70) ~[spring-test-5.0.7.RELEASE.jar:5.0.7.RELEASE]
	at org.junit.runners.ParentRunner.run(ParentRunner.java:363) ~[junit-4.12.jar:4.12]
	at org.springframework.test.context.junit4.SpringJUnit4ClassRunner.run(SpringJUnit4ClassRunner.java:190) ~[spring-test-5.0.7.RELEASE.jar:5.0.7.RELEASE]
	at org.apache.maven.surefire.junit4.JUnit4Provider.execute(JUnit4Provider.java:316) ~[surefire-junit4-3.2.5.jar:3.2.5]
	at org.apache.maven.surefire.junit4.JUnit4Provider.executeWithRerun(JUnit4Provider.java:240) ~[surefire-junit4-3.2.5.jar:3.2.5]
	at org.apache.maven.surefire.junit4.JUnit4Provider.executeTestSet(JUnit4Provider.java:214) ~[surefire-junit4-3.2.5.jar:3.2.5]
	at org.apache.maven.surefire.junit4.JUnit4Provider.invoke(JUnit4Provider.java:155) ~[surefire-junit4-3.2.5.jar:3.2.5]
	at org.apache.maven.surefire.booter.ForkedBooter.runSuitesInProcess(ForkedBooter.java:385) ~[surefire-booter-3.2.5.jar:3.2.5]
	at org.apache.maven.surefire.booter.ForkedBooter.execute(ForkedBooter.java:162) ~[surefire-booter-3.2.5.jar:3.2.5]
	at org.apache.maven.surefire.booter.ForkedBooter.run(ForkedBooter.java:507) ~[surefire-booter-3.2.5.jar:3.2.5]
	at org.apache.maven.surefire.booter.ForkedBooter.main(ForkedBooter.java:495) ~[surefire-booter-3.2.5.jar:3.2.5]
Caused by: oracle.jdbc.OracleDatabaseException: ORA-00904: "STAR5COUNT": invalid identifier

	at oracle.jdbc.driver.T4CTTIoer11.processError(T4CTTIoer11.java:710) ~[ojdbc8-23.2.0.0.jar:23.2.0.0.0]
	... 83 more
 INFO  jdbc.audit(methodReturned175) - 21. PreparedStatement.isClosed() returned false
 INFO  jdbc.audit(methodReturned175) - 21. PreparedStatement.close() returned 
 DEBUG org.springframework.jdbc.datasource.DataSourceUtils(doReleaseConnection340) - Returning JDBC Connection to DataSource
 INFO  jdbc.audit(methodReturned175) - 21. Connection.clearWarnings() returned 
 DEBUG org.springframework.jdbc.support.SQLErrorCodeSQLExceptionTranslator(logTranslation402) - Translating SQLException with SQL state '42000', error code '904', message [ORA-00904: "STAR5COUNT": invalid identifier
] for task [
### Error updating database.  Cause: java.sql.SQLSyntaxErrorException: ORA-00904: "STAR5COUNT": invalid identifier

### The error may involve defaultParameterMap
### The error occurred while setting parameters
### SQL: UPDATE book_tbl SET book = ?, bookDescription = ?, price = ?, bookCount = ?,     averageRating = ?, rentalAvailable = ?, pageCount = ?, weight = ?, bookSize = ?,     star1Count = ?, star2Count = ?, star3Count = ?, star4Count = ?, star5Count = ?, reviewCount = ? WHERE isbn13 = ?
### Cause: java.sql.SQLSyntaxErrorException: ORA-00904: "STAR5COUNT": invalid identifier

]
 DEBUG org.springframework.test.context.support.AbstractDirtiesContextTestExecutionListener(beforeOrAfterTestMethod107) - After test method: context [DefaultTestContext@15f519f7 testClass = BookListMapperTests, testInstance = kr.co.librarylyh.mapper.BookListMapperTests@2d2f09a4, testMethod = testUpdate@BookListMapperTests, testException = org.springframework.jdbc.BadSqlGrammarException: 
### Error updating database.  Cause: java.sql.SQLSyntaxErrorException: ORA-00904: "STAR5COUNT": invalid identifier

### The error may involve defaultParameterMap
### The error occurred while setting parameters
### SQL: UPDATE book_tbl SET book = ?, bookDescription = ?, price = ?, bookCount = ?,     averageRating = ?, rentalAvailable = ?, pageCount = ?, weight = ?, bookSize = ?,     star1Count = ?, star2Count = ?, star3Count = ?, star4Count = ?, star5Count = ?, reviewCount = ? WHERE isbn13 = ?
### Cause: java.sql.SQLSyntaxErrorException: ORA-00904: "STAR5COUNT": invalid identifier

; bad SQL grammar []; nested exception is java.sql.SQLSyntaxErrorException: ORA-00904: "STAR5COUNT": invalid identifier
, mergedContextConfiguration = [MergedContextConfiguration@4a336377 testClass = BookListMapperTests, locations = '{file:src/main/webapp/WEB-INF/spring/root-context.xml}', classes = '{}', contextInitializerClasses = '[]', activeProfiles = '{}', propertySourceLocations = '{}', propertySourceProperties = '{}', contextCustomizers = set[[empty]], contextLoader = 'org.springframework.test.context.support.DelegatingSmartContextLoader', parent = [null]], attributes = map[[empty]]], class annotated with @DirtiesContext [false] with mode [null], method annotated with @DirtiesContext [false] with mode [null].
]]></system-out>
  </testcase>
</testsuite>